# gmm-acc-stats-ali exp/mono/29.mdl "ark,s,cs:apply-cmvn  --utt2spk=ark:data/train/split1/1/utt2spk scp:data/train/split1/1/cmvn.scp scp:data/train/split1/1/feats.scp ark:- | add-deltas  ark:- ark:- |" "ark:gunzip -c exp/mono/ali.1.gz|" exp/mono/29.1.acc 
# Started at Wed Apr 15 04:24:14 JST 2020
#
gmm-acc-stats-ali exp/mono/29.mdl 'ark,s,cs:apply-cmvn  --utt2spk=ark:data/train/split1/1/utt2spk scp:data/train/split1/1/cmvn.scp scp:data/train/split1/1/feats.scp ark:- | add-deltas  ark:- ark:- |' 'ark:gunzip -c exp/mono/ali.1.gz|' exp/mono/29.1.acc 
add-deltas ark:- ark:- 
apply-cmvn --utt2spk=ark:data/train/split1/1/utt2spk scp:data/train/split1/1/cmvn.scp scp:data/train/split1/1/feats.scp ark:- 
LOG (gmm-acc-stats-ali[5.5.669~1-b1d80]:main():gmm-acc-stats-ali.cc:105) Processed 50 utterances; for utterance sp01-1一桂右 avg. like is -74.2393 over 192 frames.
LOG (gmm-acc-stats-ali[5.5.669~1-b1d80]:main():gmm-acc-stats-ali.cc:105) Processed 100 utterances; for utterance sp01-1一銀右成 avg. like is -73.3362 over 254 frames.
LOG (gmm-acc-stats-ali[5.5.669~1-b1d80]:main():gmm-acc-stats-ali.cc:105) Processed 150 utterances; for utterance sp01-1七と avg. like is -80.0926 over 147 frames.
LOG (gmm-acc-stats-ali[5.5.669~1-b1d80]:main():gmm-acc-stats-ali.cc:105) Processed 200 utterances; for utterance sp01-1七杏直 avg. like is -68.8029 over 235 frames.
LOG (gmm-acc-stats-ali[5.5.669~1-b1d80]:main():gmm-acc-stats-ali.cc:105) Processed 250 utterances; for utterance sp01-1七銀右引不成 avg. like is -67.6444 over 339 frames.
LOG (gmm-acc-stats-ali[5.5.669~1-b1d80]:main():gmm-acc-stats-ali.cc:105) Processed 300 utterances; for utterance sp01-1三と右上 avg. like is -66.3577 over 240 frames.
LOG (gmm-acc-stats-ali[5.5.669~1-b1d80]:main():gmm-acc-stats-ali.cc:105) Processed 350 utterances; for utterance sp01-1三桂右不成 avg. like is -72.633 over 262 frames.
LOG (gmm-acc-stats-ali[5.5.669~1-b1d80]:main():gmm-acc-stats-ali.cc:105) Processed 400 utterances; for utterance sp01-1三銀右不成 avg. like is -68.1903 over 264 frames.
LOG (gmm-acc-stats-ali[5.5.669~1-b1d80]:main():gmm-acc-stats-ali.cc:105) Processed 450 utterances; for utterance sp01-1三馬打 avg. like is -73.8154 over 186 frames.
LOG (gmm-acc-stats-ali[5.5.669~1-b1d80]:main():gmm-acc-stats-ali.cc:105) Processed 500 utterances; for utterance sp01-1九杏左 avg. like is -67.5388 over 252 frames.
LOG (gmm-acc-stats-ali[5.5.669~1-b1d80]:main():gmm-acc-stats-ali.cc:105) Processed 550 utterances; for utterance sp01-1九銀右 avg. like is -68.9617 over 201 frames.
LOG (gmm-acc-stats-ali[5.5.669~1-b1d80]:main():gmm-acc-stats-ali.cc:105) Processed 600 utterances; for utterance sp01-1九馬打 avg. like is -73.9475 over 201 frames.
LOG (gmm-acc-stats-ali[5.5.669~1-b1d80]:main():gmm-acc-stats-ali.cc:105) Processed 650 utterances; for utterance sp01-1二杏右引 avg. like is -65.942 over 295 frames.
LOG (gmm-acc-stats-ali[5.5.669~1-b1d80]:main():gmm-acc-stats-ali.cc:105) Processed 700 utterances; for utterance sp01-1二銀上 avg. like is -68.8802 over 209 frames.
LOG (gmm-acc-stats-ali[5.5.669~1-b1d80]:main():gmm-acc-stats-ali.cc:105) Processed 750 utterances; for utterance sp01-1二龍上 avg. like is -69.8902 over 204 frames.
LOG (gmm-acc-stats-ali[5.5.669~1-b1d80]:main():gmm-acc-stats-ali.cc:105) Processed 800 utterances; for utterance sp01-1五杏左引 avg. like is -66.2523 over 315 frames.
LOG (gmm-acc-stats-ali[5.5.669~1-b1d80]:main():gmm-acc-stats-ali.cc:105) Processed 850 utterances; for utterance sp01-1五馬打 avg. like is -73.5491 over 204 frames.
LOG (gmm-acc-stats-ali[5.5.669~1-b1d80]:main():gmm-acc-stats-ali.cc:105) Processed 900 utterances; for utterance sp01-1八杏左寄 avg. like is -66.6536 over 310 frames.
LOG (gmm-acc-stats-ali[5.5.669~1-b1d80]:main():gmm-acc-stats-ali.cc:105) Processed 950 utterances; for utterance sp01-1八銀右引 avg. like is -67.2915 over 265 frames.
LOG (gmm-acc-stats-ali[5.5.669~1-b1d80]:main():gmm-acc-stats-ali.cc:105) Processed 1000 utterances; for utterance sp01-1六と右上 avg. like is -69.4227 over 253 frames.
LOG (gmm-acc-stats-ali[5.5.669~1-b1d80]:main():gmm-acc-stats-ali.cc:105) Processed 1050 utterances; for utterance sp01-1六桂右 avg. like is -76.104 over 196 frames.
LOG (gmm-acc-stats-ali[5.5.669~1-b1d80]:main():gmm-acc-stats-ali.cc:105) Processed 1100 utterances; for utterance sp01-1六龍打 avg. like is -74.4443 over 203 frames.
LOG (gmm-acc-stats-ali[5.5.669~1-b1d80]:main():gmm-acc-stats-ali.cc:105) Processed 1150 utterances; for utterance sp01-1四杏直 avg. like is -67.7636 over 220 frames.
LOG (gmm-acc-stats-ali[5.5.669~1-b1d80]:main():gmm-acc-stats-ali.cc:105) Processed 1200 utterances; for utterance sp01-1四龍上 avg. like is -68.2438 over 186 frames.
LOG (gmm-acc-stats-ali[5.5.669~1-b1d80]:main():gmm-acc-stats-ali.cc:105) Processed 1250 utterances; for utterance sp01-2一杏寄 avg. like is -68.7915 over 241 frames.
LOG (gmm-acc-stats-ali[5.5.669~1-b1d80]:main():gmm-acc-stats-ali.cc:105) Processed 1300 utterances; for utterance sp01-2一金直 avg. like is -66.9767 over 205 frames.
LOG (gmm-acc-stats-ali[5.5.669~1-b1d80]:main():gmm-acc-stats-ali.cc:105) Processed 1350 utterances; for utterance sp01-2一馬右 avg. like is -66.6112 over 199 frames.
LOG (gmm-acc-stats-ali[5.5.669~1-b1d80]:main():gmm-acc-stats-ali.cc:105) Processed 1400 utterances; for utterance sp01-2七杏 avg. like is -71.4452 over 175 frames.
LOG (gmm-acc-stats-ali[5.5.669~1-b1d80]:main():gmm-acc-stats-ali.cc:105) Processed 1450 utterances; for utterance sp01-2七金左上 avg. like is -63.2471 over 266 frames.
LOG (gmm-acc-stats-ali[5.5.669~1-b1d80]:main():gmm-acc-stats-ali.cc:105) Processed 1500 utterances; for utterance sp01-2七香成 avg. like is -82.7605 over 195 frames.
LOG (gmm-acc-stats-ali[5.5.669~1-b1d80]:main():gmm-acc-stats-ali.cc:105) Processed 1550 utterances; for utterance sp01-2三圭打 avg. like is -69.5603 over 233 frames.
LOG (gmm-acc-stats-ali[5.5.669~1-b1d80]:main():gmm-acc-stats-ali.cc:105) Processed 1600 utterances; for utterance sp01-2三金左上 avg. like is -61.5718 over 267 frames.
LOG (gmm-acc-stats-ali[5.5.669~1-b1d80]:main():gmm-acc-stats-ali.cc:105) Processed 1650 utterances; for utterance sp01-2三香不成 avg. like is -76.7444 over 215 frames.
LOG (gmm-acc-stats-ali[5.5.669~1-b1d80]:main():gmm-acc-stats-ali.cc:105) Processed 1700 utterances; for utterance sp01-2九杏上 avg. like is -65.1639 over 229 frames.
LOG (gmm-acc-stats-ali[5.5.669~1-b1d80]:main():gmm-acc-stats-ali.cc:105) Processed 1750 utterances; for utterance sp01-2九金左寄 avg. like is -64.5646 over 263 frames.
LOG (gmm-acc-stats-ali[5.5.669~1-b1d80]:main():gmm-acc-stats-ali.cc:105) Processed 1800 utterances; for utterance sp01-2九飛引成 avg. like is -76.4822 over 247 frames.
LOG (gmm-acc-stats-ali[5.5.669~1-b1d80]:main():gmm-acc-stats-ali.cc:105) Processed 1850 utterances; for utterance sp01-2二圭寄 avg. like is -68.6777 over 229 frames.
LOG (gmm-acc-stats-ali[5.5.669~1-b1d80]:main():gmm-acc-stats-ali.cc:105) Processed 1900 utterances; for utterance sp01-2二金 avg. like is -66.7847 over 141 frames.
LOG (gmm-acc-stats-ali[5.5.669~1-b1d80]:main():gmm-acc-stats-ali.cc:105) Processed 1950 utterances; for utterance sp01-2二飛左 avg. like is -65.7762 over 205 frames.
LOG (gmm-acc-stats-ali[5.5.669~1-b1d80]:main():gmm-acc-stats-ali.cc:105) Processed 2000 utterances; for utterance sp01-2五圭右 avg. like is -67.922 over 227 frames.
LOG (gmm-acc-stats-ali[5.5.669~1-b1d80]:main():gmm-acc-stats-ali.cc:105) Processed 2050 utterances; for utterance sp01-2五銀上 avg. like is -68.0669 over 206 frames.
LOG (gmm-acc-stats-ali[5.5.669~1-b1d80]:main():gmm-acc-stats-ali.cc:105) Processed 2100 utterances; for utterance sp01-2八全寄 avg. like is -75.3318 over 225 frames.
LOG (gmm-acc-stats-ali[5.5.669~1-b1d80]:main():gmm-acc-stats-ali.cc:105) Processed 2150 utterances; for utterance sp01-2八角上不成 avg. like is -69.2478 over 277 frames.
LOG (gmm-acc-stats-ali[5.5.669~1-b1d80]:main():gmm-acc-stats-ali.cc:105) Processed 2200 utterances; for utterance sp01-2八銀引成 avg. like is -73.0698 over 265 frames.
LOG (gmm-acc-stats-ali[5.5.669~1-b1d80]:main():gmm-acc-stats-ali.cc:105) Processed 2250 utterances; for utterance sp01-2六と左引 avg. like is -68.0283 over 277 frames.
LOG (gmm-acc-stats-ali[5.5.669~1-b1d80]:main():gmm-acc-stats-ali.cc:105) Processed 2300 utterances; for utterance sp01-2六角 avg. like is -78.2375 over 144 frames.
LOG (gmm-acc-stats-ali[5.5.669~1-b1d80]:main():gmm-acc-stats-ali.cc:105) Processed 2350 utterances; for utterance sp01-2六龍打 avg. like is -70.6182 over 202 frames.
LOG (gmm-acc-stats-ali[5.5.669~1-b1d80]:main():gmm-acc-stats-ali.cc:105) Processed 2400 utterances; for utterance sp01-2四桂右 avg. like is -70.0846 over 196 frames.
LOG (gmm-acc-stats-ali[5.5.669~1-b1d80]:main():gmm-acc-stats-ali.cc:105) Processed 2450 utterances; for utterance sp01-2四龍 avg. like is -73.0775 over 142 frames.
LOG (gmm-acc-stats-ali[5.5.669~1-b1d80]:main():gmm-acc-stats-ali.cc:105) Processed 2500 utterances; for utterance sp01-3一杏左寄 avg. like is -66.7002 over 321 frames.
LOG (gmm-acc-stats-ali[5.5.669~1-b1d80]:main():gmm-acc-stats-ali.cc:105) Processed 2550 utterances; for utterance sp01-3一銀上成 avg. like is -73.0121 over 279 frames.
LOG (gmm-acc-stats-ali[5.5.669~1-b1d80]:main():gmm-acc-stats-ali.cc:105) Processed 2600 utterances; for utterance sp01-3一馬引 avg. like is -73.7535 over 215 frames.
LOG (gmm-acc-stats-ali[5.5.669~1-b1d80]:main():gmm-acc-stats-ali.cc:105) Processed 2650 utterances; for utterance sp01-3七杏右引 avg. like is -66.5008 over 297 frames.
LOG (gmm-acc-stats-ali[5.5.669~1-b1d80]:main():gmm-acc-stats-ali.cc:105) Processed 2700 utterances; for utterance sp01-3七金引 avg. like is -71.9244 over 208 frames.
LOG (gmm-acc-stats-ali[5.5.669~1-b1d80]:main():gmm-acc-stats-ali.cc:105) Processed 2750 utterances; for utterance sp01-3七香打 avg. like is -76.6907 over 206 frames.
LOG (gmm-acc-stats-ali[5.5.669~1-b1d80]:main():gmm-acc-stats-ali.cc:105) Processed 2800 utterances; for utterance sp01-3三圭左引 avg. like is -65.8183 over 308 frames.
LOG (gmm-acc-stats-ali[5.5.669~1-b1d80]:main():gmm-acc-stats-ali.cc:105) Processed 2850 utterances; for utterance sp01-3三金直 avg. like is -67.8028 over 198 frames.
LOG (gmm-acc-stats-ali[5.5.669~1-b1d80]:main():gmm-acc-stats-ali.cc:105) Processed 2900 utterances; for utterance sp01-3三香成 avg. like is -82.7184 over 199 frames.
LOG (gmm-acc-stats-ali[5.5.669~1-b1d80]:main():gmm-acc-stats-ali.cc:105) Processed 2950 utterances; for utterance sp01-3九杏上 avg. like is -69.4879 over 253 frames.
LOG (gmm-acc-stats-ali[5.5.669~1-b1d80]:main():gmm-acc-stats-ali.cc:105) Processed 3000 utterances; for utterance sp01-3九金左引 avg. like is -67.8157 over 293 frames.
LOG (gmm-acc-stats-ali[5.5.669~1-b1d80]:main():gmm-acc-stats-ali.cc:105) Processed 3050 utterances; for utterance sp01-3九馬上 avg. like is -72.0916 over 215 frames.
LOG (gmm-acc-stats-ali[5.5.669~1-b1d80]:main():gmm-acc-stats-ali.cc:105) Processed 3100 utterances; for utterance sp01-3二圭引 avg. like is -70.6405 over 241 frames.
LOG (gmm-acc-stats-ali[5.5.669~1-b1d80]:main():gmm-acc-stats-ali.cc:105) Processed 3150 utterances; for utterance sp01-3二金右引 avg. like is -65.467 over 259 frames.
LOG (gmm-acc-stats-ali[5.5.669~1-b1d80]:main():gmm-acc-stats-ali.cc:105) Processed 3200 utterances; for utterance sp01-3二飛成 avg. like is -81.4697 over 198 frames.
LOG (gmm-acc-stats-ali[5.5.669~1-b1d80]:main():gmm-acc-stats-ali.cc:105) Processed 3250 utterances; for utterance sp01-3五圭左上 avg. like is -64.2741 over 320 frames.
LOG (gmm-acc-stats-ali[5.5.669~1-b1d80]:main():gmm-acc-stats-ali.cc:105) Processed 3300 utterances; for utterance sp01-3五銀右引 avg. like is -66.2462 over 278 frames.
LOG (gmm-acc-stats-ali[5.5.669~1-b1d80]:main():gmm-acc-stats-ali.cc:105) Processed 3350 utterances; for utterance sp01-3八全打 avg. like is -76.5611 over 250 frames.
LOG (gmm-acc-stats-ali[5.5.669~1-b1d80]:main():gmm-acc-stats-ali.cc:105) Processed 3400 utterances; for utterance sp01-3八角左 avg. like is -70.37 over 235 frames.
LOG (gmm-acc-stats-ali[5.5.669~1-b1d80]:main():gmm-acc-stats-ali.cc:105) Processed 3450 utterances; for utterance sp01-3八飛右 avg. like is -74.914 over 200 frames.
LOG (gmm-acc-stats-ali[5.5.669~1-b1d80]:main():gmm-acc-stats-ali.cc:105) Processed 3500 utterances; for utterance sp01-3六全左 avg. like is -73.6348 over 256 frames.
LOG (gmm-acc-stats-ali[5.5.669~1-b1d80]:main():gmm-acc-stats-ali.cc:105) Processed 3550 utterances; for utterance sp01-3六金寄 avg. like is -76.3633 over 205 frames.
LOG (gmm-acc-stats-ali[5.5.669~1-b1d80]:main():gmm-acc-stats-ali.cc:105) Processed 3600 utterances; for utterance sp01-3四全右 avg. like is -71.6556 over 233 frames.
LOG (gmm-acc-stats-ali[5.5.669~1-b1d80]:main():gmm-acc-stats-ali.cc:105) Processed 3650 utterances; for utterance sp01-3四角引 avg. like is -73.0565 over 214 frames.
LOG (gmm-acc-stats-ali[5.5.669~1-b1d80]:main():gmm-acc-stats-ali.cc:105) Processed 3700 utterances; for utterance sp01-4一と右引 avg. like is -70.1202 over 263 frames.
LOG (gmm-acc-stats-ali[5.5.669~1-b1d80]:main():gmm-acc-stats-ali.cc:105) Processed 3750 utterances; for utterance sp01-4一桂右成 avg. like is -75.6778 over 262 frames.
LOG (gmm-acc-stats-ali[5.5.669~1-b1d80]:main():gmm-acc-stats-ali.cc:105) Processed 3800 utterances; for utterance sp01-4一銀右成 avg. like is -72.1939 over 264 frames.
LOG (gmm-acc-stats-ali[5.5.669~1-b1d80]:main():gmm-acc-stats-ali.cc:105) Processed 3850 utterances; for utterance sp01-4一龍左 avg. like is -68.0324 over 221 frames.
LOG (gmm-acc-stats-ali[5.5.669~1-b1d80]:main():gmm-acc-stats-ali.cc:105) Processed 3900 utterances; for utterance sp01-4七杏引 avg. like is -71.128 over 238 frames.
LOG (gmm-acc-stats-ali[5.5.669~1-b1d80]:main():gmm-acc-stats-ali.cc:105) Processed 3950 utterances; for utterance sp01-4七銀不成 avg. like is -74.0958 over 226 frames.
LOG (gmm-acc-stats-ali[5.5.669~1-b1d80]:main():gmm-acc-stats-ali.cc:105) Processed 4000 utterances; for utterance sp01-4七龍上 avg. like is -70.9363 over 199 frames.
LOG (gmm-acc-stats-ali[5.5.669~1-b1d80]:main():gmm-acc-stats-ali.cc:105) Processed 4050 utterances; for utterance sp01-4三杏打 avg. like is -69.1587 over 232 frames.
LOG (gmm-acc-stats-ali[5.5.669~1-b1d80]:main():gmm-acc-stats-ali.cc:105) Processed 4100 utterances; for utterance sp01-4三銀左上 avg. like is -63.2422 over 270 frames.
LOG (gmm-acc-stats-ali[5.5.669~1-b1d80]:main():gmm-acc-stats-ali.cc:105) Processed 4150 utterances; for utterance sp01-4九と右 avg. like is -71.089 over 202 frames.
LOG (gmm-acc-stats-ali[5.5.669~1-b1d80]:main():gmm-acc-stats-ali.cc:105) Processed 4200 utterances; for utterance sp01-4九桂右不成 avg. like is -71.8158 over 279 frames.
LOG (gmm-acc-stats-ali[5.5.669~1-b1d80]:main():gmm-acc-stats-ali.cc:105) Processed 4250 utterances; for utterance sp01-4九銀右引 avg. like is -68.4933 over 264 frames.
LOG (gmm-acc-stats-ali[5.5.669~1-b1d80]:main():gmm-acc-stats-ali.cc:105) Processed 4300 utterances; for utterance sp01-4二と右 avg. like is -69.43 over 198 frames.
LOG (gmm-acc-stats-ali[5.5.669~1-b1d80]:main():gmm-acc-stats-ali.cc:105) Processed 4350 utterances; for utterance sp01-4二杏直 avg. like is -67.7039 over 234 frames.
LOG (gmm-acc-stats-ali[5.5.669~1-b1d80]:main():gmm-acc-stats-ali.cc:105) Processed 4400 utterances; for utterance sp01-4二銀右上不成 avg. like is -65.1962 over 334 frames.
LOG (gmm-acc-stats-ali[5.5.669~1-b1d80]:main():gmm-acc-stats-ali.cc:105) Processed 4450 utterances; for utterance sp01-4二龍打 avg. like is -69.7609 over 204 frames.
LOG (gmm-acc-stats-ali[5.5.669~1-b1d80]:main():gmm-acc-stats-ali.cc:105) Processed 4500 utterances; for utterance sp01-4五杏引 avg. like is -70.0742 over 247 frames.
LOG (gmm-acc-stats-ali[5.5.669~1-b1d80]:main():gmm-acc-stats-ali.cc:105) Processed 4550 utterances; for utterance sp01-4五馬引 avg. like is -73.0752 over 208 frames.
LOG (gmm-acc-stats-ali[5.5.669~1-b1d80]:main():gmm-acc-stats-ali.cc:105) Processed 4600 utterances; for utterance sp01-4八杏右上 avg. like is -63.1846 over 289 frames.
LOG (gmm-acc-stats-ali[5.5.669~1-b1d80]:main():gmm-acc-stats-ali.cc:105) Processed 4650 utterances; for utterance sp01-4八金直 avg. like is -69.6335 over 199 frames.
LOG (gmm-acc-stats-ali[5.5.669~1-b1d80]:main():gmm-acc-stats-ali.cc:105) Processed 4700 utterances; for utterance sp01-4八香成 avg. like is -83.3911 over 200 frames.
LOG (gmm-acc-stats-ali[5.5.669~1-b1d80]:main():gmm-acc-stats-ali.cc:105) Processed 4750 utterances; for utterance sp01-4六圭打 avg. like is -72.6266 over 234 frames.
LOG (gmm-acc-stats-ali[5.5.669~1-b1d80]:main():gmm-acc-stats-ali.cc:105) Processed 4800 utterances; for utterance sp01-4六銀左上 avg. like is -65.6101 over 277 frames.
LOG (gmm-acc-stats-ali[5.5.669~1-b1d80]:main():gmm-acc-stats-ali.cc:105) Processed 4850 utterances; for utterance sp01-4四全打 avg. like is -75.3983 over 231 frames.
LOG (gmm-acc-stats-ali[5.5.669~1-b1d80]:main():gmm-acc-stats-ali.cc:105) Processed 4900 utterances; for utterance sp01-4四金引 avg. like is -72.296 over 198 frames.
LOG (gmm-acc-stats-ali[5.5.669~1-b1d80]:main():gmm-acc-stats-ali.cc:105) Processed 4950 utterances; for utterance sp01-5一全右寄 avg. like is -70.6777 over 285 frames.
LOG (gmm-acc-stats-ali[5.5.669~1-b1d80]:main():gmm-acc-stats-ali.cc:105) Processed 5000 utterances; for utterance sp01-5一角上成 avg. like is -73.6827 over 267 frames.
LOG (gmm-acc-stats-ali[5.5.669~1-b1d80]:main():gmm-acc-stats-ali.cc:105) Processed 5050 utterances; for utterance sp01-5一銀成 avg. like is -76.8244 over 213 frames.
LOG (gmm-acc-stats-ali[5.5.669~1-b1d80]:main():gmm-acc-stats-ali.cc:105) Processed 5100 utterances; for utterance sp01-5七と打 avg. like is -73.7287 over 211 frames.
LOG (gmm-acc-stats-ali[5.5.669~1-b1d80]:main():gmm-acc-stats-ali.cc:105) Processed 5150 utterances; for utterance sp01-5七歩 avg. like is -81.8724 over 133 frames.
LOG (gmm-acc-stats-ali[5.5.669~1-b1d80]:main():gmm-acc-stats-ali.cc:105) Processed 5200 utterances; for utterance sp01-5七銀左引不成 avg. like is -67.9384 over 363 frames.
LOG (gmm-acc-stats-ali[5.5.669~1-b1d80]:main():gmm-acc-stats-ali.cc:105) Processed 5250 utterances; for utterance sp01-5三と左寄 avg. like is -68.7073 over 270 frames.
LOG (gmm-acc-stats-ali[5.5.669~1-b1d80]:main():gmm-acc-stats-ali.cc:105) Processed 5300 utterances; for utterance sp01-5三桂右成 avg. like is -73.9017 over 254 frames.
LOG (gmm-acc-stats-ali[5.5.669~1-b1d80]:main():gmm-acc-stats-ali.cc:105) Processed 5350 utterances; for utterance sp01-5三銀左 avg. like is -67.236 over 218 frames.
LOG (gmm-acc-stats-ali[5.5.669~1-b1d80]:main():gmm-acc-stats-ali.cc:105) Processed 5400 utterances; for utterance sp01-5九と右上 avg. like is -64.3557 over 254 frames.
LOG (gmm-acc-stats-ali[5.5.669~1-b1d80]:main():gmm-acc-stats-ali.cc:105) Processed 5450 utterances; for utterance sp01-5九桂右不成 avg. like is -69.9023 over 276 frames.
LOG (gmm-acc-stats-ali[5.5.669~1-b1d80]:main():gmm-acc-stats-ali.cc:105) Processed 5500 utterances; for utterance sp01-5九銀右不成 avg. like is -66.2745 over 278 frames.
LOG (gmm-acc-stats-ali[5.5.669~1-b1d80]:main():gmm-acc-stats-ali.cc:105) Processed 5550 utterances; for utterance sp01-5九龍左 avg. like is -64.7361 over 216 frames.
LOG (gmm-acc-stats-ali[5.5.669~1-b1d80]:main():gmm-acc-stats-ali.cc:105) Processed 5600 utterances; for utterance sp01-5二杏左引 avg. like is -63.3589 over 310 frames.
LOG (gmm-acc-stats-ali[5.5.669~1-b1d80]:main():gmm-acc-stats-ali.cc:105) Processed 5650 utterances; for utterance sp01-5二銀右 avg. like is -63.6306 over 199 frames.
LOG (gmm-acc-stats-ali[5.5.669~1-b1d80]:main():gmm-acc-stats-ali.cc:105) Processed 5700 utterances; for utterance sp01-5二馬打 avg. like is -68.3692 over 199 frames.
LOG (gmm-acc-stats-ali[5.5.669~1-b1d80]:main():gmm-acc-stats-ali.cc:105) Processed 5750 utterances; for utterance sp01-5五杏右寄 avg. like is -66.6451 over 286 frames.
LOG (gmm-acc-stats-ali[5.5.669~1-b1d80]:main():gmm-acc-stats-ali.cc:105) Processed 5800 utterances; for utterance sp01-5五香打 avg. like is -76.5305 over 201 frames.
LOG (gmm-acc-stats-ali[5.5.669~1-b1d80]:main():gmm-acc-stats-ali.cc:105) Processed 5850 utterances; for utterance sp01-5八圭左引 avg. like is -64.2086 over 307 frames.
LOG (gmm-acc-stats-ali[5.5.669~1-b1d80]:main():gmm-acc-stats-ali.cc:105) Processed 5900 utterances; for utterance sp01-5八金左寄 avg. like is -63.3407 over 268 frames.
LOG (gmm-acc-stats-ali[5.5.669~1-b1d80]:main():gmm-acc-stats-ali.cc:105) Processed 5950 utterances; for utterance sp01-5八馬 avg. like is -72.6949 over 140 frames.
LOG (gmm-acc-stats-ali[5.5.669~1-b1d80]:main():gmm-acc-stats-ali.cc:105) Processed 6000 utterances; for utterance sp01-5六圭直 avg. like is -70.3756 over 237 frames.
LOG (gmm-acc-stats-ali[5.5.669~1-b1d80]:main():gmm-acc-stats-ali.cc:105) Processed 6050 utterances; for utterance sp01-5六飛右 avg. like is -73.0281 over 190 frames.
LOG (gmm-acc-stats-ali[5.5.669~1-b1d80]:main():gmm-acc-stats-ali.cc:105) Processed 6100 utterances; for utterance sp01-5四圭左寄 avg. like is -67.1826 over 295 frames.
LOG (gmm-acc-stats-ali[5.5.669~1-b1d80]:main():gmm-acc-stats-ali.cc:105) Processed 6150 utterances; for utterance sp01-5四銀打 avg. like is -70.5973 over 203 frames.
LOG (gmm-acc-stats-ali[5.5.669~1-b1d80]:main():gmm-acc-stats-ali.cc:105) Processed 6200 utterances; for utterance sp01-6一圭 avg. like is -78.8467 over 171 frames.
LOG (gmm-acc-stats-ali[5.5.669~1-b1d80]:main():gmm-acc-stats-ali.cc:105) Processed 6250 utterances; for utterance sp01-6一角引不成 avg. like is -74.9205 over 282 frames.
LOG (gmm-acc-stats-ali[5.5.669~1-b1d80]:main():gmm-acc-stats-ali.cc:105) Processed 6300 utterances; for utterance sp01-6一飛寄 avg. like is -82.1102 over 184 frames.
LOG (gmm-acc-stats-ali[5.5.669~1-b1d80]:main():gmm-acc-stats-ali.cc:105) Processed 6350 utterances; for utterance sp01-6七全引 avg. like is -80.1269 over 250 frames.
LOG (gmm-acc-stats-ali[5.5.669~1-b1d80]:main():gmm-acc-stats-ali.cc:105) Processed 6400 utterances; for utterance sp01-6七角右成 avg. like is -75.8344 over 273 frames.
LOG (gmm-acc-stats-ali[5.5.669~1-b1d80]:main():gmm-acc-stats-ali.cc:105) Processed 6450 utterances; for utterance sp01-6七飛右 avg. like is -77.4421 over 200 frames.
LOG (gmm-acc-stats-ali[5.5.669~1-b1d80]:main():gmm-acc-stats-ali.cc:105) Processed 6500 utterances; for utterance sp01-6三全左 avg. like is -72.0899 over 239 frames.
LOG (gmm-acc-stats-ali[5.5.669~1-b1d80]:main():gmm-acc-stats-ali.cc:105) Processed 6550 utterances; for utterance sp01-6三角 avg. like is -81.9682 over 139 frames.
LOG (gmm-acc-stats-ali[5.5.669~1-b1d80]:main():gmm-acc-stats-ali.cc:105) Processed 6600 utterances; for utterance sp01-6三銀引成 avg. like is -75.6177 over 262 frames.
LOG (gmm-acc-stats-ali[5.5.669~1-b1d80]:main():gmm-acc-stats-ali.cc:105) Processed 6650 utterances; for utterance sp01-6九全上 avg. like is -75.0161 over 227 frames.
LOG (gmm-acc-stats-ali[5.5.669~1-b1d80]:main():gmm-acc-stats-ali.cc:105) Processed 6700 utterances; for utterance sp01-6九角 avg. like is -80.343 over 144 frames.
LOG (gmm-acc-stats-ali[5.5.669~1-b1d80]:main():gmm-acc-stats-ali.cc:105) Processed 6750 utterances; for utterance sp01-6九銀打 avg. like is -72.4143 over 207 frames.
LOG (gmm-acc-stats-ali[5.5.669~1-b1d80]:main():gmm-acc-stats-ali.cc:105) Processed 6800 utterances; for utterance sp01-6二全右 avg. like is -72.6093 over 224 frames.
LOG (gmm-acc-stats-ali[5.5.669~1-b1d80]:main():gmm-acc-stats-ali.cc:105) Processed 6850 utterances; for utterance sp01-6二玉 avg. like is -83.0993 over 150 frames.
LOG (gmm-acc-stats-ali[5.5.669~1-b1d80]:main():gmm-acc-stats-ali.cc:105) Processed 6900 utterances; for utterance sp01-6二銀打 avg. like is -72.0484 over 209 frames.
LOG (gmm-acc-stats-ali[5.5.669~1-b1d80]:main():gmm-acc-stats-ali.cc:105) Processed 6950 utterances; for utterance sp01-6五全右上 avg. like is -69.4008 over 283 frames.
LOG (gmm-acc-stats-ali[5.5.669~1-b1d80]:main():gmm-acc-stats-ali.cc:105) Processed 7000 utterances; for utterance sp01-6五金右引 avg. like is -68.2212 over 254 frames.
LOG (gmm-acc-stats-ali[5.5.669~1-b1d80]:main():gmm-acc-stats-ali.cc:105) Processed 7050 utterances; for utterance sp01-6八と打 avg. like is -76.0256 over 213 frames.
LOG (gmm-acc-stats-ali[5.5.669~1-b1d80]:main():gmm-acc-stats-ali.cc:105) Processed 7100 utterances; for utterance sp01-6八桂打 avg. like is -78.5775 over 213 frames.
LOG (gmm-acc-stats-ali[5.5.669~1-b1d80]:main():gmm-acc-stats-ali.cc:105) Processed 7150 utterances; for utterance sp01-6八銀左引不成 avg. like is -69.17 over 366 frames.
LOG (gmm-acc-stats-ali[5.5.669~1-b1d80]:main():gmm-acc-stats-ali.cc:105) Processed 7200 utterances; for utterance sp01-6六と寄 avg. like is -79.4244 over 202 frames.
LOG (gmm-acc-stats-ali[5.5.669~1-b1d80]:main():gmm-acc-stats-ali.cc:105) Processed 7250 utterances; for utterance sp01-6六角 avg. like is -84.9506 over 147 frames.
LOG (gmm-acc-stats-ali[5.5.669~1-b1d80]:main():gmm-acc-stats-ali.cc:105) Processed 7300 utterances; for utterance sp01-6四と右寄 avg. like is -70.2671 over 243 frames.
LOG (gmm-acc-stats-ali[5.5.669~1-b1d80]:main():gmm-acc-stats-ali.cc:105) Processed 7350 utterances; for utterance sp01-6四桂打 avg. like is -77.0719 over 197 frames.
LOG (gmm-acc-stats-ali[5.5.669~1-b1d80]:main():gmm-acc-stats-ali.cc:105) Processed 7400 utterances; for utterance sp01-6四龍左 avg. like is -67.4023 over 206 frames.
LOG (gmm-acc-stats-ali[5.5.669~1-b1d80]:main():gmm-acc-stats-ali.cc:105) Processed 7450 utterances; for utterance sp01-7一杏左寄 avg. like is -67.5619 over 304 frames.
LOG (gmm-acc-stats-ali[5.5.669~1-b1d80]:main():gmm-acc-stats-ali.cc:105) Processed 7500 utterances; for utterance sp01-7一銀不成 avg. like is -74.777 over 225 frames.
LOG (gmm-acc-stats-ali[5.5.669~1-b1d80]:main():gmm-acc-stats-ali.cc:105) Processed 7550 utterances; for utterance sp01-7一龍右 avg. like is -68.9508 over 194 frames.
LOG (gmm-acc-stats-ali[5.5.669~1-b1d80]:main():gmm-acc-stats-ali.cc:105) Processed 7600 utterances; for utterance sp01-7七杏左 avg. like is -66.5311 over 252 frames.
LOG (gmm-acc-stats-ali[5.5.669~1-b1d80]:main():gmm-acc-stats-ali.cc:105) Processed 7650 utterances; for utterance sp01-7七銀上不成 avg. like is -70.1323 over 285 frames.
LOG (gmm-acc-stats-ali[5.5.669~1-b1d80]:main():gmm-acc-stats-ali.cc:105) Processed 7700 utterances; for utterance sp01-7七馬右 avg. like is -71.0528 over 193 frames.
LOG (gmm-acc-stats-ali[5.5.669~1-b1d80]:main():gmm-acc-stats-ali.cc:105) Processed 7750 utterances; for utterance sp01-7三圭直 avg. like is -73.0629 over 233 frames.
LOG (gmm-acc-stats-ali[5.5.669~1-b1d80]:main():gmm-acc-stats-ali.cc:105) Processed 7800 utterances; for utterance sp01-7三金左 avg. like is -69.5654 over 216 frames.
LOG (gmm-acc-stats-ali[5.5.669~1-b1d80]:main():gmm-acc-stats-ali.cc:105) Processed 7850 utterances; for utterance sp01-7三香打 avg. like is -79.7411 over 202 frames.
LOG (gmm-acc-stats-ali[5.5.669~1-b1d80]:main():gmm-acc-stats-ali.cc:105) Processed 7900 utterances; for utterance sp01-7九圭左上 avg. like is -65.75 over 310 frames.
LOG (gmm-acc-stats-ali[5.5.669~1-b1d80]:main():gmm-acc-stats-ali.cc:105) Processed 7950 utterances; for utterance sp01-7九金右寄 avg. like is -69.2067 over 253 frames.
LOG (gmm-acc-stats-ali[5.5.669~1-b1d80]:main():gmm-acc-stats-ali.cc:105) Processed 8000 utterances; for utterance sp01-7九飛左 avg. like is -73.1823 over 211 frames.
LOG (gmm-acc-stats-ali[5.5.669~1-b1d80]:main():gmm-acc-stats-ali.cc:105) Processed 8050 utterances; for utterance sp01-7二圭右寄 avg. like is -68.2478 over 286 frames.
LOG (gmm-acc-stats-ali[5.5.669~1-b1d80]:main():gmm-acc-stats-ali.cc:105) Processed 8100 utterances; for utterance sp01-7二角打 avg. like is -73.6897 over 213 frames.
LOG (gmm-acc-stats-ali[5.5.669~1-b1d80]:main():gmm-acc-stats-ali.cc:105) Processed 8150 utterances; for utterance sp01-7二飛寄成 avg. like is -80.3876 over 252 frames.
LOG (gmm-acc-stats-ali[5.5.669~1-b1d80]:main():gmm-acc-stats-ali.cc:105) Processed 8200 utterances; for utterance sp01-7五全直 avg. like is -75.5113 over 235 frames.
LOG (gmm-acc-stats-ali[5.5.669~1-b1d80]:main():gmm-acc-stats-ali.cc:105) Processed 8250 utterances; for utterance sp01-7五金引 avg. like is -74.5542 over 207 frames.
LOG (gmm-acc-stats-ali[5.5.669~1-b1d80]:main():gmm-acc-stats-ali.cc:105) Processed 8300 utterances; for utterance sp01-7八全 avg. like is -84.5635 over 181 frames.
LOG (gmm-acc-stats-ali[5.5.669~1-b1d80]:main():gmm-acc-stats-ali.cc:105) Processed 8350 utterances; for utterance sp01-7八角上 avg. like is -75.799 over 210 frames.
LOG (gmm-acc-stats-ali[5.5.669~1-b1d80]:main():gmm-acc-stats-ali.cc:105) Processed 8400 utterances; for utterance sp01-7八銀直 avg. like is -73.481 over 213 frames.
LOG (gmm-acc-stats-ali[5.5.669~1-b1d80]:main():gmm-acc-stats-ali.cc:105) Processed 8450 utterances; for utterance sp01-7六全上 avg. like is -75.6355 over 239 frames.
LOG (gmm-acc-stats-ali[5.5.669~1-b1d80]:main():gmm-acc-stats-ali.cc:105) Processed 8500 utterances; for utterance sp01-7六角打 avg. like is -76.6568 over 216 frames.
LOG (gmm-acc-stats-ali[5.5.669~1-b1d80]:main():gmm-acc-stats-ali.cc:105) Processed 8550 utterances; for utterance sp01-7四と左 avg. like is -70.0108 over 213 frames.
LOG (gmm-acc-stats-ali[5.5.669~1-b1d80]:main():gmm-acc-stats-ali.cc:105) Processed 8600 utterances; for utterance sp01-7四玉打 avg. like is -77.8885 over 205 frames.
LOG (gmm-acc-stats-ali[5.5.669~1-b1d80]:main():gmm-acc-stats-ali.cc:105) Processed 8650 utterances; for utterance sp01-8一と avg. like is -79.873 over 151 frames.
LOG (gmm-acc-stats-ali[5.5.669~1-b1d80]:main():gmm-acc-stats-ali.cc:105) Processed 8700 utterances; for utterance sp01-8一桂左 avg. like is -71.7382 over 223 frames.
LOG (gmm-acc-stats-ali[5.5.669~1-b1d80]:main():gmm-acc-stats-ali.cc:105) Processed 8750 utterances; for utterance sp01-8一銀右成 avg. like is -71.3797 over 264 frames.
LOG (gmm-acc-stats-ali[5.5.669~1-b1d80]:main():gmm-acc-stats-ali.cc:105) Processed 8800 utterances; for utterance sp01-8七と右上 avg. like is -67.0883 over 261 frames.
LOG (gmm-acc-stats-ali[5.5.669~1-b1d80]:main():gmm-acc-stats-ali.cc:105) Processed 8850 utterances; for utterance sp01-8七桂不成 avg. like is -79.1114 over 230 frames.
LOG (gmm-acc-stats-ali[5.5.669~1-b1d80]:main():gmm-acc-stats-ali.cc:105) Processed 8900 utterances; for utterance sp01-8七銀右引 avg. like is -68.3473 over 267 frames.
LOG (gmm-acc-stats-ali[5.5.669~1-b1d80]:main():gmm-acc-stats-ali.cc:105) Processed 8950 utterances; for utterance sp01-8七龍上 avg. like is -72.1609 over 206 frames.
LOG (gmm-acc-stats-ali[5.5.669~1-b1d80]:main():gmm-acc-stats-ali.cc:105) Processed 9000 utterances; for utterance sp01-8三杏左 avg. like is -66.896 over 254 frames.
LOG (gmm-acc-stats-ali[5.5.669~1-b1d80]:main():gmm-acc-stats-ali.cc:105) Processed 9050 utterances; for utterance sp01-8三銀上不成 avg. like is -71.285 over 286 frames.
LOG (gmm-acc-stats-ali[5.5.669~1-b1d80]:main():gmm-acc-stats-ali.cc:105) Processed 9100 utterances; for utterance sp01-8三馬 avg. like is -79.697 over 143 frames.
LOG (gmm-acc-stats-ali[5.5.669~1-b1d80]:main():gmm-acc-stats-ali.cc:105) Processed 9150 utterances; for utterance sp01-8九杏 avg. like is -75.384 over 185 frames.
LOG (gmm-acc-stats-ali[5.5.669~1-b1d80]:main():gmm-acc-stats-ali.cc:105) Processed 9200 utterances; for utterance sp01-8九金左寄 avg. like is -69.3512 over 275 frames.
LOG (gmm-acc-stats-ali[5.5.669~1-b1d80]:main():gmm-acc-stats-ali.cc:105) Processed 9250 utterances; for utterance sp01-8九香成 avg. like is -86.1851 over 205 frames.
LOG (gmm-acc-stats-ali[5.5.669~1-b1d80]:main():gmm-acc-stats-ali.cc:105) Processed 9300 utterances; for utterance sp01-8二圭左寄 avg. like is -68.0403 over 312 frames.
LOG (gmm-acc-stats-ali[5.5.669~1-b1d80]:main():gmm-acc-stats-ali.cc:105) Processed 9350 utterances; for utterance sp01-8二金右寄 avg. like is -66.5465 over 258 frames.
LOG (gmm-acc-stats-ali[5.5.669~1-b1d80]:main():gmm-acc-stats-ali.cc:105) Processed 9400 utterances; for utterance sp01-8二飛成 avg. like is -82.6081 over 202 frames.
LOG (gmm-acc-stats-ali[5.5.669~1-b1d80]:main():gmm-acc-stats-ali.cc:105) Processed 9450 utterances; for utterance sp01-8五圭右寄 avg. like is -70.0745 over 281 frames.
LOG (gmm-acc-stats-ali[5.5.669~1-b1d80]:main():gmm-acc-stats-ali.cc:105) Processed 9500 utterances; for utterance sp01-8五銀右引 avg. like is -68.6634 over 262 frames.
LOG (gmm-acc-stats-ali[5.5.669~1-b1d80]:main():gmm-acc-stats-ali.cc:105) Processed 9550 utterances; for utterance sp01-8八全左寄 avg. like is -71.6227 over 307 frames.
LOG (gmm-acc-stats-ali[5.5.669~1-b1d80]:main():gmm-acc-stats-ali.cc:105) Processed 9600 utterances; for utterance sp01-8八角上成 avg. like is -74.9426 over 268 frames.
LOG (gmm-acc-stats-ali[5.5.669~1-b1d80]:main():gmm-acc-stats-ali.cc:105) Processed 9650 utterances; for utterance sp01-8八銀直 avg. like is -71.2385 over 211 frames.
LOG (gmm-acc-stats-ali[5.5.669~1-b1d80]:main():gmm-acc-stats-ali.cc:105) Processed 9700 utterances; for utterance sp01-8六全右 avg. like is -74.8282 over 234 frames.
LOG (gmm-acc-stats-ali[5.5.669~1-b1d80]:main():gmm-acc-stats-ali.cc:105) Processed 9750 utterances; for utterance sp01-8六金右 avg. like is -70.6726 over 201 frames.
LOG (gmm-acc-stats-ali[5.5.669~1-b1d80]:main():gmm-acc-stats-ali.cc:105) Processed 9800 utterances; for utterance sp01-8四と左引 avg. like is -67.024 over 281 frames.
LOG (gmm-acc-stats-ali[5.5.669~1-b1d80]:main():gmm-acc-stats-ali.cc:105) Processed 9850 utterances; for utterance sp01-8四角右 avg. like is -70.282 over 199 frames.
LOG (gmm-acc-stats-ali[5.5.669~1-b1d80]:main():gmm-acc-stats-ali.cc:105) Processed 9900 utterances; for utterance sp01-9一と avg. like is -75.8677 over 148 frames.
LOG (gmm-acc-stats-ali[5.5.669~1-b1d80]:main():gmm-acc-stats-ali.cc:105) Processed 9950 utterances; for utterance sp01-9一桂不成 avg. like is -75.45 over 225 frames.
LOG (gmm-acc-stats-ali[5.5.669~1-b1d80]:main():gmm-acc-stats-ali.cc:105) Processed 10000 utterances; for utterance sp01-9一銀右成 avg. like is -69.4296 over 261 frames.
LOG (gmm-acc-stats-ali[5.5.669~1-b1d80]:main():gmm-acc-stats-ali.cc:105) Processed 10050 utterances; for utterance sp01-9七と avg. like is -77.8784 over 148 frames.
LOG (gmm-acc-stats-ali[5.5.669~1-b1d80]:main():gmm-acc-stats-ali.cc:105) Processed 10100 utterances; for utterance sp01-9七桂左不成 avg. like is -70.5185 over 299 frames.
LOG (gmm-acc-stats-ali[5.5.669~1-b1d80]:main():gmm-acc-stats-ali.cc:105) Processed 10150 utterances; for utterance sp01-9七銀左 avg. like is -66.3885 over 223 frames.
LOG (gmm-acc-stats-ali[5.5.669~1-b1d80]:main():gmm-acc-stats-ali.cc:105) Processed 10200 utterances; for utterance sp01-9三と寄 avg. like is -74.9693 over 208 frames.
LOG (gmm-acc-stats-ali[5.5.669~1-b1d80]:main():gmm-acc-stats-ali.cc:105) Processed 10250 utterances; for utterance sp01-9三桂左成 avg. like is -74.0795 over 285 frames.
LOG (gmm-acc-stats-ali[5.5.669~1-b1d80]:main():gmm-acc-stats-ali.cc:105) Processed 10300 utterances; for utterance sp01-9三銀左不成 avg. like is -67.3418 over 306 frames.
LOG (gmm-acc-stats-ali[5.5.669~1-b1d80]:main():gmm-acc-stats-ali.cc:105) Processed 10350 utterances; for utterance sp01-9九と右引 avg. like is -66.4394 over 256 frames.
LOG (gmm-acc-stats-ali[5.5.669~1-b1d80]:main():gmm-acc-stats-ali.cc:105) Processed 10400 utterances; for utterance sp01-9九桂右不成 avg. like is -69.885 over 273 frames.
LOG (gmm-acc-stats-ali[5.5.669~1-b1d80]:main():gmm-acc-stats-ali.cc:105) Processed 10450 utterances; for utterance sp01-9九銀左上 avg. like is -62.1759 over 275 frames.
LOG (gmm-acc-stats-ali[5.5.669~1-b1d80]:main():gmm-acc-stats-ali.cc:105) Processed 10500 utterances; for utterance sp01-9二と右上 avg. like is -62.1775 over 256 frames.
LOG (gmm-acc-stats-ali[5.5.669~1-b1d80]:main():gmm-acc-stats-ali.cc:105) Processed 10550 utterances; for utterance sp01-9二桂打 avg. like is -71.1272 over 208 frames.
LOG (gmm-acc-stats-ali[5.5.669~1-b1d80]:main():gmm-acc-stats-ali.cc:105) Processed 10600 utterances; for utterance sp01-9二銀左引 avg. like is -63.7623 over 283 frames.
LOG (gmm-acc-stats-ali[5.5.669~1-b1d80]:main():gmm-acc-stats-ali.cc:105) Processed 10650 utterances; for utterance sp01-9五と右 avg. like is -69.1481 over 199 frames.
LOG (gmm-acc-stats-ali[5.5.669~1-b1d80]:main():gmm-acc-stats-ali.cc:105) Processed 10700 utterances; for utterance sp01-9五歩 avg. like is -80.2755 over 131 frames.
LOG (gmm-acc-stats-ali[5.5.669~1-b1d80]:main():gmm-acc-stats-ali.cc:105) Processed 10750 utterances; for utterance sp01-9八と右 avg. like is -69.82 over 198 frames.
LOG (gmm-acc-stats-ali[5.5.669~1-b1d80]:main():gmm-acc-stats-ali.cc:105) Processed 10800 utterances; for utterance sp01-9八桂 avg. like is -81.7901 over 146 frames.
LOG (gmm-acc-stats-ali[5.5.669~1-b1d80]:main():gmm-acc-stats-ali.cc:105) Processed 10850 utterances; for utterance sp01-9八銀右不成 avg. like is -67.5881 over 278 frames.
LOG (gmm-acc-stats-ali[5.5.669~1-b1d80]:main():gmm-acc-stats-ali.cc:105) Processed 10900 utterances; for utterance sp01-9八龍上 avg. like is -69.1463 over 200 frames.
LOG (gmm-acc-stats-ali[5.5.669~1-b1d80]:main():gmm-acc-stats-ali.cc:105) Processed 10950 utterances; for utterance sp01-9六杏左引 avg. like is -66.3066 over 312 frames.
LOG (gmm-acc-stats-ali[5.5.669~1-b1d80]:main():gmm-acc-stats-ali.cc:105) Processed 11000 utterances; for utterance sp01-9六馬右 avg. like is -71.2837 over 192 frames.
LOG (gmm-acc-stats-ali[5.5.669~1-b1d80]:main():gmm-acc-stats-ali.cc:105) Processed 11050 utterances; for utterance sp01-9四杏上 avg. like is -66.9404 over 233 frames.
LOG (gmm-acc-stats-ali[5.5.669~1-b1d80]:main():gmm-acc-stats-ali.cc:105) Processed 11100 utterances; for utterance sp01-9四飛上 avg. like is -73.8263 over 186 frames.
LOG (apply-cmvn[5.5.669~1-b1d80]:main():apply-cmvn.cc:162) Applied cepstral mean normalization to 11119 utterances, errors on 0
LOG (gmm-acc-stats-ali[5.5.669~1-b1d80]:main():gmm-acc-stats-ali.cc:112) Done 11119 files, 0 with errors.
LOG (gmm-acc-stats-ali[5.5.669~1-b1d80]:main():gmm-acc-stats-ali.cc:115) Overall avg like per frame (Gaussian only) = -71.2462 over 2624485 frames.
LOG (gmm-acc-stats-ali[5.5.669~1-b1d80]:main():gmm-acc-stats-ali.cc:123) Written accs.
# Accounting: time=3 threads=1
# Ended (code 0) at Wed Apr 15 04:24:17 JST 2020, elapsed time 3 seconds
