# gmm-acc-stats-ali exp/mono/12.mdl "ark,s,cs:apply-cmvn  --utt2spk=ark:data/train/split1/1/utt2spk scp:data/train/split1/1/cmvn.scp scp:data/train/split1/1/feats.scp ark:- | add-deltas  ark:- ark:- |" "ark:gunzip -c exp/mono/ali.1.gz|" exp/mono/12.1.acc 
# Started at Wed Apr 15 04:21:01 JST 2020
#
gmm-acc-stats-ali exp/mono/12.mdl 'ark,s,cs:apply-cmvn  --utt2spk=ark:data/train/split1/1/utt2spk scp:data/train/split1/1/cmvn.scp scp:data/train/split1/1/feats.scp ark:- | add-deltas  ark:- ark:- |' 'ark:gunzip -c exp/mono/ali.1.gz|' exp/mono/12.1.acc 
add-deltas ark:- ark:- 
apply-cmvn --utt2spk=ark:data/train/split1/1/utt2spk scp:data/train/split1/1/cmvn.scp scp:data/train/split1/1/feats.scp ark:- 
LOG (gmm-acc-stats-ali[5.5.669~1-b1d80]:main():gmm-acc-stats-ali.cc:105) Processed 50 utterances; for utterance sp01-1一桂右 avg. like is -88.2157 over 192 frames.
LOG (gmm-acc-stats-ali[5.5.669~1-b1d80]:main():gmm-acc-stats-ali.cc:105) Processed 100 utterances; for utterance sp01-1一銀右成 avg. like is -88.0028 over 254 frames.
LOG (gmm-acc-stats-ali[5.5.669~1-b1d80]:main():gmm-acc-stats-ali.cc:105) Processed 150 utterances; for utterance sp01-1七と avg. like is -92.257 over 147 frames.
LOG (gmm-acc-stats-ali[5.5.669~1-b1d80]:main():gmm-acc-stats-ali.cc:105) Processed 200 utterances; for utterance sp01-1七杏直 avg. like is -83.9263 over 235 frames.
LOG (gmm-acc-stats-ali[5.5.669~1-b1d80]:main():gmm-acc-stats-ali.cc:105) Processed 250 utterances; for utterance sp01-1七銀右引不成 avg. like is -86.6632 over 339 frames.
LOG (gmm-acc-stats-ali[5.5.669~1-b1d80]:main():gmm-acc-stats-ali.cc:105) Processed 300 utterances; for utterance sp01-1三と右上 avg. like is -85.1475 over 240 frames.
LOG (gmm-acc-stats-ali[5.5.669~1-b1d80]:main():gmm-acc-stats-ali.cc:105) Processed 350 utterances; for utterance sp01-1三桂右不成 avg. like is -87.2059 over 262 frames.
LOG (gmm-acc-stats-ali[5.5.669~1-b1d80]:main():gmm-acc-stats-ali.cc:105) Processed 400 utterances; for utterance sp01-1三銀右不成 avg. like is -85.5819 over 264 frames.
LOG (gmm-acc-stats-ali[5.5.669~1-b1d80]:main():gmm-acc-stats-ali.cc:105) Processed 450 utterances; for utterance sp01-1三馬打 avg. like is -88.9414 over 186 frames.
LOG (gmm-acc-stats-ali[5.5.669~1-b1d80]:main():gmm-acc-stats-ali.cc:105) Processed 500 utterances; for utterance sp01-1九杏左 avg. like is -81.3265 over 252 frames.
LOG (gmm-acc-stats-ali[5.5.669~1-b1d80]:main():gmm-acc-stats-ali.cc:105) Processed 550 utterances; for utterance sp01-1九銀右 avg. like is -86.0307 over 201 frames.
LOG (gmm-acc-stats-ali[5.5.669~1-b1d80]:main():gmm-acc-stats-ali.cc:105) Processed 600 utterances; for utterance sp01-1九馬打 avg. like is -88.8977 over 201 frames.
LOG (gmm-acc-stats-ali[5.5.669~1-b1d80]:main():gmm-acc-stats-ali.cc:105) Processed 650 utterances; for utterance sp01-1二杏右引 avg. like is -82.5685 over 295 frames.
LOG (gmm-acc-stats-ali[5.5.669~1-b1d80]:main():gmm-acc-stats-ali.cc:105) Processed 700 utterances; for utterance sp01-1二銀上 avg. like is -85.2444 over 209 frames.
LOG (gmm-acc-stats-ali[5.5.669~1-b1d80]:main():gmm-acc-stats-ali.cc:105) Processed 750 utterances; for utterance sp01-1二龍上 avg. like is -84.6241 over 204 frames.
LOG (gmm-acc-stats-ali[5.5.669~1-b1d80]:main():gmm-acc-stats-ali.cc:105) Processed 800 utterances; for utterance sp01-1五杏左引 avg. like is -82.7339 over 315 frames.
LOG (gmm-acc-stats-ali[5.5.669~1-b1d80]:main():gmm-acc-stats-ali.cc:105) Processed 850 utterances; for utterance sp01-1五馬打 avg. like is -88.3576 over 204 frames.
LOG (gmm-acc-stats-ali[5.5.669~1-b1d80]:main():gmm-acc-stats-ali.cc:105) Processed 900 utterances; for utterance sp01-1八杏左寄 avg. like is -82.2878 over 310 frames.
LOG (gmm-acc-stats-ali[5.5.669~1-b1d80]:main():gmm-acc-stats-ali.cc:105) Processed 950 utterances; for utterance sp01-1八銀右引 avg. like is -86.185 over 265 frames.
LOG (gmm-acc-stats-ali[5.5.669~1-b1d80]:main():gmm-acc-stats-ali.cc:105) Processed 1000 utterances; for utterance sp01-1六と右上 avg. like is -87.8526 over 253 frames.
LOG (gmm-acc-stats-ali[5.5.669~1-b1d80]:main():gmm-acc-stats-ali.cc:105) Processed 1050 utterances; for utterance sp01-1六桂右 avg. like is -90.8553 over 196 frames.
LOG (gmm-acc-stats-ali[5.5.669~1-b1d80]:main():gmm-acc-stats-ali.cc:105) Processed 1100 utterances; for utterance sp01-1六龍打 avg. like is -90.5609 over 203 frames.
LOG (gmm-acc-stats-ali[5.5.669~1-b1d80]:main():gmm-acc-stats-ali.cc:105) Processed 1150 utterances; for utterance sp01-1四杏直 avg. like is -82.2046 over 220 frames.
LOG (gmm-acc-stats-ali[5.5.669~1-b1d80]:main():gmm-acc-stats-ali.cc:105) Processed 1200 utterances; for utterance sp01-1四龍上 avg. like is -84.1087 over 186 frames.
LOG (gmm-acc-stats-ali[5.5.669~1-b1d80]:main():gmm-acc-stats-ali.cc:105) Processed 1250 utterances; for utterance sp01-2一杏寄 avg. like is -81.1692 over 241 frames.
LOG (gmm-acc-stats-ali[5.5.669~1-b1d80]:main():gmm-acc-stats-ali.cc:105) Processed 1300 utterances; for utterance sp01-2一金直 avg. like is -80.8697 over 205 frames.
LOG (gmm-acc-stats-ali[5.5.669~1-b1d80]:main():gmm-acc-stats-ali.cc:105) Processed 1350 utterances; for utterance sp01-2一馬右 avg. like is -82.0201 over 199 frames.
LOG (gmm-acc-stats-ali[5.5.669~1-b1d80]:main():gmm-acc-stats-ali.cc:105) Processed 1400 utterances; for utterance sp01-2七杏 avg. like is -81.8655 over 175 frames.
LOG (gmm-acc-stats-ali[5.5.669~1-b1d80]:main():gmm-acc-stats-ali.cc:105) Processed 1450 utterances; for utterance sp01-2七金左上 avg. like is -80.0758 over 266 frames.
LOG (gmm-acc-stats-ali[5.5.669~1-b1d80]:main():gmm-acc-stats-ali.cc:105) Processed 1500 utterances; for utterance sp01-2七香成 avg. like is -92.6524 over 195 frames.
LOG (gmm-acc-stats-ali[5.5.669~1-b1d80]:main():gmm-acc-stats-ali.cc:105) Processed 1550 utterances; for utterance sp01-2三圭打 avg. like is -82.852 over 233 frames.
LOG (gmm-acc-stats-ali[5.5.669~1-b1d80]:main():gmm-acc-stats-ali.cc:105) Processed 1600 utterances; for utterance sp01-2三金左上 avg. like is -79.0118 over 267 frames.
LOG (gmm-acc-stats-ali[5.5.669~1-b1d80]:main():gmm-acc-stats-ali.cc:105) Processed 1650 utterances; for utterance sp01-2三香不成 avg. like is -88.6407 over 215 frames.
LOG (gmm-acc-stats-ali[5.5.669~1-b1d80]:main():gmm-acc-stats-ali.cc:105) Processed 1700 utterances; for utterance sp01-2九杏上 avg. like is -79.3602 over 229 frames.
LOG (gmm-acc-stats-ali[5.5.669~1-b1d80]:main():gmm-acc-stats-ali.cc:105) Processed 1750 utterances; for utterance sp01-2九金左寄 avg. like is -80.8016 over 263 frames.
LOG (gmm-acc-stats-ali[5.5.669~1-b1d80]:main():gmm-acc-stats-ali.cc:105) Processed 1800 utterances; for utterance sp01-2九飛引成 avg. like is -89.674 over 247 frames.
LOG (gmm-acc-stats-ali[5.5.669~1-b1d80]:main():gmm-acc-stats-ali.cc:105) Processed 1850 utterances; for utterance sp01-2二圭寄 avg. like is -81.1502 over 229 frames.
LOG (gmm-acc-stats-ali[5.5.669~1-b1d80]:main():gmm-acc-stats-ali.cc:105) Processed 1900 utterances; for utterance sp01-2二金 avg. like is -78.8947 over 141 frames.
LOG (gmm-acc-stats-ali[5.5.669~1-b1d80]:main():gmm-acc-stats-ali.cc:105) Processed 1950 utterances; for utterance sp01-2二飛左 avg. like is -80.1719 over 205 frames.
LOG (gmm-acc-stats-ali[5.5.669~1-b1d80]:main():gmm-acc-stats-ali.cc:105) Processed 2000 utterances; for utterance sp01-2五圭右 avg. like is -81.334 over 227 frames.
LOG (gmm-acc-stats-ali[5.5.669~1-b1d80]:main():gmm-acc-stats-ali.cc:105) Processed 2050 utterances; for utterance sp01-2五銀上 avg. like is -83.4615 over 206 frames.
LOG (gmm-acc-stats-ali[5.5.669~1-b1d80]:main():gmm-acc-stats-ali.cc:105) Processed 2100 utterances; for utterance sp01-2八全寄 avg. like is -88.1584 over 225 frames.
LOG (gmm-acc-stats-ali[5.5.669~1-b1d80]:main():gmm-acc-stats-ali.cc:105) Processed 2150 utterances; for utterance sp01-2八角上不成 avg. like is -85.3837 over 277 frames.
LOG (gmm-acc-stats-ali[5.5.669~1-b1d80]:main():gmm-acc-stats-ali.cc:105) Processed 2200 utterances; for utterance sp01-2八銀引成 avg. like is -88.0696 over 265 frames.
LOG (gmm-acc-stats-ali[5.5.669~1-b1d80]:main():gmm-acc-stats-ali.cc:105) Processed 2250 utterances; for utterance sp01-2六と左引 avg. like is -85.3504 over 277 frames.
LOG (gmm-acc-stats-ali[5.5.669~1-b1d80]:main():gmm-acc-stats-ali.cc:105) Processed 2300 utterances; for utterance sp01-2六角 avg. like is -89.767 over 144 frames.
LOG (gmm-acc-stats-ali[5.5.669~1-b1d80]:main():gmm-acc-stats-ali.cc:105) Processed 2350 utterances; for utterance sp01-2六龍打 avg. like is -85.9947 over 202 frames.
LOG (gmm-acc-stats-ali[5.5.669~1-b1d80]:main():gmm-acc-stats-ali.cc:105) Processed 2400 utterances; for utterance sp01-2四桂右 avg. like is -82.5237 over 196 frames.
LOG (gmm-acc-stats-ali[5.5.669~1-b1d80]:main():gmm-acc-stats-ali.cc:105) Processed 2450 utterances; for utterance sp01-2四龍 avg. like is -81.8923 over 142 frames.
LOG (gmm-acc-stats-ali[5.5.669~1-b1d80]:main():gmm-acc-stats-ali.cc:105) Processed 2500 utterances; for utterance sp01-3一杏左寄 avg. like is -81.6944 over 321 frames.
LOG (gmm-acc-stats-ali[5.5.669~1-b1d80]:main():gmm-acc-stats-ali.cc:105) Processed 2550 utterances; for utterance sp01-3一銀上成 avg. like is -87.281 over 279 frames.
LOG (gmm-acc-stats-ali[5.5.669~1-b1d80]:main():gmm-acc-stats-ali.cc:105) Processed 2600 utterances; for utterance sp01-3一馬引 avg. like is -88.2461 over 215 frames.
LOG (gmm-acc-stats-ali[5.5.669~1-b1d80]:main():gmm-acc-stats-ali.cc:105) Processed 2650 utterances; for utterance sp01-3七杏右引 avg. like is -82.689 over 297 frames.
LOG (gmm-acc-stats-ali[5.5.669~1-b1d80]:main():gmm-acc-stats-ali.cc:105) Processed 2700 utterances; for utterance sp01-3七金引 avg. like is -86.7322 over 208 frames.
LOG (gmm-acc-stats-ali[5.5.669~1-b1d80]:main():gmm-acc-stats-ali.cc:105) Processed 2750 utterances; for utterance sp01-3七香打 avg. like is -90.0833 over 206 frames.
LOG (gmm-acc-stats-ali[5.5.669~1-b1d80]:main():gmm-acc-stats-ali.cc:105) Processed 2800 utterances; for utterance sp01-3三圭左引 avg. like is -81.7999 over 308 frames.
LOG (gmm-acc-stats-ali[5.5.669~1-b1d80]:main():gmm-acc-stats-ali.cc:105) Processed 2850 utterances; for utterance sp01-3三金直 avg. like is -82.4021 over 198 frames.
LOG (gmm-acc-stats-ali[5.5.669~1-b1d80]:main():gmm-acc-stats-ali.cc:105) Processed 2900 utterances; for utterance sp01-3三香成 avg. like is -92.1032 over 199 frames.
LOG (gmm-acc-stats-ali[5.5.669~1-b1d80]:main():gmm-acc-stats-ali.cc:105) Processed 2950 utterances; for utterance sp01-3九杏上 avg. like is -82.6938 over 253 frames.
LOG (gmm-acc-stats-ali[5.5.669~1-b1d80]:main():gmm-acc-stats-ali.cc:105) Processed 3000 utterances; for utterance sp01-3九金左引 avg. like is -83.887 over 293 frames.
LOG (gmm-acc-stats-ali[5.5.669~1-b1d80]:main():gmm-acc-stats-ali.cc:105) Processed 3050 utterances; for utterance sp01-3九馬上 avg. like is -86.259 over 215 frames.
LOG (gmm-acc-stats-ali[5.5.669~1-b1d80]:main():gmm-acc-stats-ali.cc:105) Processed 3100 utterances; for utterance sp01-3二圭引 avg. like is -83.7272 over 241 frames.
LOG (gmm-acc-stats-ali[5.5.669~1-b1d80]:main():gmm-acc-stats-ali.cc:105) Processed 3150 utterances; for utterance sp01-3二金右引 avg. like is -82.3066 over 259 frames.
LOG (gmm-acc-stats-ali[5.5.669~1-b1d80]:main():gmm-acc-stats-ali.cc:105) Processed 3200 utterances; for utterance sp01-3二飛成 avg. like is -90.5761 over 198 frames.
LOG (gmm-acc-stats-ali[5.5.669~1-b1d80]:main():gmm-acc-stats-ali.cc:105) Processed 3250 utterances; for utterance sp01-3五圭左上 avg. like is -79.6859 over 320 frames.
LOG (gmm-acc-stats-ali[5.5.669~1-b1d80]:main():gmm-acc-stats-ali.cc:105) Processed 3300 utterances; for utterance sp01-3五銀右引 avg. like is -83.7654 over 278 frames.
LOG (gmm-acc-stats-ali[5.5.669~1-b1d80]:main():gmm-acc-stats-ali.cc:105) Processed 3350 utterances; for utterance sp01-3八全打 avg. like is -89.796 over 250 frames.
LOG (gmm-acc-stats-ali[5.5.669~1-b1d80]:main():gmm-acc-stats-ali.cc:105) Processed 3400 utterances; for utterance sp01-3八角左 avg. like is -85.2804 over 235 frames.
LOG (gmm-acc-stats-ali[5.5.669~1-b1d80]:main():gmm-acc-stats-ali.cc:105) Processed 3450 utterances; for utterance sp01-3八飛右 avg. like is -88.8139 over 200 frames.
LOG (gmm-acc-stats-ali[5.5.669~1-b1d80]:main():gmm-acc-stats-ali.cc:105) Processed 3500 utterances; for utterance sp01-3六全左 avg. like is -87.1095 over 256 frames.
LOG (gmm-acc-stats-ali[5.5.669~1-b1d80]:main():gmm-acc-stats-ali.cc:105) Processed 3550 utterances; for utterance sp01-3六金寄 avg. like is -89.2284 over 205 frames.
LOG (gmm-acc-stats-ali[5.5.669~1-b1d80]:main():gmm-acc-stats-ali.cc:105) Processed 3600 utterances; for utterance sp01-3四全右 avg. like is -85.406 over 233 frames.
LOG (gmm-acc-stats-ali[5.5.669~1-b1d80]:main():gmm-acc-stats-ali.cc:105) Processed 3650 utterances; for utterance sp01-3四角引 avg. like is -87.6316 over 214 frames.
LOG (gmm-acc-stats-ali[5.5.669~1-b1d80]:main():gmm-acc-stats-ali.cc:105) Processed 3700 utterances; for utterance sp01-4一と右引 avg. like is -87.622 over 263 frames.
LOG (gmm-acc-stats-ali[5.5.669~1-b1d80]:main():gmm-acc-stats-ali.cc:105) Processed 3750 utterances; for utterance sp01-4一桂右成 avg. like is -89.0125 over 262 frames.
LOG (gmm-acc-stats-ali[5.5.669~1-b1d80]:main():gmm-acc-stats-ali.cc:105) Processed 3800 utterances; for utterance sp01-4一銀右成 avg. like is -87.5837 over 264 frames.
LOG (gmm-acc-stats-ali[5.5.669~1-b1d80]:main():gmm-acc-stats-ali.cc:105) Processed 3850 utterances; for utterance sp01-4一龍左 avg. like is -83.2579 over 221 frames.
LOG (gmm-acc-stats-ali[5.5.669~1-b1d80]:main():gmm-acc-stats-ali.cc:105) Processed 3900 utterances; for utterance sp01-4七杏引 avg. like is -85.5114 over 238 frames.
LOG (gmm-acc-stats-ali[5.5.669~1-b1d80]:main():gmm-acc-stats-ali.cc:105) Processed 3950 utterances; for utterance sp01-4七銀不成 avg. like is -88.1391 over 226 frames.
LOG (gmm-acc-stats-ali[5.5.669~1-b1d80]:main():gmm-acc-stats-ali.cc:105) Processed 4000 utterances; for utterance sp01-4七龍上 avg. like is -85.5357 over 199 frames.
LOG (gmm-acc-stats-ali[5.5.669~1-b1d80]:main():gmm-acc-stats-ali.cc:105) Processed 4050 utterances; for utterance sp01-4三杏打 avg. like is -82.4113 over 232 frames.
LOG (gmm-acc-stats-ali[5.5.669~1-b1d80]:main():gmm-acc-stats-ali.cc:105) Processed 4100 utterances; for utterance sp01-4三銀左上 avg. like is -81.0962 over 270 frames.
LOG (gmm-acc-stats-ali[5.5.669~1-b1d80]:main():gmm-acc-stats-ali.cc:105) Processed 4150 utterances; for utterance sp01-4九と右 avg. like is -86.7488 over 202 frames.
LOG (gmm-acc-stats-ali[5.5.669~1-b1d80]:main():gmm-acc-stats-ali.cc:105) Processed 4200 utterances; for utterance sp01-4九桂右不成 avg. like is -86.4779 over 279 frames.
LOG (gmm-acc-stats-ali[5.5.669~1-b1d80]:main():gmm-acc-stats-ali.cc:105) Processed 4250 utterances; for utterance sp01-4九銀右引 avg. like is -85.7543 over 264 frames.
LOG (gmm-acc-stats-ali[5.5.669~1-b1d80]:main():gmm-acc-stats-ali.cc:105) Processed 4300 utterances; for utterance sp01-4二と右 avg. like is -84.9774 over 198 frames.
LOG (gmm-acc-stats-ali[5.5.669~1-b1d80]:main():gmm-acc-stats-ali.cc:105) Processed 4350 utterances; for utterance sp01-4二杏直 avg. like is -81.2873 over 234 frames.
LOG (gmm-acc-stats-ali[5.5.669~1-b1d80]:main():gmm-acc-stats-ali.cc:105) Processed 4400 utterances; for utterance sp01-4二銀右上不成 avg. like is -82.8835 over 334 frames.
LOG (gmm-acc-stats-ali[5.5.669~1-b1d80]:main():gmm-acc-stats-ali.cc:105) Processed 4450 utterances; for utterance sp01-4二龍打 avg. like is -84.7146 over 204 frames.
LOG (gmm-acc-stats-ali[5.5.669~1-b1d80]:main():gmm-acc-stats-ali.cc:105) Processed 4500 utterances; for utterance sp01-4五杏引 avg. like is -83.1565 over 247 frames.
LOG (gmm-acc-stats-ali[5.5.669~1-b1d80]:main():gmm-acc-stats-ali.cc:105) Processed 4550 utterances; for utterance sp01-4五馬引 avg. like is -87.1653 over 208 frames.
LOG (gmm-acc-stats-ali[5.5.669~1-b1d80]:main():gmm-acc-stats-ali.cc:105) Processed 4600 utterances; for utterance sp01-4八杏右上 avg. like is -80.3298 over 289 frames.
LOG (gmm-acc-stats-ali[5.5.669~1-b1d80]:main():gmm-acc-stats-ali.cc:105) Processed 4650 utterances; for utterance sp01-4八金直 avg. like is -84.0309 over 199 frames.
LOG (gmm-acc-stats-ali[5.5.669~1-b1d80]:main():gmm-acc-stats-ali.cc:105) Processed 4700 utterances; for utterance sp01-4八香成 avg. like is -93.5294 over 200 frames.
LOG (gmm-acc-stats-ali[5.5.669~1-b1d80]:main():gmm-acc-stats-ali.cc:105) Processed 4750 utterances; for utterance sp01-4六圭打 avg. like is -86.3258 over 234 frames.
LOG (gmm-acc-stats-ali[5.5.669~1-b1d80]:main():gmm-acc-stats-ali.cc:105) Processed 4800 utterances; for utterance sp01-4六銀左上 avg. like is -83.2556 over 277 frames.
LOG (gmm-acc-stats-ali[5.5.669~1-b1d80]:main():gmm-acc-stats-ali.cc:105) Processed 4850 utterances; for utterance sp01-4四全打 avg. like is -89.2106 over 231 frames.
LOG (gmm-acc-stats-ali[5.5.669~1-b1d80]:main():gmm-acc-stats-ali.cc:105) Processed 4900 utterances; for utterance sp01-4四金引 avg. like is -87.3386 over 198 frames.
LOG (gmm-acc-stats-ali[5.5.669~1-b1d80]:main():gmm-acc-stats-ali.cc:105) Processed 4950 utterances; for utterance sp01-5一全右寄 avg. like is -86.4891 over 285 frames.
LOG (gmm-acc-stats-ali[5.5.669~1-b1d80]:main():gmm-acc-stats-ali.cc:105) Processed 5000 utterances; for utterance sp01-5一角上成 avg. like is -87.5074 over 267 frames.
LOG (gmm-acc-stats-ali[5.5.669~1-b1d80]:main():gmm-acc-stats-ali.cc:105) Processed 5050 utterances; for utterance sp01-5一銀成 avg. like is -88.5035 over 213 frames.
LOG (gmm-acc-stats-ali[5.5.669~1-b1d80]:main():gmm-acc-stats-ali.cc:105) Processed 5100 utterances; for utterance sp01-5七と打 avg. like is -88.559 over 211 frames.
LOG (gmm-acc-stats-ali[5.5.669~1-b1d80]:main():gmm-acc-stats-ali.cc:105) Processed 5150 utterances; for utterance sp01-5七歩 avg. like is -90.4975 over 133 frames.
LOG (gmm-acc-stats-ali[5.5.669~1-b1d80]:main():gmm-acc-stats-ali.cc:105) Processed 5200 utterances; for utterance sp01-5七銀左引不成 avg. like is -84.6339 over 363 frames.
LOG (gmm-acc-stats-ali[5.5.669~1-b1d80]:main():gmm-acc-stats-ali.cc:105) Processed 5250 utterances; for utterance sp01-5三と左寄 avg. like is -84.112 over 270 frames.
LOG (gmm-acc-stats-ali[5.5.669~1-b1d80]:main():gmm-acc-stats-ali.cc:105) Processed 5300 utterances; for utterance sp01-5三桂右成 avg. like is -86.8376 over 254 frames.
LOG (gmm-acc-stats-ali[5.5.669~1-b1d80]:main():gmm-acc-stats-ali.cc:105) Processed 5350 utterances; for utterance sp01-5三銀左 avg. like is -81.494 over 218 frames.
LOG (gmm-acc-stats-ali[5.5.669~1-b1d80]:main():gmm-acc-stats-ali.cc:105) Processed 5400 utterances; for utterance sp01-5九と右上 avg. like is -82.2256 over 254 frames.
LOG (gmm-acc-stats-ali[5.5.669~1-b1d80]:main():gmm-acc-stats-ali.cc:105) Processed 5450 utterances; for utterance sp01-5九桂右不成 avg. like is -84.2284 over 276 frames.
LOG (gmm-acc-stats-ali[5.5.669~1-b1d80]:main():gmm-acc-stats-ali.cc:105) Processed 5500 utterances; for utterance sp01-5九銀右不成 avg. like is -82.9818 over 278 frames.
LOG (gmm-acc-stats-ali[5.5.669~1-b1d80]:main():gmm-acc-stats-ali.cc:105) Processed 5550 utterances; for utterance sp01-5九龍左 avg. like is -79.517 over 216 frames.
LOG (gmm-acc-stats-ali[5.5.669~1-b1d80]:main():gmm-acc-stats-ali.cc:105) Processed 5600 utterances; for utterance sp01-5二杏左引 avg. like is -79.3356 over 310 frames.
LOG (gmm-acc-stats-ali[5.5.669~1-b1d80]:main():gmm-acc-stats-ali.cc:105) Processed 5650 utterances; for utterance sp01-5二銀右 avg. like is -80.8107 over 199 frames.
LOG (gmm-acc-stats-ali[5.5.669~1-b1d80]:main():gmm-acc-stats-ali.cc:105) Processed 5700 utterances; for utterance sp01-5二馬打 avg. like is -83.5734 over 199 frames.
LOG (gmm-acc-stats-ali[5.5.669~1-b1d80]:main():gmm-acc-stats-ali.cc:105) Processed 5750 utterances; for utterance sp01-5五杏右寄 avg. like is -81.9897 over 286 frames.
LOG (gmm-acc-stats-ali[5.5.669~1-b1d80]:main():gmm-acc-stats-ali.cc:105) Processed 5800 utterances; for utterance sp01-5五香打 avg. like is -89.6376 over 201 frames.
LOG (gmm-acc-stats-ali[5.5.669~1-b1d80]:main():gmm-acc-stats-ali.cc:105) Processed 5850 utterances; for utterance sp01-5八圭左引 avg. like is -82.1789 over 307 frames.
LOG (gmm-acc-stats-ali[5.5.669~1-b1d80]:main():gmm-acc-stats-ali.cc:105) Processed 5900 utterances; for utterance sp01-5八金左寄 avg. like is -82.2384 over 268 frames.
LOG (gmm-acc-stats-ali[5.5.669~1-b1d80]:main():gmm-acc-stats-ali.cc:105) Processed 5950 utterances; for utterance sp01-5八馬 avg. like is -87.4949 over 140 frames.
LOG (gmm-acc-stats-ali[5.5.669~1-b1d80]:main():gmm-acc-stats-ali.cc:105) Processed 6000 utterances; for utterance sp01-5六圭直 avg. like is -83.985 over 237 frames.
LOG (gmm-acc-stats-ali[5.5.669~1-b1d80]:main():gmm-acc-stats-ali.cc:105) Processed 6050 utterances; for utterance sp01-5六飛右 avg. like is -87.6759 over 190 frames.
LOG (gmm-acc-stats-ali[5.5.669~1-b1d80]:main():gmm-acc-stats-ali.cc:105) Processed 6100 utterances; for utterance sp01-5四圭左寄 avg. like is -82.3774 over 295 frames.
LOG (gmm-acc-stats-ali[5.5.669~1-b1d80]:main():gmm-acc-stats-ali.cc:105) Processed 6150 utterances; for utterance sp01-5四銀打 avg. like is -86.2482 over 203 frames.
LOG (gmm-acc-stats-ali[5.5.669~1-b1d80]:main():gmm-acc-stats-ali.cc:105) Processed 6200 utterances; for utterance sp01-6一圭 avg. like is -88.5379 over 171 frames.
LOG (gmm-acc-stats-ali[5.5.669~1-b1d80]:main():gmm-acc-stats-ali.cc:105) Processed 6250 utterances; for utterance sp01-6一角引不成 avg. like is -90.4183 over 282 frames.
LOG (gmm-acc-stats-ali[5.5.669~1-b1d80]:main():gmm-acc-stats-ali.cc:105) Processed 6300 utterances; for utterance sp01-6一飛寄 avg. like is -94.3377 over 184 frames.
LOG (gmm-acc-stats-ali[5.5.669~1-b1d80]:main():gmm-acc-stats-ali.cc:105) Processed 6350 utterances; for utterance sp01-6七全引 avg. like is -92.6255 over 250 frames.
LOG (gmm-acc-stats-ali[5.5.669~1-b1d80]:main():gmm-acc-stats-ali.cc:105) Processed 6400 utterances; for utterance sp01-6七角右成 avg. like is -90.1541 over 273 frames.
LOG (gmm-acc-stats-ali[5.5.669~1-b1d80]:main():gmm-acc-stats-ali.cc:105) Processed 6450 utterances; for utterance sp01-6七飛右 avg. like is -90.6593 over 200 frames.
LOG (gmm-acc-stats-ali[5.5.669~1-b1d80]:main():gmm-acc-stats-ali.cc:105) Processed 6500 utterances; for utterance sp01-6三全左 avg. like is -86.2764 over 239 frames.
LOG (gmm-acc-stats-ali[5.5.669~1-b1d80]:main():gmm-acc-stats-ali.cc:105) Processed 6550 utterances; for utterance sp01-6三角 avg. like is -91.7135 over 139 frames.
LOG (gmm-acc-stats-ali[5.5.669~1-b1d80]:main():gmm-acc-stats-ali.cc:105) Processed 6600 utterances; for utterance sp01-6三銀引成 avg. like is -90.3411 over 262 frames.
LOG (gmm-acc-stats-ali[5.5.669~1-b1d80]:main():gmm-acc-stats-ali.cc:105) Processed 6650 utterances; for utterance sp01-6九全上 avg. like is -88.9474 over 227 frames.
LOG (gmm-acc-stats-ali[5.5.669~1-b1d80]:main():gmm-acc-stats-ali.cc:105) Processed 6700 utterances; for utterance sp01-6九角 avg. like is -91.6028 over 144 frames.
LOG (gmm-acc-stats-ali[5.5.669~1-b1d80]:main():gmm-acc-stats-ali.cc:105) Processed 6750 utterances; for utterance sp01-6九銀打 avg. like is -88.2463 over 207 frames.
LOG (gmm-acc-stats-ali[5.5.669~1-b1d80]:main():gmm-acc-stats-ali.cc:105) Processed 6800 utterances; for utterance sp01-6二全右 avg. like is -87.0949 over 224 frames.
LOG (gmm-acc-stats-ali[5.5.669~1-b1d80]:main():gmm-acc-stats-ali.cc:105) Processed 6850 utterances; for utterance sp01-6二玉 avg. like is -91.7136 over 150 frames.
LOG (gmm-acc-stats-ali[5.5.669~1-b1d80]:main():gmm-acc-stats-ali.cc:105) Processed 6900 utterances; for utterance sp01-6二銀打 avg. like is -86.7132 over 209 frames.
LOG (gmm-acc-stats-ali[5.5.669~1-b1d80]:main():gmm-acc-stats-ali.cc:105) Processed 6950 utterances; for utterance sp01-6五全右上 avg. like is -85.3549 over 283 frames.
LOG (gmm-acc-stats-ali[5.5.669~1-b1d80]:main():gmm-acc-stats-ali.cc:105) Processed 7000 utterances; for utterance sp01-6五金右引 avg. like is -85.027 over 254 frames.
LOG (gmm-acc-stats-ali[5.5.669~1-b1d80]:main():gmm-acc-stats-ali.cc:105) Processed 7050 utterances; for utterance sp01-6八と打 avg. like is -90.7578 over 213 frames.
LOG (gmm-acc-stats-ali[5.5.669~1-b1d80]:main():gmm-acc-stats-ali.cc:105) Processed 7100 utterances; for utterance sp01-6八桂打 avg. like is -91.1686 over 213 frames.
LOG (gmm-acc-stats-ali[5.5.669~1-b1d80]:main():gmm-acc-stats-ali.cc:105) Processed 7150 utterances; for utterance sp01-6八銀左引不成 avg. like is -86.0668 over 366 frames.
LOG (gmm-acc-stats-ali[5.5.669~1-b1d80]:main():gmm-acc-stats-ali.cc:105) Processed 7200 utterances; for utterance sp01-6六と寄 avg. like is -94.5408 over 202 frames.
LOG (gmm-acc-stats-ali[5.5.669~1-b1d80]:main():gmm-acc-stats-ali.cc:105) Processed 7250 utterances; for utterance sp01-6六角 avg. like is -96.7516 over 147 frames.
LOG (gmm-acc-stats-ali[5.5.669~1-b1d80]:main():gmm-acc-stats-ali.cc:105) Processed 7300 utterances; for utterance sp01-6四と右寄 avg. like is -87.5575 over 243 frames.
LOG (gmm-acc-stats-ali[5.5.669~1-b1d80]:main():gmm-acc-stats-ali.cc:105) Processed 7350 utterances; for utterance sp01-6四桂打 avg. like is -89.7399 over 197 frames.
LOG (gmm-acc-stats-ali[5.5.669~1-b1d80]:main():gmm-acc-stats-ali.cc:105) Processed 7400 utterances; for utterance sp01-6四龍左 avg. like is -83.0823 over 206 frames.
LOG (gmm-acc-stats-ali[5.5.669~1-b1d80]:main():gmm-acc-stats-ali.cc:105) Processed 7450 utterances; for utterance sp01-7一杏左寄 avg. like is -81.5275 over 304 frames.
LOG (gmm-acc-stats-ali[5.5.669~1-b1d80]:main():gmm-acc-stats-ali.cc:105) Processed 7500 utterances; for utterance sp01-7一銀不成 avg. like is -87.497 over 225 frames.
LOG (gmm-acc-stats-ali[5.5.669~1-b1d80]:main():gmm-acc-stats-ali.cc:105) Processed 7550 utterances; for utterance sp01-7一龍右 avg. like is -84.2285 over 194 frames.
LOG (gmm-acc-stats-ali[5.5.669~1-b1d80]:main():gmm-acc-stats-ali.cc:105) Processed 7600 utterances; for utterance sp01-7七杏左 avg. like is -80.2907 over 252 frames.
LOG (gmm-acc-stats-ali[5.5.669~1-b1d80]:main():gmm-acc-stats-ali.cc:105) Processed 7650 utterances; for utterance sp01-7七銀上不成 avg. like is -85.6926 over 285 frames.
LOG (gmm-acc-stats-ali[5.5.669~1-b1d80]:main():gmm-acc-stats-ali.cc:105) Processed 7700 utterances; for utterance sp01-7七馬右 avg. like is -85.7153 over 193 frames.
LOG (gmm-acc-stats-ali[5.5.669~1-b1d80]:main():gmm-acc-stats-ali.cc:105) Processed 7750 utterances; for utterance sp01-7三圭直 avg. like is -85.5895 over 233 frames.
LOG (gmm-acc-stats-ali[5.5.669~1-b1d80]:main():gmm-acc-stats-ali.cc:105) Processed 7800 utterances; for utterance sp01-7三金左 avg. like is -83.7264 over 216 frames.
LOG (gmm-acc-stats-ali[5.5.669~1-b1d80]:main():gmm-acc-stats-ali.cc:105) Processed 7850 utterances; for utterance sp01-7三香打 avg. like is -92.5776 over 202 frames.
LOG (gmm-acc-stats-ali[5.5.669~1-b1d80]:main():gmm-acc-stats-ali.cc:105) Processed 7900 utterances; for utterance sp01-7九圭左上 avg. like is -80.7306 over 310 frames.
LOG (gmm-acc-stats-ali[5.5.669~1-b1d80]:main():gmm-acc-stats-ali.cc:105) Processed 7950 utterances; for utterance sp01-7九金右寄 avg. like is -84.308 over 253 frames.
LOG (gmm-acc-stats-ali[5.5.669~1-b1d80]:main():gmm-acc-stats-ali.cc:105) Processed 8000 utterances; for utterance sp01-7九飛左 avg. like is -85.5114 over 211 frames.
LOG (gmm-acc-stats-ali[5.5.669~1-b1d80]:main():gmm-acc-stats-ali.cc:105) Processed 8050 utterances; for utterance sp01-7二圭右寄 avg. like is -83.5286 over 286 frames.
LOG (gmm-acc-stats-ali[5.5.669~1-b1d80]:main():gmm-acc-stats-ali.cc:105) Processed 8100 utterances; for utterance sp01-7二角打 avg. like is -86.9338 over 213 frames.
LOG (gmm-acc-stats-ali[5.5.669~1-b1d80]:main():gmm-acc-stats-ali.cc:105) Processed 8150 utterances; for utterance sp01-7二飛寄成 avg. like is -91.6235 over 252 frames.
LOG (gmm-acc-stats-ali[5.5.669~1-b1d80]:main():gmm-acc-stats-ali.cc:105) Processed 8200 utterances; for utterance sp01-7五全直 avg. like is -88.4923 over 235 frames.
LOG (gmm-acc-stats-ali[5.5.669~1-b1d80]:main():gmm-acc-stats-ali.cc:105) Processed 8250 utterances; for utterance sp01-7五金引 avg. like is -88.3272 over 207 frames.
LOG (gmm-acc-stats-ali[5.5.669~1-b1d80]:main():gmm-acc-stats-ali.cc:105) Processed 8300 utterances; for utterance sp01-7八全 avg. like is -93.7508 over 181 frames.
LOG (gmm-acc-stats-ali[5.5.669~1-b1d80]:main():gmm-acc-stats-ali.cc:105) Processed 8350 utterances; for utterance sp01-7八角上 avg. like is -89.1746 over 210 frames.
LOG (gmm-acc-stats-ali[5.5.669~1-b1d80]:main():gmm-acc-stats-ali.cc:105) Processed 8400 utterances; for utterance sp01-7八銀直 avg. like is -88.043 over 213 frames.
LOG (gmm-acc-stats-ali[5.5.669~1-b1d80]:main():gmm-acc-stats-ali.cc:105) Processed 8450 utterances; for utterance sp01-7六全上 avg. like is -89.6443 over 239 frames.
LOG (gmm-acc-stats-ali[5.5.669~1-b1d80]:main():gmm-acc-stats-ali.cc:105) Processed 8500 utterances; for utterance sp01-7六角打 avg. like is -90.5685 over 216 frames.
LOG (gmm-acc-stats-ali[5.5.669~1-b1d80]:main():gmm-acc-stats-ali.cc:105) Processed 8550 utterances; for utterance sp01-7四と左 avg. like is -85.4499 over 213 frames.
LOG (gmm-acc-stats-ali[5.5.669~1-b1d80]:main():gmm-acc-stats-ali.cc:105) Processed 8600 utterances; for utterance sp01-7四玉打 avg. like is -90.6081 over 205 frames.
LOG (gmm-acc-stats-ali[5.5.669~1-b1d80]:main():gmm-acc-stats-ali.cc:105) Processed 8650 utterances; for utterance sp01-8一と avg. like is -91.3759 over 151 frames.
LOG (gmm-acc-stats-ali[5.5.669~1-b1d80]:main():gmm-acc-stats-ali.cc:105) Processed 8700 utterances; for utterance sp01-8一桂左 avg. like is -85.2951 over 223 frames.
LOG (gmm-acc-stats-ali[5.5.669~1-b1d80]:main():gmm-acc-stats-ali.cc:105) Processed 8750 utterances; for utterance sp01-8一銀右成 avg. like is -87.3959 over 264 frames.
LOG (gmm-acc-stats-ali[5.5.669~1-b1d80]:main():gmm-acc-stats-ali.cc:105) Processed 8800 utterances; for utterance sp01-8七と右上 avg. like is -86.4089 over 261 frames.
LOG (gmm-acc-stats-ali[5.5.669~1-b1d80]:main():gmm-acc-stats-ali.cc:105) Processed 8850 utterances; for utterance sp01-8七桂不成 avg. like is -91.2548 over 230 frames.
LOG (gmm-acc-stats-ali[5.5.669~1-b1d80]:main():gmm-acc-stats-ali.cc:105) Processed 8900 utterances; for utterance sp01-8七銀右引 avg. like is -87.7526 over 267 frames.
LOG (gmm-acc-stats-ali[5.5.669~1-b1d80]:main():gmm-acc-stats-ali.cc:105) Processed 8950 utterances; for utterance sp01-8七龍上 avg. like is -87.9095 over 206 frames.
LOG (gmm-acc-stats-ali[5.5.669~1-b1d80]:main():gmm-acc-stats-ali.cc:105) Processed 9000 utterances; for utterance sp01-8三杏左 avg. like is -81.1745 over 254 frames.
LOG (gmm-acc-stats-ali[5.5.669~1-b1d80]:main():gmm-acc-stats-ali.cc:105) Processed 9050 utterances; for utterance sp01-8三銀上不成 avg. like is -86.5399 over 286 frames.
LOG (gmm-acc-stats-ali[5.5.669~1-b1d80]:main():gmm-acc-stats-ali.cc:105) Processed 9100 utterances; for utterance sp01-8三馬 avg. like is -90.8506 over 143 frames.
LOG (gmm-acc-stats-ali[5.5.669~1-b1d80]:main():gmm-acc-stats-ali.cc:105) Processed 9150 utterances; for utterance sp01-8九杏 avg. like is -85.6937 over 185 frames.
LOG (gmm-acc-stats-ali[5.5.669~1-b1d80]:main():gmm-acc-stats-ali.cc:105) Processed 9200 utterances; for utterance sp01-8九金左寄 avg. like is -84.9296 over 275 frames.
LOG (gmm-acc-stats-ali[5.5.669~1-b1d80]:main():gmm-acc-stats-ali.cc:105) Processed 9250 utterances; for utterance sp01-8九香成 avg. like is -95.8005 over 205 frames.
LOG (gmm-acc-stats-ali[5.5.669~1-b1d80]:main():gmm-acc-stats-ali.cc:105) Processed 9300 utterances; for utterance sp01-8二圭左寄 avg. like is -82.6207 over 312 frames.
LOG (gmm-acc-stats-ali[5.5.669~1-b1d80]:main():gmm-acc-stats-ali.cc:105) Processed 9350 utterances; for utterance sp01-8二金右寄 avg. like is -84.3643 over 258 frames.
LOG (gmm-acc-stats-ali[5.5.669~1-b1d80]:main():gmm-acc-stats-ali.cc:105) Processed 9400 utterances; for utterance sp01-8二飛成 avg. like is -92.747 over 202 frames.
LOG (gmm-acc-stats-ali[5.5.669~1-b1d80]:main():gmm-acc-stats-ali.cc:105) Processed 9450 utterances; for utterance sp01-8五圭右寄 avg. like is -85.7441 over 281 frames.
LOG (gmm-acc-stats-ali[5.5.669~1-b1d80]:main():gmm-acc-stats-ali.cc:105) Processed 9500 utterances; for utterance sp01-8五銀右引 avg. like is -87.2961 over 262 frames.
LOG (gmm-acc-stats-ali[5.5.669~1-b1d80]:main():gmm-acc-stats-ali.cc:105) Processed 9550 utterances; for utterance sp01-8八全左寄 avg. like is -86.8982 over 307 frames.
LOG (gmm-acc-stats-ali[5.5.669~1-b1d80]:main():gmm-acc-stats-ali.cc:105) Processed 9600 utterances; for utterance sp01-8八角上成 avg. like is -89.329 over 268 frames.
LOG (gmm-acc-stats-ali[5.5.669~1-b1d80]:main():gmm-acc-stats-ali.cc:105) Processed 9650 utterances; for utterance sp01-8八銀直 avg. like is -86.8124 over 211 frames.
LOG (gmm-acc-stats-ali[5.5.669~1-b1d80]:main():gmm-acc-stats-ali.cc:105) Processed 9700 utterances; for utterance sp01-8六全右 avg. like is -90.2929 over 234 frames.
LOG (gmm-acc-stats-ali[5.5.669~1-b1d80]:main():gmm-acc-stats-ali.cc:105) Processed 9750 utterances; for utterance sp01-8六金右 avg. like is -87.6253 over 201 frames.
LOG (gmm-acc-stats-ali[5.5.669~1-b1d80]:main():gmm-acc-stats-ali.cc:105) Processed 9800 utterances; for utterance sp01-8四と左引 avg. like is -85.0991 over 281 frames.
LOG (gmm-acc-stats-ali[5.5.669~1-b1d80]:main():gmm-acc-stats-ali.cc:105) Processed 9850 utterances; for utterance sp01-8四角右 avg. like is -85.9952 over 199 frames.
LOG (gmm-acc-stats-ali[5.5.669~1-b1d80]:main():gmm-acc-stats-ali.cc:105) Processed 9900 utterances; for utterance sp01-9一と avg. like is -87.5686 over 148 frames.
LOG (gmm-acc-stats-ali[5.5.669~1-b1d80]:main():gmm-acc-stats-ali.cc:105) Processed 9950 utterances; for utterance sp01-9一桂不成 avg. like is -87.0478 over 225 frames.
LOG (gmm-acc-stats-ali[5.5.669~1-b1d80]:main():gmm-acc-stats-ali.cc:105) Processed 10000 utterances; for utterance sp01-9一銀右成 avg. like is -85.2768 over 261 frames.
LOG (gmm-acc-stats-ali[5.5.669~1-b1d80]:main():gmm-acc-stats-ali.cc:105) Processed 10050 utterances; for utterance sp01-9七と avg. like is -89.5523 over 148 frames.
LOG (gmm-acc-stats-ali[5.5.669~1-b1d80]:main():gmm-acc-stats-ali.cc:105) Processed 10100 utterances; for utterance sp01-9七桂左不成 avg. like is -84.5593 over 299 frames.
LOG (gmm-acc-stats-ali[5.5.669~1-b1d80]:main():gmm-acc-stats-ali.cc:105) Processed 10150 utterances; for utterance sp01-9七銀左 avg. like is -82.2462 over 223 frames.
LOG (gmm-acc-stats-ali[5.5.669~1-b1d80]:main():gmm-acc-stats-ali.cc:105) Processed 10200 utterances; for utterance sp01-9三と寄 avg. like is -89.081 over 208 frames.
LOG (gmm-acc-stats-ali[5.5.669~1-b1d80]:main():gmm-acc-stats-ali.cc:105) Processed 10250 utterances; for utterance sp01-9三桂左成 avg. like is -86.1446 over 285 frames.
LOG (gmm-acc-stats-ali[5.5.669~1-b1d80]:main():gmm-acc-stats-ali.cc:105) Processed 10300 utterances; for utterance sp01-9三銀左不成 avg. like is -83.2391 over 306 frames.
LOG (gmm-acc-stats-ali[5.5.669~1-b1d80]:main():gmm-acc-stats-ali.cc:105) Processed 10350 utterances; for utterance sp01-9九と右引 avg. like is -84.3942 over 256 frames.
LOG (gmm-acc-stats-ali[5.5.669~1-b1d80]:main():gmm-acc-stats-ali.cc:105) Processed 10400 utterances; for utterance sp01-9九桂右不成 avg. like is -83.9936 over 273 frames.
LOG (gmm-acc-stats-ali[5.5.669~1-b1d80]:main():gmm-acc-stats-ali.cc:105) Processed 10450 utterances; for utterance sp01-9九銀左上 avg. like is -79.7278 over 275 frames.
LOG (gmm-acc-stats-ali[5.5.669~1-b1d80]:main():gmm-acc-stats-ali.cc:105) Processed 10500 utterances; for utterance sp01-9二と右上 avg. like is -81.0028 over 256 frames.
LOG (gmm-acc-stats-ali[5.5.669~1-b1d80]:main():gmm-acc-stats-ali.cc:105) Processed 10550 utterances; for utterance sp01-9二桂打 avg. like is -84.8194 over 208 frames.
LOG (gmm-acc-stats-ali[5.5.669~1-b1d80]:main():gmm-acc-stats-ali.cc:105) Processed 10600 utterances; for utterance sp01-9二銀左引 avg. like is -81.2851 over 283 frames.
LOG (gmm-acc-stats-ali[5.5.669~1-b1d80]:main():gmm-acc-stats-ali.cc:105) Processed 10650 utterances; for utterance sp01-9五と右 avg. like is -84.9519 over 199 frames.
LOG (gmm-acc-stats-ali[5.5.669~1-b1d80]:main():gmm-acc-stats-ali.cc:105) Processed 10700 utterances; for utterance sp01-9五歩 avg. like is -88.761 over 131 frames.
LOG (gmm-acc-stats-ali[5.5.669~1-b1d80]:main():gmm-acc-stats-ali.cc:105) Processed 10750 utterances; for utterance sp01-9八と右 avg. like is -85.9417 over 198 frames.
LOG (gmm-acc-stats-ali[5.5.669~1-b1d80]:main():gmm-acc-stats-ali.cc:105) Processed 10800 utterances; for utterance sp01-9八桂 avg. like is -90.031 over 146 frames.
LOG (gmm-acc-stats-ali[5.5.669~1-b1d80]:main():gmm-acc-stats-ali.cc:105) Processed 10850 utterances; for utterance sp01-9八銀右不成 avg. like is -84.5368 over 278 frames.
LOG (gmm-acc-stats-ali[5.5.669~1-b1d80]:main():gmm-acc-stats-ali.cc:105) Processed 10900 utterances; for utterance sp01-9八龍上 avg. like is -83.8269 over 200 frames.
LOG (gmm-acc-stats-ali[5.5.669~1-b1d80]:main():gmm-acc-stats-ali.cc:105) Processed 10950 utterances; for utterance sp01-9六杏左引 avg. like is -82.2586 over 312 frames.
LOG (gmm-acc-stats-ali[5.5.669~1-b1d80]:main():gmm-acc-stats-ali.cc:105) Processed 11000 utterances; for utterance sp01-9六馬右 avg. like is -85.8747 over 192 frames.
LOG (gmm-acc-stats-ali[5.5.669~1-b1d80]:main():gmm-acc-stats-ali.cc:105) Processed 11050 utterances; for utterance sp01-9四杏上 avg. like is -81.2006 over 233 frames.
LOG (gmm-acc-stats-ali[5.5.669~1-b1d80]:main():gmm-acc-stats-ali.cc:105) Processed 11100 utterances; for utterance sp01-9四飛上 avg. like is -87.5074 over 186 frames.
LOG (apply-cmvn[5.5.669~1-b1d80]:main():apply-cmvn.cc:162) Applied cepstral mean normalization to 11119 utterances, errors on 0
LOG (gmm-acc-stats-ali[5.5.669~1-b1d80]:main():gmm-acc-stats-ali.cc:112) Done 11119 files, 0 with errors.
LOG (gmm-acc-stats-ali[5.5.669~1-b1d80]:main():gmm-acc-stats-ali.cc:115) Overall avg like per frame (Gaussian only) = -85.8962 over 2624485 frames.
LOG (gmm-acc-stats-ali[5.5.669~1-b1d80]:main():gmm-acc-stats-ali.cc:123) Written accs.
# Accounting: time=2 threads=1
# Ended (code 0) at Wed Apr 15 04:21:03 JST 2020, elapsed time 2 seconds
