# gmm-acc-stats-ali exp/mono/11.mdl "ark,s,cs:apply-cmvn  --utt2spk=ark:data/train/split1/1/utt2spk scp:data/train/split1/1/cmvn.scp scp:data/train/split1/1/feats.scp ark:- | add-deltas  ark:- ark:- |" "ark:gunzip -c exp/mono/ali.1.gz|" exp/mono/11.1.acc 
# Started at Wed Apr 15 04:20:41 JST 2020
#
gmm-acc-stats-ali exp/mono/11.mdl 'ark,s,cs:apply-cmvn  --utt2spk=ark:data/train/split1/1/utt2spk scp:data/train/split1/1/cmvn.scp scp:data/train/split1/1/feats.scp ark:- | add-deltas  ark:- ark:- |' 'ark:gunzip -c exp/mono/ali.1.gz|' exp/mono/11.1.acc 
add-deltas ark:- ark:- 
apply-cmvn --utt2spk=ark:data/train/split1/1/utt2spk scp:data/train/split1/1/cmvn.scp scp:data/train/split1/1/feats.scp ark:- 
LOG (gmm-acc-stats-ali[5.5.669~1-b1d80]:main():gmm-acc-stats-ali.cc:105) Processed 50 utterances; for utterance sp01-1一桂右 avg. like is -89.0179 over 192 frames.
LOG (gmm-acc-stats-ali[5.5.669~1-b1d80]:main():gmm-acc-stats-ali.cc:105) Processed 100 utterances; for utterance sp01-1一銀右成 avg. like is -89.2011 over 254 frames.
LOG (gmm-acc-stats-ali[5.5.669~1-b1d80]:main():gmm-acc-stats-ali.cc:105) Processed 150 utterances; for utterance sp01-1七と avg. like is -93.0368 over 147 frames.
LOG (gmm-acc-stats-ali[5.5.669~1-b1d80]:main():gmm-acc-stats-ali.cc:105) Processed 200 utterances; for utterance sp01-1七杏直 avg. like is -85.0056 over 235 frames.
LOG (gmm-acc-stats-ali[5.5.669~1-b1d80]:main():gmm-acc-stats-ali.cc:105) Processed 250 utterances; for utterance sp01-1七銀右引不成 avg. like is -88.3398 over 339 frames.
LOG (gmm-acc-stats-ali[5.5.669~1-b1d80]:main():gmm-acc-stats-ali.cc:105) Processed 300 utterances; for utterance sp01-1三と右上 avg. like is -86.6002 over 240 frames.
LOG (gmm-acc-stats-ali[5.5.669~1-b1d80]:main():gmm-acc-stats-ali.cc:105) Processed 350 utterances; for utterance sp01-1三桂右不成 avg. like is -88.4935 over 262 frames.
LOG (gmm-acc-stats-ali[5.5.669~1-b1d80]:main():gmm-acc-stats-ali.cc:105) Processed 400 utterances; for utterance sp01-1三銀右不成 avg. like is -87.1563 over 264 frames.
LOG (gmm-acc-stats-ali[5.5.669~1-b1d80]:main():gmm-acc-stats-ali.cc:105) Processed 450 utterances; for utterance sp01-1三馬打 avg. like is -90.0796 over 186 frames.
LOG (gmm-acc-stats-ali[5.5.669~1-b1d80]:main():gmm-acc-stats-ali.cc:105) Processed 500 utterances; for utterance sp01-1九杏左 avg. like is -83.3252 over 252 frames.
LOG (gmm-acc-stats-ali[5.5.669~1-b1d80]:main():gmm-acc-stats-ali.cc:105) Processed 550 utterances; for utterance sp01-1九銀右 avg. like is -87.3188 over 201 frames.
LOG (gmm-acc-stats-ali[5.5.669~1-b1d80]:main():gmm-acc-stats-ali.cc:105) Processed 600 utterances; for utterance sp01-1九馬打 avg. like is -90.0355 over 201 frames.
LOG (gmm-acc-stats-ali[5.5.669~1-b1d80]:main():gmm-acc-stats-ali.cc:105) Processed 650 utterances; for utterance sp01-1二杏右引 avg. like is -83.5735 over 295 frames.
LOG (gmm-acc-stats-ali[5.5.669~1-b1d80]:main():gmm-acc-stats-ali.cc:105) Processed 700 utterances; for utterance sp01-1二銀上 avg. like is -86.773 over 209 frames.
LOG (gmm-acc-stats-ali[5.5.669~1-b1d80]:main():gmm-acc-stats-ali.cc:105) Processed 750 utterances; for utterance sp01-1二龍上 avg. like is -85.7846 over 204 frames.
LOG (gmm-acc-stats-ali[5.5.669~1-b1d80]:main():gmm-acc-stats-ali.cc:105) Processed 800 utterances; for utterance sp01-1五杏左引 avg. like is -84.4877 over 315 frames.
LOG (gmm-acc-stats-ali[5.5.669~1-b1d80]:main():gmm-acc-stats-ali.cc:105) Processed 850 utterances; for utterance sp01-1五馬打 avg. like is -89.2428 over 204 frames.
LOG (gmm-acc-stats-ali[5.5.669~1-b1d80]:main():gmm-acc-stats-ali.cc:105) Processed 900 utterances; for utterance sp01-1八杏左寄 avg. like is -83.8652 over 310 frames.
LOG (gmm-acc-stats-ali[5.5.669~1-b1d80]:main():gmm-acc-stats-ali.cc:105) Processed 950 utterances; for utterance sp01-1八銀右引 avg. like is -87.5751 over 265 frames.
LOG (gmm-acc-stats-ali[5.5.669~1-b1d80]:main():gmm-acc-stats-ali.cc:105) Processed 1000 utterances; for utterance sp01-1六と右上 avg. like is -89.1798 over 253 frames.
LOG (gmm-acc-stats-ali[5.5.669~1-b1d80]:main():gmm-acc-stats-ali.cc:105) Processed 1050 utterances; for utterance sp01-1六桂右 avg. like is -91.7064 over 196 frames.
LOG (gmm-acc-stats-ali[5.5.669~1-b1d80]:main():gmm-acc-stats-ali.cc:105) Processed 1100 utterances; for utterance sp01-1六龍打 avg. like is -91.2707 over 203 frames.
LOG (gmm-acc-stats-ali[5.5.669~1-b1d80]:main():gmm-acc-stats-ali.cc:105) Processed 1150 utterances; for utterance sp01-1四杏直 avg. like is -83.4614 over 220 frames.
LOG (gmm-acc-stats-ali[5.5.669~1-b1d80]:main():gmm-acc-stats-ali.cc:105) Processed 1200 utterances; for utterance sp01-1四龍上 avg. like is -85.5169 over 186 frames.
LOG (gmm-acc-stats-ali[5.5.669~1-b1d80]:main():gmm-acc-stats-ali.cc:105) Processed 1250 utterances; for utterance sp01-2一杏寄 avg. like is -81.9087 over 241 frames.
LOG (gmm-acc-stats-ali[5.5.669~1-b1d80]:main():gmm-acc-stats-ali.cc:105) Processed 1300 utterances; for utterance sp01-2一金直 avg. like is -81.9378 over 205 frames.
LOG (gmm-acc-stats-ali[5.5.669~1-b1d80]:main():gmm-acc-stats-ali.cc:105) Processed 1350 utterances; for utterance sp01-2一馬右 avg. like is -83.3632 over 199 frames.
LOG (gmm-acc-stats-ali[5.5.669~1-b1d80]:main():gmm-acc-stats-ali.cc:105) Processed 1400 utterances; for utterance sp01-2七杏 avg. like is -83.0553 over 175 frames.
LOG (gmm-acc-stats-ali[5.5.669~1-b1d80]:main():gmm-acc-stats-ali.cc:105) Processed 1450 utterances; for utterance sp01-2七金左上 avg. like is -82.2206 over 266 frames.
LOG (gmm-acc-stats-ali[5.5.669~1-b1d80]:main():gmm-acc-stats-ali.cc:105) Processed 1500 utterances; for utterance sp01-2七香成 avg. like is -93.4916 over 195 frames.
LOG (gmm-acc-stats-ali[5.5.669~1-b1d80]:main():gmm-acc-stats-ali.cc:105) Processed 1550 utterances; for utterance sp01-2三圭打 avg. like is -83.5159 over 233 frames.
LOG (gmm-acc-stats-ali[5.5.669~1-b1d80]:main():gmm-acc-stats-ali.cc:105) Processed 1600 utterances; for utterance sp01-2三金左上 avg. like is -81.0731 over 267 frames.
LOG (gmm-acc-stats-ali[5.5.669~1-b1d80]:main():gmm-acc-stats-ali.cc:105) Processed 1650 utterances; for utterance sp01-2三香不成 avg. like is -89.9422 over 215 frames.
LOG (gmm-acc-stats-ali[5.5.669~1-b1d80]:main():gmm-acc-stats-ali.cc:105) Processed 1700 utterances; for utterance sp01-2九杏上 avg. like is -80.7056 over 229 frames.
LOG (gmm-acc-stats-ali[5.5.669~1-b1d80]:main():gmm-acc-stats-ali.cc:105) Processed 1750 utterances; for utterance sp01-2九金左寄 avg. like is -82.3445 over 263 frames.
LOG (gmm-acc-stats-ali[5.5.669~1-b1d80]:main():gmm-acc-stats-ali.cc:105) Processed 1800 utterances; for utterance sp01-2九飛引成 avg. like is -90.9322 over 247 frames.
LOG (gmm-acc-stats-ali[5.5.669~1-b1d80]:main():gmm-acc-stats-ali.cc:105) Processed 1850 utterances; for utterance sp01-2二圭寄 avg. like is -81.6085 over 229 frames.
LOG (gmm-acc-stats-ali[5.5.669~1-b1d80]:main():gmm-acc-stats-ali.cc:105) Processed 1900 utterances; for utterance sp01-2二金 avg. like is -79.5104 over 141 frames.
LOG (gmm-acc-stats-ali[5.5.669~1-b1d80]:main():gmm-acc-stats-ali.cc:105) Processed 1950 utterances; for utterance sp01-2二飛左 avg. like is -82.3373 over 205 frames.
LOG (gmm-acc-stats-ali[5.5.669~1-b1d80]:main():gmm-acc-stats-ali.cc:105) Processed 2000 utterances; for utterance sp01-2五圭右 avg. like is -82.0823 over 227 frames.
LOG (gmm-acc-stats-ali[5.5.669~1-b1d80]:main():gmm-acc-stats-ali.cc:105) Processed 2050 utterances; for utterance sp01-2五銀上 avg. like is -84.9377 over 206 frames.
LOG (gmm-acc-stats-ali[5.5.669~1-b1d80]:main():gmm-acc-stats-ali.cc:105) Processed 2100 utterances; for utterance sp01-2八全寄 avg. like is -88.8068 over 225 frames.
LOG (gmm-acc-stats-ali[5.5.669~1-b1d80]:main():gmm-acc-stats-ali.cc:105) Processed 2150 utterances; for utterance sp01-2八角上不成 avg. like is -86.9713 over 277 frames.
LOG (gmm-acc-stats-ali[5.5.669~1-b1d80]:main():gmm-acc-stats-ali.cc:105) Processed 2200 utterances; for utterance sp01-2八銀引成 avg. like is -89.3442 over 265 frames.
LOG (gmm-acc-stats-ali[5.5.669~1-b1d80]:main():gmm-acc-stats-ali.cc:105) Processed 2250 utterances; for utterance sp01-2六と左引 avg. like is -87.0786 over 277 frames.
LOG (gmm-acc-stats-ali[5.5.669~1-b1d80]:main():gmm-acc-stats-ali.cc:105) Processed 2300 utterances; for utterance sp01-2六角 avg. like is -90.6853 over 144 frames.
LOG (gmm-acc-stats-ali[5.5.669~1-b1d80]:main():gmm-acc-stats-ali.cc:105) Processed 2350 utterances; for utterance sp01-2六龍打 avg. like is -86.7404 over 202 frames.
LOG (gmm-acc-stats-ali[5.5.669~1-b1d80]:main():gmm-acc-stats-ali.cc:105) Processed 2400 utterances; for utterance sp01-2四桂右 avg. like is -83.5369 over 196 frames.
LOG (gmm-acc-stats-ali[5.5.669~1-b1d80]:main():gmm-acc-stats-ali.cc:105) Processed 2450 utterances; for utterance sp01-2四龍 avg. like is -82.7999 over 142 frames.
LOG (gmm-acc-stats-ali[5.5.669~1-b1d80]:main():gmm-acc-stats-ali.cc:105) Processed 2500 utterances; for utterance sp01-3一杏左寄 avg. like is -83.3056 over 321 frames.
LOG (gmm-acc-stats-ali[5.5.669~1-b1d80]:main():gmm-acc-stats-ali.cc:105) Processed 2550 utterances; for utterance sp01-3一銀上成 avg. like is -88.6002 over 279 frames.
LOG (gmm-acc-stats-ali[5.5.669~1-b1d80]:main():gmm-acc-stats-ali.cc:105) Processed 2600 utterances; for utterance sp01-3一馬引 avg. like is -89.662 over 215 frames.
LOG (gmm-acc-stats-ali[5.5.669~1-b1d80]:main():gmm-acc-stats-ali.cc:105) Processed 2650 utterances; for utterance sp01-3七杏右引 avg. like is -83.9235 over 297 frames.
LOG (gmm-acc-stats-ali[5.5.669~1-b1d80]:main():gmm-acc-stats-ali.cc:105) Processed 2700 utterances; for utterance sp01-3七金引 avg. like is -87.847 over 208 frames.
LOG (gmm-acc-stats-ali[5.5.669~1-b1d80]:main():gmm-acc-stats-ali.cc:105) Processed 2750 utterances; for utterance sp01-3七香打 avg. like is -90.8593 over 206 frames.
LOG (gmm-acc-stats-ali[5.5.669~1-b1d80]:main():gmm-acc-stats-ali.cc:105) Processed 2800 utterances; for utterance sp01-3三圭左引 avg. like is -83.458 over 308 frames.
LOG (gmm-acc-stats-ali[5.5.669~1-b1d80]:main():gmm-acc-stats-ali.cc:105) Processed 2850 utterances; for utterance sp01-3三金直 avg. like is -83.4843 over 198 frames.
LOG (gmm-acc-stats-ali[5.5.669~1-b1d80]:main():gmm-acc-stats-ali.cc:105) Processed 2900 utterances; for utterance sp01-3三香成 avg. like is -92.9054 over 199 frames.
LOG (gmm-acc-stats-ali[5.5.669~1-b1d80]:main():gmm-acc-stats-ali.cc:105) Processed 2950 utterances; for utterance sp01-3九杏上 avg. like is -83.9397 over 253 frames.
LOG (gmm-acc-stats-ali[5.5.669~1-b1d80]:main():gmm-acc-stats-ali.cc:105) Processed 3000 utterances; for utterance sp01-3九金左引 avg. like is -85.6297 over 293 frames.
LOG (gmm-acc-stats-ali[5.5.669~1-b1d80]:main():gmm-acc-stats-ali.cc:105) Processed 3050 utterances; for utterance sp01-3九馬上 avg. like is -87.7711 over 215 frames.
LOG (gmm-acc-stats-ali[5.5.669~1-b1d80]:main():gmm-acc-stats-ali.cc:105) Processed 3100 utterances; for utterance sp01-3二圭引 avg. like is -84.5144 over 241 frames.
LOG (gmm-acc-stats-ali[5.5.669~1-b1d80]:main():gmm-acc-stats-ali.cc:105) Processed 3150 utterances; for utterance sp01-3二金右引 avg. like is -83.4087 over 259 frames.
LOG (gmm-acc-stats-ali[5.5.669~1-b1d80]:main():gmm-acc-stats-ali.cc:105) Processed 3200 utterances; for utterance sp01-3二飛成 avg. like is -91.7003 over 198 frames.
LOG (gmm-acc-stats-ali[5.5.669~1-b1d80]:main():gmm-acc-stats-ali.cc:105) Processed 3250 utterances; for utterance sp01-3五圭左上 avg. like is -81.439 over 320 frames.
LOG (gmm-acc-stats-ali[5.5.669~1-b1d80]:main():gmm-acc-stats-ali.cc:105) Processed 3300 utterances; for utterance sp01-3五銀右引 avg. like is -85.1048 over 278 frames.
LOG (gmm-acc-stats-ali[5.5.669~1-b1d80]:main():gmm-acc-stats-ali.cc:105) Processed 3350 utterances; for utterance sp01-3八全打 avg. like is -90.4993 over 250 frames.
LOG (gmm-acc-stats-ali[5.5.669~1-b1d80]:main():gmm-acc-stats-ali.cc:105) Processed 3400 utterances; for utterance sp01-3八角左 avg. like is -87.158 over 235 frames.
LOG (gmm-acc-stats-ali[5.5.669~1-b1d80]:main():gmm-acc-stats-ali.cc:105) Processed 3450 utterances; for utterance sp01-3八飛右 avg. like is -90.1141 over 200 frames.
LOG (gmm-acc-stats-ali[5.5.669~1-b1d80]:main():gmm-acc-stats-ali.cc:105) Processed 3500 utterances; for utterance sp01-3六全左 avg. like is -88.9759 over 256 frames.
LOG (gmm-acc-stats-ali[5.5.669~1-b1d80]:main():gmm-acc-stats-ali.cc:105) Processed 3550 utterances; for utterance sp01-3六金寄 avg. like is -90.0272 over 205 frames.
LOG (gmm-acc-stats-ali[5.5.669~1-b1d80]:main():gmm-acc-stats-ali.cc:105) Processed 3600 utterances; for utterance sp01-3四全右 avg. like is -86.438 over 233 frames.
LOG (gmm-acc-stats-ali[5.5.669~1-b1d80]:main():gmm-acc-stats-ali.cc:105) Processed 3650 utterances; for utterance sp01-3四角引 avg. like is -88.8306 over 214 frames.
LOG (gmm-acc-stats-ali[5.5.669~1-b1d80]:main():gmm-acc-stats-ali.cc:105) Processed 3700 utterances; for utterance sp01-4一と右引 avg. like is -89.034 over 263 frames.
LOG (gmm-acc-stats-ali[5.5.669~1-b1d80]:main():gmm-acc-stats-ali.cc:105) Processed 3750 utterances; for utterance sp01-4一桂右成 avg. like is -90.1569 over 262 frames.
LOG (gmm-acc-stats-ali[5.5.669~1-b1d80]:main():gmm-acc-stats-ali.cc:105) Processed 3800 utterances; for utterance sp01-4一銀右成 avg. like is -89.1293 over 264 frames.
LOG (gmm-acc-stats-ali[5.5.669~1-b1d80]:main():gmm-acc-stats-ali.cc:105) Processed 3850 utterances; for utterance sp01-4一龍左 avg. like is -85.4111 over 221 frames.
LOG (gmm-acc-stats-ali[5.5.669~1-b1d80]:main():gmm-acc-stats-ali.cc:105) Processed 3900 utterances; for utterance sp01-4七杏引 avg. like is -86.5904 over 238 frames.
LOG (gmm-acc-stats-ali[5.5.669~1-b1d80]:main():gmm-acc-stats-ali.cc:105) Processed 3950 utterances; for utterance sp01-4七銀不成 avg. like is -89.6665 over 226 frames.
LOG (gmm-acc-stats-ali[5.5.669~1-b1d80]:main():gmm-acc-stats-ali.cc:105) Processed 4000 utterances; for utterance sp01-4七龍上 avg. like is -86.9625 over 199 frames.
LOG (gmm-acc-stats-ali[5.5.669~1-b1d80]:main():gmm-acc-stats-ali.cc:105) Processed 4050 utterances; for utterance sp01-4三杏打 avg. like is -83.5417 over 232 frames.
LOG (gmm-acc-stats-ali[5.5.669~1-b1d80]:main():gmm-acc-stats-ali.cc:105) Processed 4100 utterances; for utterance sp01-4三銀左上 avg. like is -83.4631 over 270 frames.
LOG (gmm-acc-stats-ali[5.5.669~1-b1d80]:main():gmm-acc-stats-ali.cc:105) Processed 4150 utterances; for utterance sp01-4九と右 avg. like is -88.0265 over 202 frames.
LOG (gmm-acc-stats-ali[5.5.669~1-b1d80]:main():gmm-acc-stats-ali.cc:105) Processed 4200 utterances; for utterance sp01-4九桂右不成 avg. like is -87.7882 over 279 frames.
LOG (gmm-acc-stats-ali[5.5.669~1-b1d80]:main():gmm-acc-stats-ali.cc:105) Processed 4250 utterances; for utterance sp01-4九銀右引 avg. like is -87.0687 over 264 frames.
LOG (gmm-acc-stats-ali[5.5.669~1-b1d80]:main():gmm-acc-stats-ali.cc:105) Processed 4300 utterances; for utterance sp01-4二と右 avg. like is -86.0066 over 198 frames.
LOG (gmm-acc-stats-ali[5.5.669~1-b1d80]:main():gmm-acc-stats-ali.cc:105) Processed 4350 utterances; for utterance sp01-4二杏直 avg. like is -82.3681 over 234 frames.
LOG (gmm-acc-stats-ali[5.5.669~1-b1d80]:main():gmm-acc-stats-ali.cc:105) Processed 4400 utterances; for utterance sp01-4二銀右上不成 avg. like is -84.4949 over 334 frames.
LOG (gmm-acc-stats-ali[5.5.669~1-b1d80]:main():gmm-acc-stats-ali.cc:105) Processed 4450 utterances; for utterance sp01-4二龍打 avg. like is -85.5228 over 204 frames.
LOG (gmm-acc-stats-ali[5.5.669~1-b1d80]:main():gmm-acc-stats-ali.cc:105) Processed 4500 utterances; for utterance sp01-4五杏引 avg. like is -84.1873 over 247 frames.
LOG (gmm-acc-stats-ali[5.5.669~1-b1d80]:main():gmm-acc-stats-ali.cc:105) Processed 4550 utterances; for utterance sp01-4五馬引 avg. like is -88.3495 over 208 frames.
LOG (gmm-acc-stats-ali[5.5.669~1-b1d80]:main():gmm-acc-stats-ali.cc:105) Processed 4600 utterances; for utterance sp01-4八杏右上 avg. like is -81.7435 over 289 frames.
LOG (gmm-acc-stats-ali[5.5.669~1-b1d80]:main():gmm-acc-stats-ali.cc:105) Processed 4650 utterances; for utterance sp01-4八金直 avg. like is -85.0463 over 199 frames.
LOG (gmm-acc-stats-ali[5.5.669~1-b1d80]:main():gmm-acc-stats-ali.cc:105) Processed 4700 utterances; for utterance sp01-4八香成 avg. like is -94.3554 over 200 frames.
LOG (gmm-acc-stats-ali[5.5.669~1-b1d80]:main():gmm-acc-stats-ali.cc:105) Processed 4750 utterances; for utterance sp01-4六圭打 avg. like is -87.1995 over 234 frames.
LOG (gmm-acc-stats-ali[5.5.669~1-b1d80]:main():gmm-acc-stats-ali.cc:105) Processed 4800 utterances; for utterance sp01-4六銀左上 avg. like is -85.6026 over 277 frames.
LOG (gmm-acc-stats-ali[5.5.669~1-b1d80]:main():gmm-acc-stats-ali.cc:105) Processed 4850 utterances; for utterance sp01-4四全打 avg. like is -90.2092 over 231 frames.
LOG (gmm-acc-stats-ali[5.5.669~1-b1d80]:main():gmm-acc-stats-ali.cc:105) Processed 4900 utterances; for utterance sp01-4四金引 avg. like is -88.6337 over 198 frames.
LOG (gmm-acc-stats-ali[5.5.669~1-b1d80]:main():gmm-acc-stats-ali.cc:105) Processed 4950 utterances; for utterance sp01-5一全右寄 avg. like is -87.3212 over 285 frames.
LOG (gmm-acc-stats-ali[5.5.669~1-b1d80]:main():gmm-acc-stats-ali.cc:105) Processed 5000 utterances; for utterance sp01-5一角上成 avg. like is -88.8348 over 267 frames.
LOG (gmm-acc-stats-ali[5.5.669~1-b1d80]:main():gmm-acc-stats-ali.cc:105) Processed 5050 utterances; for utterance sp01-5一銀成 avg. like is -89.4833 over 213 frames.
LOG (gmm-acc-stats-ali[5.5.669~1-b1d80]:main():gmm-acc-stats-ali.cc:105) Processed 5100 utterances; for utterance sp01-5七と打 avg. like is -89.2813 over 211 frames.
LOG (gmm-acc-stats-ali[5.5.669~1-b1d80]:main():gmm-acc-stats-ali.cc:105) Processed 5150 utterances; for utterance sp01-5七歩 avg. like is -91.0712 over 133 frames.
LOG (gmm-acc-stats-ali[5.5.669~1-b1d80]:main():gmm-acc-stats-ali.cc:105) Processed 5200 utterances; for utterance sp01-5七銀左引不成 avg. like is -86.6108 over 363 frames.
LOG (gmm-acc-stats-ali[5.5.669~1-b1d80]:main():gmm-acc-stats-ali.cc:105) Processed 5250 utterances; for utterance sp01-5三と左寄 avg. like is -85.6521 over 270 frames.
LOG (gmm-acc-stats-ali[5.5.669~1-b1d80]:main():gmm-acc-stats-ali.cc:105) Processed 5300 utterances; for utterance sp01-5三桂右成 avg. like is -87.751 over 254 frames.
LOG (gmm-acc-stats-ali[5.5.669~1-b1d80]:main():gmm-acc-stats-ali.cc:105) Processed 5350 utterances; for utterance sp01-5三銀左 avg. like is -83.4638 over 218 frames.
LOG (gmm-acc-stats-ali[5.5.669~1-b1d80]:main():gmm-acc-stats-ali.cc:105) Processed 5400 utterances; for utterance sp01-5九と右上 avg. like is -83.5423 over 254 frames.
LOG (gmm-acc-stats-ali[5.5.669~1-b1d80]:main():gmm-acc-stats-ali.cc:105) Processed 5450 utterances; for utterance sp01-5九桂右不成 avg. like is -85.6883 over 276 frames.
LOG (gmm-acc-stats-ali[5.5.669~1-b1d80]:main():gmm-acc-stats-ali.cc:105) Processed 5500 utterances; for utterance sp01-5九銀右不成 avg. like is -84.5873 over 278 frames.
LOG (gmm-acc-stats-ali[5.5.669~1-b1d80]:main():gmm-acc-stats-ali.cc:105) Processed 5550 utterances; for utterance sp01-5九龍左 avg. like is -81.3805 over 216 frames.
LOG (gmm-acc-stats-ali[5.5.669~1-b1d80]:main():gmm-acc-stats-ali.cc:105) Processed 5600 utterances; for utterance sp01-5二杏左引 avg. like is -81.1553 over 310 frames.
LOG (gmm-acc-stats-ali[5.5.669~1-b1d80]:main():gmm-acc-stats-ali.cc:105) Processed 5650 utterances; for utterance sp01-5二銀右 avg. like is -81.8936 over 199 frames.
LOG (gmm-acc-stats-ali[5.5.669~1-b1d80]:main():gmm-acc-stats-ali.cc:105) Processed 5700 utterances; for utterance sp01-5二馬打 avg. like is -84.5278 over 199 frames.
LOG (gmm-acc-stats-ali[5.5.669~1-b1d80]:main():gmm-acc-stats-ali.cc:105) Processed 5750 utterances; for utterance sp01-5五杏右寄 avg. like is -83.0443 over 286 frames.
LOG (gmm-acc-stats-ali[5.5.669~1-b1d80]:main():gmm-acc-stats-ali.cc:105) Processed 5800 utterances; for utterance sp01-5五香打 avg. like is -90.2709 over 201 frames.
LOG (gmm-acc-stats-ali[5.5.669~1-b1d80]:main():gmm-acc-stats-ali.cc:105) Processed 5850 utterances; for utterance sp01-5八圭左引 avg. like is -83.9312 over 307 frames.
LOG (gmm-acc-stats-ali[5.5.669~1-b1d80]:main():gmm-acc-stats-ali.cc:105) Processed 5900 utterances; for utterance sp01-5八金左寄 avg. like is -84.0878 over 268 frames.
LOG (gmm-acc-stats-ali[5.5.669~1-b1d80]:main():gmm-acc-stats-ali.cc:105) Processed 5950 utterances; for utterance sp01-5八馬 avg. like is -88.8494 over 140 frames.
LOG (gmm-acc-stats-ali[5.5.669~1-b1d80]:main():gmm-acc-stats-ali.cc:105) Processed 6000 utterances; for utterance sp01-5六圭直 avg. like is -84.7993 over 237 frames.
LOG (gmm-acc-stats-ali[5.5.669~1-b1d80]:main():gmm-acc-stats-ali.cc:105) Processed 6050 utterances; for utterance sp01-5六飛右 avg. like is -89.1828 over 190 frames.
LOG (gmm-acc-stats-ali[5.5.669~1-b1d80]:main():gmm-acc-stats-ali.cc:105) Processed 6100 utterances; for utterance sp01-5四圭左寄 avg. like is -83.8761 over 295 frames.
LOG (gmm-acc-stats-ali[5.5.669~1-b1d80]:main():gmm-acc-stats-ali.cc:105) Processed 6150 utterances; for utterance sp01-5四銀打 avg. like is -87.4725 over 203 frames.
LOG (gmm-acc-stats-ali[5.5.669~1-b1d80]:main():gmm-acc-stats-ali.cc:105) Processed 6200 utterances; for utterance sp01-6一圭 avg. like is -89.0969 over 171 frames.
LOG (gmm-acc-stats-ali[5.5.669~1-b1d80]:main():gmm-acc-stats-ali.cc:105) Processed 6250 utterances; for utterance sp01-6一角引不成 avg. like is -92.0717 over 282 frames.
LOG (gmm-acc-stats-ali[5.5.669~1-b1d80]:main():gmm-acc-stats-ali.cc:105) Processed 6300 utterances; for utterance sp01-6一飛寄 avg. like is -95.4415 over 184 frames.
LOG (gmm-acc-stats-ali[5.5.669~1-b1d80]:main():gmm-acc-stats-ali.cc:105) Processed 6350 utterances; for utterance sp01-6七全引 avg. like is -93.661 over 250 frames.
LOG (gmm-acc-stats-ali[5.5.669~1-b1d80]:main():gmm-acc-stats-ali.cc:105) Processed 6400 utterances; for utterance sp01-6七角右成 avg. like is -91.3585 over 273 frames.
LOG (gmm-acc-stats-ali[5.5.669~1-b1d80]:main():gmm-acc-stats-ali.cc:105) Processed 6450 utterances; for utterance sp01-6七飛右 avg. like is -92.063 over 200 frames.
LOG (gmm-acc-stats-ali[5.5.669~1-b1d80]:main():gmm-acc-stats-ali.cc:105) Processed 6500 utterances; for utterance sp01-6三全左 avg. like is -88.1211 over 239 frames.
LOG (gmm-acc-stats-ali[5.5.669~1-b1d80]:main():gmm-acc-stats-ali.cc:105) Processed 6550 utterances; for utterance sp01-6三角 avg. like is -92.4774 over 139 frames.
LOG (gmm-acc-stats-ali[5.5.669~1-b1d80]:main():gmm-acc-stats-ali.cc:105) Processed 6600 utterances; for utterance sp01-6三銀引成 avg. like is -91.5566 over 262 frames.
LOG (gmm-acc-stats-ali[5.5.669~1-b1d80]:main():gmm-acc-stats-ali.cc:105) Processed 6650 utterances; for utterance sp01-6九全上 avg. like is -89.9374 over 227 frames.
LOG (gmm-acc-stats-ali[5.5.669~1-b1d80]:main():gmm-acc-stats-ali.cc:105) Processed 6700 utterances; for utterance sp01-6九角 avg. like is -92.4927 over 144 frames.
LOG (gmm-acc-stats-ali[5.5.669~1-b1d80]:main():gmm-acc-stats-ali.cc:105) Processed 6750 utterances; for utterance sp01-6九銀打 avg. like is -89.2905 over 207 frames.
LOG (gmm-acc-stats-ali[5.5.669~1-b1d80]:main():gmm-acc-stats-ali.cc:105) Processed 6800 utterances; for utterance sp01-6二全右 avg. like is -88.0222 over 224 frames.
LOG (gmm-acc-stats-ali[5.5.669~1-b1d80]:main():gmm-acc-stats-ali.cc:105) Processed 6850 utterances; for utterance sp01-6二玉 avg. like is -92.0094 over 150 frames.
LOG (gmm-acc-stats-ali[5.5.669~1-b1d80]:main():gmm-acc-stats-ali.cc:105) Processed 6900 utterances; for utterance sp01-6二銀打 avg. like is -87.8229 over 209 frames.
LOG (gmm-acc-stats-ali[5.5.669~1-b1d80]:main():gmm-acc-stats-ali.cc:105) Processed 6950 utterances; for utterance sp01-6五全右上 avg. like is -86.6963 over 283 frames.
LOG (gmm-acc-stats-ali[5.5.669~1-b1d80]:main():gmm-acc-stats-ali.cc:105) Processed 7000 utterances; for utterance sp01-6五金右引 avg. like is -86.3127 over 254 frames.
LOG (gmm-acc-stats-ali[5.5.669~1-b1d80]:main():gmm-acc-stats-ali.cc:105) Processed 7050 utterances; for utterance sp01-6八と打 avg. like is -91.7111 over 213 frames.
LOG (gmm-acc-stats-ali[5.5.669~1-b1d80]:main():gmm-acc-stats-ali.cc:105) Processed 7100 utterances; for utterance sp01-6八桂打 avg. like is -92.0124 over 213 frames.
LOG (gmm-acc-stats-ali[5.5.669~1-b1d80]:main():gmm-acc-stats-ali.cc:105) Processed 7150 utterances; for utterance sp01-6八銀左引不成 avg. like is -88.1687 over 366 frames.
LOG (gmm-acc-stats-ali[5.5.669~1-b1d80]:main():gmm-acc-stats-ali.cc:105) Processed 7200 utterances; for utterance sp01-6六と寄 avg. like is -95.3588 over 202 frames.
LOG (gmm-acc-stats-ali[5.5.669~1-b1d80]:main():gmm-acc-stats-ali.cc:105) Processed 7250 utterances; for utterance sp01-6六角 avg. like is -97.844 over 147 frames.
LOG (gmm-acc-stats-ali[5.5.669~1-b1d80]:main():gmm-acc-stats-ali.cc:105) Processed 7300 utterances; for utterance sp01-6四と右寄 avg. like is -88.6159 over 243 frames.
LOG (gmm-acc-stats-ali[5.5.669~1-b1d80]:main():gmm-acc-stats-ali.cc:105) Processed 7350 utterances; for utterance sp01-6四桂打 avg. like is -90.6386 over 197 frames.
LOG (gmm-acc-stats-ali[5.5.669~1-b1d80]:main():gmm-acc-stats-ali.cc:105) Processed 7400 utterances; for utterance sp01-6四龍左 avg. like is -85.122 over 206 frames.
LOG (gmm-acc-stats-ali[5.5.669~1-b1d80]:main():gmm-acc-stats-ali.cc:105) Processed 7450 utterances; for utterance sp01-7一杏左寄 avg. like is -83.1784 over 304 frames.
LOG (gmm-acc-stats-ali[5.5.669~1-b1d80]:main():gmm-acc-stats-ali.cc:105) Processed 7500 utterances; for utterance sp01-7一銀不成 avg. like is -88.9018 over 225 frames.
LOG (gmm-acc-stats-ali[5.5.669~1-b1d80]:main():gmm-acc-stats-ali.cc:105) Processed 7550 utterances; for utterance sp01-7一龍右 avg. like is -85.284 over 194 frames.
LOG (gmm-acc-stats-ali[5.5.669~1-b1d80]:main():gmm-acc-stats-ali.cc:105) Processed 7600 utterances; for utterance sp01-7七杏左 avg. like is -82.1388 over 252 frames.
LOG (gmm-acc-stats-ali[5.5.669~1-b1d80]:main():gmm-acc-stats-ali.cc:105) Processed 7650 utterances; for utterance sp01-7七銀上不成 avg. like is -87.3917 over 285 frames.
LOG (gmm-acc-stats-ali[5.5.669~1-b1d80]:main():gmm-acc-stats-ali.cc:105) Processed 7700 utterances; for utterance sp01-7七馬右 avg. like is -86.8831 over 193 frames.
LOG (gmm-acc-stats-ali[5.5.669~1-b1d80]:main():gmm-acc-stats-ali.cc:105) Processed 7750 utterances; for utterance sp01-7三圭直 avg. like is -86.3551 over 233 frames.
LOG (gmm-acc-stats-ali[5.5.669~1-b1d80]:main():gmm-acc-stats-ali.cc:105) Processed 7800 utterances; for utterance sp01-7三金左 avg. like is -85.4192 over 216 frames.
LOG (gmm-acc-stats-ali[5.5.669~1-b1d80]:main():gmm-acc-stats-ali.cc:105) Processed 7850 utterances; for utterance sp01-7三香打 avg. like is -93.215 over 202 frames.
LOG (gmm-acc-stats-ali[5.5.669~1-b1d80]:main():gmm-acc-stats-ali.cc:105) Processed 7900 utterances; for utterance sp01-7九圭左上 avg. like is -82.5742 over 310 frames.
LOG (gmm-acc-stats-ali[5.5.669~1-b1d80]:main():gmm-acc-stats-ali.cc:105) Processed 7950 utterances; for utterance sp01-7九金右寄 avg. like is -85.1799 over 253 frames.
LOG (gmm-acc-stats-ali[5.5.669~1-b1d80]:main():gmm-acc-stats-ali.cc:105) Processed 8000 utterances; for utterance sp01-7九飛左 avg. like is -87.6737 over 211 frames.
LOG (gmm-acc-stats-ali[5.5.669~1-b1d80]:main():gmm-acc-stats-ali.cc:105) Processed 8050 utterances; for utterance sp01-7二圭右寄 avg. like is -84.2959 over 286 frames.
LOG (gmm-acc-stats-ali[5.5.669~1-b1d80]:main():gmm-acc-stats-ali.cc:105) Processed 8100 utterances; for utterance sp01-7二角打 avg. like is -87.8414 over 213 frames.
LOG (gmm-acc-stats-ali[5.5.669~1-b1d80]:main():gmm-acc-stats-ali.cc:105) Processed 8150 utterances; for utterance sp01-7二飛寄成 avg. like is -92.6664 over 252 frames.
LOG (gmm-acc-stats-ali[5.5.669~1-b1d80]:main():gmm-acc-stats-ali.cc:105) Processed 8200 utterances; for utterance sp01-7五全直 avg. like is -89.2732 over 235 frames.
LOG (gmm-acc-stats-ali[5.5.669~1-b1d80]:main():gmm-acc-stats-ali.cc:105) Processed 8250 utterances; for utterance sp01-7五金引 avg. like is -89.1658 over 207 frames.
LOG (gmm-acc-stats-ali[5.5.669~1-b1d80]:main():gmm-acc-stats-ali.cc:105) Processed 8300 utterances; for utterance sp01-7八全 avg. like is -94.2921 over 181 frames.
LOG (gmm-acc-stats-ali[5.5.669~1-b1d80]:main():gmm-acc-stats-ali.cc:105) Processed 8350 utterances; for utterance sp01-7八角上 avg. like is -90.3153 over 210 frames.
LOG (gmm-acc-stats-ali[5.5.669~1-b1d80]:main():gmm-acc-stats-ali.cc:105) Processed 8400 utterances; for utterance sp01-7八銀直 avg. like is -89.1329 over 213 frames.
LOG (gmm-acc-stats-ali[5.5.669~1-b1d80]:main():gmm-acc-stats-ali.cc:105) Processed 8450 utterances; for utterance sp01-7六全上 avg. like is -91.0667 over 239 frames.
LOG (gmm-acc-stats-ali[5.5.669~1-b1d80]:main():gmm-acc-stats-ali.cc:105) Processed 8500 utterances; for utterance sp01-7六角打 avg. like is -91.6252 over 216 frames.
LOG (gmm-acc-stats-ali[5.5.669~1-b1d80]:main():gmm-acc-stats-ali.cc:105) Processed 8550 utterances; for utterance sp01-7四と左 avg. like is -87.2669 over 213 frames.
LOG (gmm-acc-stats-ali[5.5.669~1-b1d80]:main():gmm-acc-stats-ali.cc:105) Processed 8600 utterances; for utterance sp01-7四玉打 avg. like is -91.2644 over 205 frames.
LOG (gmm-acc-stats-ali[5.5.669~1-b1d80]:main():gmm-acc-stats-ali.cc:105) Processed 8650 utterances; for utterance sp01-8一と avg. like is -92.2785 over 151 frames.
LOG (gmm-acc-stats-ali[5.5.669~1-b1d80]:main():gmm-acc-stats-ali.cc:105) Processed 8700 utterances; for utterance sp01-8一桂左 avg. like is -87.1284 over 223 frames.
LOG (gmm-acc-stats-ali[5.5.669~1-b1d80]:main():gmm-acc-stats-ali.cc:105) Processed 8750 utterances; for utterance sp01-8一銀右成 avg. like is -88.6669 over 264 frames.
LOG (gmm-acc-stats-ali[5.5.669~1-b1d80]:main():gmm-acc-stats-ali.cc:105) Processed 8800 utterances; for utterance sp01-8七と右上 avg. like is -87.8833 over 261 frames.
LOG (gmm-acc-stats-ali[5.5.669~1-b1d80]:main():gmm-acc-stats-ali.cc:105) Processed 8850 utterances; for utterance sp01-8七桂不成 avg. like is -92.3656 over 230 frames.
LOG (gmm-acc-stats-ali[5.5.669~1-b1d80]:main():gmm-acc-stats-ali.cc:105) Processed 8900 utterances; for utterance sp01-8七銀右引 avg. like is -89.1822 over 267 frames.
LOG (gmm-acc-stats-ali[5.5.669~1-b1d80]:main():gmm-acc-stats-ali.cc:105) Processed 8950 utterances; for utterance sp01-8七龍上 avg. like is -89.1526 over 206 frames.
LOG (gmm-acc-stats-ali[5.5.669~1-b1d80]:main():gmm-acc-stats-ali.cc:105) Processed 9000 utterances; for utterance sp01-8三杏左 avg. like is -82.8185 over 254 frames.
LOG (gmm-acc-stats-ali[5.5.669~1-b1d80]:main():gmm-acc-stats-ali.cc:105) Processed 9050 utterances; for utterance sp01-8三銀上不成 avg. like is -88.193 over 286 frames.
LOG (gmm-acc-stats-ali[5.5.669~1-b1d80]:main():gmm-acc-stats-ali.cc:105) Processed 9100 utterances; for utterance sp01-8三馬 avg. like is -91.7511 over 143 frames.
LOG (gmm-acc-stats-ali[5.5.669~1-b1d80]:main():gmm-acc-stats-ali.cc:105) Processed 9150 utterances; for utterance sp01-8九杏 avg. like is -86.6557 over 185 frames.
LOG (gmm-acc-stats-ali[5.5.669~1-b1d80]:main():gmm-acc-stats-ali.cc:105) Processed 9200 utterances; for utterance sp01-8九金左寄 avg. like is -86.4057 over 275 frames.
LOG (gmm-acc-stats-ali[5.5.669~1-b1d80]:main():gmm-acc-stats-ali.cc:105) Processed 9250 utterances; for utterance sp01-8九香成 avg. like is -96.3819 over 205 frames.
LOG (gmm-acc-stats-ali[5.5.669~1-b1d80]:main():gmm-acc-stats-ali.cc:105) Processed 9300 utterances; for utterance sp01-8二圭左寄 avg. like is -83.9988 over 312 frames.
LOG (gmm-acc-stats-ali[5.5.669~1-b1d80]:main():gmm-acc-stats-ali.cc:105) Processed 9350 utterances; for utterance sp01-8二金右寄 avg. like is -85.299 over 258 frames.
LOG (gmm-acc-stats-ali[5.5.669~1-b1d80]:main():gmm-acc-stats-ali.cc:105) Processed 9400 utterances; for utterance sp01-8二飛成 avg. like is -93.8707 over 202 frames.
LOG (gmm-acc-stats-ali[5.5.669~1-b1d80]:main():gmm-acc-stats-ali.cc:105) Processed 9450 utterances; for utterance sp01-8五圭右寄 avg. like is -86.4475 over 281 frames.
LOG (gmm-acc-stats-ali[5.5.669~1-b1d80]:main():gmm-acc-stats-ali.cc:105) Processed 9500 utterances; for utterance sp01-8五銀右引 avg. like is -88.6831 over 262 frames.
LOG (gmm-acc-stats-ali[5.5.669~1-b1d80]:main():gmm-acc-stats-ali.cc:105) Processed 9550 utterances; for utterance sp01-8八全左寄 avg. like is -88.4974 over 307 frames.
LOG (gmm-acc-stats-ali[5.5.669~1-b1d80]:main():gmm-acc-stats-ali.cc:105) Processed 9600 utterances; for utterance sp01-8八角上成 avg. like is -90.6511 over 268 frames.
LOG (gmm-acc-stats-ali[5.5.669~1-b1d80]:main():gmm-acc-stats-ali.cc:105) Processed 9650 utterances; for utterance sp01-8八銀直 avg. like is -88.0535 over 211 frames.
LOG (gmm-acc-stats-ali[5.5.669~1-b1d80]:main():gmm-acc-stats-ali.cc:105) Processed 9700 utterances; for utterance sp01-8六全右 avg. like is -91.1712 over 234 frames.
LOG (gmm-acc-stats-ali[5.5.669~1-b1d80]:main():gmm-acc-stats-ali.cc:105) Processed 9750 utterances; for utterance sp01-8六金右 avg. like is -88.6192 over 201 frames.
LOG (gmm-acc-stats-ali[5.5.669~1-b1d80]:main():gmm-acc-stats-ali.cc:105) Processed 9800 utterances; for utterance sp01-8四と左引 avg. like is -87.1769 over 281 frames.
LOG (gmm-acc-stats-ali[5.5.669~1-b1d80]:main():gmm-acc-stats-ali.cc:105) Processed 9850 utterances; for utterance sp01-8四角右 avg. like is -87.2835 over 199 frames.
LOG (gmm-acc-stats-ali[5.5.669~1-b1d80]:main():gmm-acc-stats-ali.cc:105) Processed 9900 utterances; for utterance sp01-9一と avg. like is -88.4555 over 148 frames.
LOG (gmm-acc-stats-ali[5.5.669~1-b1d80]:main():gmm-acc-stats-ali.cc:105) Processed 9950 utterances; for utterance sp01-9一桂不成 avg. like is -88.2091 over 225 frames.
LOG (gmm-acc-stats-ali[5.5.669~1-b1d80]:main():gmm-acc-stats-ali.cc:105) Processed 10000 utterances; for utterance sp01-9一銀右成 avg. like is -86.5278 over 261 frames.
LOG (gmm-acc-stats-ali[5.5.669~1-b1d80]:main():gmm-acc-stats-ali.cc:105) Processed 10050 utterances; for utterance sp01-9七と avg. like is -90.2927 over 148 frames.
LOG (gmm-acc-stats-ali[5.5.669~1-b1d80]:main():gmm-acc-stats-ali.cc:105) Processed 10100 utterances; for utterance sp01-9七桂左不成 avg. like is -86.4928 over 299 frames.
LOG (gmm-acc-stats-ali[5.5.669~1-b1d80]:main():gmm-acc-stats-ali.cc:105) Processed 10150 utterances; for utterance sp01-9七銀左 avg. like is -84.442 over 223 frames.
LOG (gmm-acc-stats-ali[5.5.669~1-b1d80]:main():gmm-acc-stats-ali.cc:105) Processed 10200 utterances; for utterance sp01-9三と寄 avg. like is -89.772 over 208 frames.
LOG (gmm-acc-stats-ali[5.5.669~1-b1d80]:main():gmm-acc-stats-ali.cc:105) Processed 10250 utterances; for utterance sp01-9三桂左成 avg. like is -87.7563 over 285 frames.
LOG (gmm-acc-stats-ali[5.5.669~1-b1d80]:main():gmm-acc-stats-ali.cc:105) Processed 10300 utterances; for utterance sp01-9三銀左不成 avg. like is -85.3586 over 306 frames.
LOG (gmm-acc-stats-ali[5.5.669~1-b1d80]:main():gmm-acc-stats-ali.cc:105) Processed 10350 utterances; for utterance sp01-9九と右引 avg. like is -85.5064 over 256 frames.
LOG (gmm-acc-stats-ali[5.5.669~1-b1d80]:main():gmm-acc-stats-ali.cc:105) Processed 10400 utterances; for utterance sp01-9九桂右不成 avg. like is -85.138 over 273 frames.
LOG (gmm-acc-stats-ali[5.5.669~1-b1d80]:main():gmm-acc-stats-ali.cc:105) Processed 10450 utterances; for utterance sp01-9九銀左上 avg. like is -81.8758 over 275 frames.
LOG (gmm-acc-stats-ali[5.5.669~1-b1d80]:main():gmm-acc-stats-ali.cc:105) Processed 10500 utterances; for utterance sp01-9二と右上 avg. like is -82.5323 over 256 frames.
LOG (gmm-acc-stats-ali[5.5.669~1-b1d80]:main():gmm-acc-stats-ali.cc:105) Processed 10550 utterances; for utterance sp01-9二桂打 avg. like is -85.5628 over 208 frames.
LOG (gmm-acc-stats-ali[5.5.669~1-b1d80]:main():gmm-acc-stats-ali.cc:105) Processed 10600 utterances; for utterance sp01-9二銀左引 avg. like is -83.3467 over 283 frames.
LOG (gmm-acc-stats-ali[5.5.669~1-b1d80]:main():gmm-acc-stats-ali.cc:105) Processed 10650 utterances; for utterance sp01-9五と右 avg. like is -85.6807 over 199 frames.
LOG (gmm-acc-stats-ali[5.5.669~1-b1d80]:main():gmm-acc-stats-ali.cc:105) Processed 10700 utterances; for utterance sp01-9五歩 avg. like is -88.9405 over 131 frames.
LOG (gmm-acc-stats-ali[5.5.669~1-b1d80]:main():gmm-acc-stats-ali.cc:105) Processed 10750 utterances; for utterance sp01-9八と右 avg. like is -86.9987 over 198 frames.
LOG (gmm-acc-stats-ali[5.5.669~1-b1d80]:main():gmm-acc-stats-ali.cc:105) Processed 10800 utterances; for utterance sp01-9八桂 avg. like is -90.6321 over 146 frames.
LOG (gmm-acc-stats-ali[5.5.669~1-b1d80]:main():gmm-acc-stats-ali.cc:105) Processed 10850 utterances; for utterance sp01-9八銀右不成 avg. like is -86.1553 over 278 frames.
LOG (gmm-acc-stats-ali[5.5.669~1-b1d80]:main():gmm-acc-stats-ali.cc:105) Processed 10900 utterances; for utterance sp01-9八龍上 avg. like is -85.1121 over 200 frames.
LOG (gmm-acc-stats-ali[5.5.669~1-b1d80]:main():gmm-acc-stats-ali.cc:105) Processed 10950 utterances; for utterance sp01-9六杏左引 avg. like is -84.1053 over 312 frames.
LOG (gmm-acc-stats-ali[5.5.669~1-b1d80]:main():gmm-acc-stats-ali.cc:105) Processed 11000 utterances; for utterance sp01-9六馬右 avg. like is -87.0312 over 192 frames.
LOG (gmm-acc-stats-ali[5.5.669~1-b1d80]:main():gmm-acc-stats-ali.cc:105) Processed 11050 utterances; for utterance sp01-9四杏上 avg. like is -82.5367 over 233 frames.
LOG (gmm-acc-stats-ali[5.5.669~1-b1d80]:main():gmm-acc-stats-ali.cc:105) Processed 11100 utterances; for utterance sp01-9四飛上 avg. like is -89.4537 over 186 frames.
LOG (apply-cmvn[5.5.669~1-b1d80]:main():apply-cmvn.cc:162) Applied cepstral mean normalization to 11119 utterances, errors on 0
LOG (gmm-acc-stats-ali[5.5.669~1-b1d80]:main():gmm-acc-stats-ali.cc:112) Done 11119 files, 0 with errors.
LOG (gmm-acc-stats-ali[5.5.669~1-b1d80]:main():gmm-acc-stats-ali.cc:115) Overall avg like per frame (Gaussian only) = -87.2314 over 2624485 frames.
LOG (gmm-acc-stats-ali[5.5.669~1-b1d80]:main():gmm-acc-stats-ali.cc:123) Written accs.
# Accounting: time=3 threads=1
# Ended (code 0) at Wed Apr 15 04:20:44 JST 2020, elapsed time 3 seconds
