# gmm-est --write-occs=exp/mono/28.occs --mix-up=875 --power=0.25 exp/mono/27.mdl "gmm-sum-accs - exp/mono/27.*.acc|" exp/mono/28.mdl 
# Started at Wed Apr 15 04:23:51 JST 2020
#
gmm-est --write-occs=exp/mono/28.occs --mix-up=875 --power=0.25 exp/mono/27.mdl 'gmm-sum-accs - exp/mono/27.*.acc|' exp/mono/28.mdl 
gmm-sum-accs - exp/mono/27.1.acc 
LOG (gmm-sum-accs[5.5.669~1-b1d80]:main():gmm-sum-accs.cc:63) Summed 1 stats, total count 2.62448e+06, avg like/frame -72.5395
LOG (gmm-sum-accs[5.5.669~1-b1d80]:main():gmm-sum-accs.cc:66) Total count of stats is 2.62448e+06
LOG (gmm-sum-accs[5.5.669~1-b1d80]:main():gmm-sum-accs.cc:67) Written stats to -
LOG (gmm-est[5.5.669~1-b1d80]:MleUpdate():transition-model.cc:528) TransitionModel::Update, objf change is 0 per frame over 2.62448e+06 frames. 
LOG (gmm-est[5.5.669~1-b1d80]:MleUpdate():transition-model.cc:531) 17 probabilities floored, 357 out of 494 transition-states skipped due to insuffient data (it is normal to have some skipped.)
LOG (gmm-est[5.5.669~1-b1d80]:main():gmm-est.cc:102) Transition model update: Overall 0 log-like improvement per frame over 2.62448e+06 frames.
WARNING (gmm-est[5.5.669~1-b1d80]:MleDiagGmmUpdate():mle-diag-gmm.cc:365) Gaussian has too little data but not removing it because it is the last Gaussian: i = 0, occ = 0, weight = 1
WARNING (gmm-est[5.5.669~1-b1d80]:MleDiagGmmUpdate():mle-diag-gmm.cc:365) Gaussian has too little data but not removing it because it is the last Gaussian: i = 0, occ = 0, weight = 1
WARNING (gmm-est[5.5.669~1-b1d80]:MleDiagGmmUpdate():mle-diag-gmm.cc:365) Gaussian has too little data but not removing it because it is the last Gaussian: i = 0, occ = 0, weight = 1
WARNING (gmm-est[5.5.669~1-b1d80]:MleDiagGmmUpdate():mle-diag-gmm.cc:365) Gaussian has too little data but not removing it because it is the last Gaussian: i = 0, occ = 0, weight = 1
WARNING (gmm-est[5.5.669~1-b1d80]:MleDiagGmmUpdate():mle-diag-gmm.cc:365) Gaussian has too little data but not removing it because it is the last Gaussian: i = 0, occ = 0, weight = 1
WARNING (gmm-est[5.5.669~1-b1d80]:MleDiagGmmUpdate():mle-diag-gmm.cc:365) Gaussian has too little data but not removing it because it is the last Gaussian: i = 0, occ = 0, weight = 1
WARNING (gmm-est[5.5.669~1-b1d80]:MleDiagGmmUpdate():mle-diag-gmm.cc:365) Gaussian has too little data but not removing it because it is the last Gaussian: i = 0, occ = 0, weight = 1
WARNING (gmm-est[5.5.669~1-b1d80]:MleDiagGmmUpdate():mle-diag-gmm.cc:365) Gaussian has too little data but not removing it because it is the last Gaussian: i = 0, occ = 0, weight = 1
WARNING (gmm-est[5.5.669~1-b1d80]:MleDiagGmmUpdate():mle-diag-gmm.cc:365) Gaussian has too little data but not removing it because it is the last Gaussian: i = 0, occ = 0, weight = 1
WARNING (gmm-est[5.5.669~1-b1d80]:MleDiagGmmUpdate():mle-diag-gmm.cc:365) Gaussian has too little data but not removing it because it is the last Gaussian: i = 0, occ = 0, weight = 1
WARNING (gmm-est[5.5.669~1-b1d80]:MleDiagGmmUpdate():mle-diag-gmm.cc:365) Gaussian has too little data but not removing it because it is the last Gaussian: i = 0, occ = 0, weight = 1
LOG (gmm-est[5.5.669~1-b1d80]:MleAmDiagGmmUpdate():mle-am-diag-gmm.cc:225) 93 variance elements floored in 51 Gaussians, out of 846
LOG (gmm-est[5.5.669~1-b1d80]:MleAmDiagGmmUpdate():mle-am-diag-gmm.cc:229) Removed 0 Gaussians due to counts < --min-gaussian-occupancy=10 and --remove-low-count-gaussians=true
LOG (gmm-est[5.5.669~1-b1d80]:main():gmm-est.cc:113) GMM update: Overall 0.398727 objective function improvement per frame over 2.62448e+06 frames
LOG (gmm-est[5.5.669~1-b1d80]:main():gmm-est.cc:116) GMM update: Overall avg like per frame = -72.5395 over 2.62448e+06 frames.
LOG (gmm-est[5.5.669~1-b1d80]:SplitByCount():am-diag-gmm.cc:116) Split 121 states with target = 875, power = 0.25, perturb_factor = 0.01 and min_count = 20, split #Gauss from 846 to 875
LOG (gmm-est[5.5.669~1-b1d80]:main():gmm-est.cc:146) Written model to exp/mono/28.mdl
# Accounting: time=0 threads=1
# Ended (code 0) at Wed Apr 15 04:23:51 JST 2020, elapsed time 0 seconds
