# gmm-acc-stats-ali exp/tri1/3.mdl "ark,s,cs:apply-cmvn  --utt2spk=ark:data/train/split1/1/utt2spk scp:data/train/split1/1/cmvn.scp scp:data/train/split1/1/feats.scp ark:- | add-deltas  ark:- ark:- |" "ark,s,cs:gunzip -c exp/tri1/ali.1.gz|" exp/tri1/3.1.acc 
# Started at Wed Apr 15 04:27:05 JST 2020
#
gmm-acc-stats-ali exp/tri1/3.mdl 'ark,s,cs:apply-cmvn  --utt2spk=ark:data/train/split1/1/utt2spk scp:data/train/split1/1/cmvn.scp scp:data/train/split1/1/feats.scp ark:- | add-deltas  ark:- ark:- |' 'ark,s,cs:gunzip -c exp/tri1/ali.1.gz|' exp/tri1/3.1.acc 
add-deltas ark:- ark:- 
apply-cmvn --utt2spk=ark:data/train/split1/1/utt2spk scp:data/train/split1/1/cmvn.scp scp:data/train/split1/1/feats.scp ark:- 
LOG (gmm-acc-stats-ali[5.5.669~1-b1d80]:main():gmm-acc-stats-ali.cc:105) Processed 50 utterances; for utterance sp01-1一桂右 avg. like is -83.5378 over 192 frames.
LOG (gmm-acc-stats-ali[5.5.669~1-b1d80]:main():gmm-acc-stats-ali.cc:105) Processed 100 utterances; for utterance sp01-1一銀右成 avg. like is -84.5071 over 254 frames.
LOG (gmm-acc-stats-ali[5.5.669~1-b1d80]:main():gmm-acc-stats-ali.cc:105) Processed 150 utterances; for utterance sp01-1七と avg. like is -87.3298 over 147 frames.
LOG (gmm-acc-stats-ali[5.5.669~1-b1d80]:main():gmm-acc-stats-ali.cc:105) Processed 200 utterances; for utterance sp01-1七杏直 avg. like is -79.3652 over 235 frames.
LOG (gmm-acc-stats-ali[5.5.669~1-b1d80]:main():gmm-acc-stats-ali.cc:105) Processed 250 utterances; for utterance sp01-1七銀右引不成 avg. like is -81.8685 over 339 frames.
LOG (gmm-acc-stats-ali[5.5.669~1-b1d80]:main():gmm-acc-stats-ali.cc:105) Processed 300 utterances; for utterance sp01-1三と右上 avg. like is -85.2204 over 240 frames.
LOG (gmm-acc-stats-ali[5.5.669~1-b1d80]:main():gmm-acc-stats-ali.cc:105) Processed 350 utterances; for utterance sp01-1三桂右不成 avg. like is -82.5336 over 262 frames.
LOG (gmm-acc-stats-ali[5.5.669~1-b1d80]:main():gmm-acc-stats-ali.cc:105) Processed 400 utterances; for utterance sp01-1三銀右不成 avg. like is -81.6254 over 264 frames.
LOG (gmm-acc-stats-ali[5.5.669~1-b1d80]:main():gmm-acc-stats-ali.cc:105) Processed 450 utterances; for utterance sp01-1三馬打 avg. like is -82.7719 over 186 frames.
LOG (gmm-acc-stats-ali[5.5.669~1-b1d80]:main():gmm-acc-stats-ali.cc:105) Processed 500 utterances; for utterance sp01-1九杏左 avg. like is -80.8138 over 252 frames.
LOG (gmm-acc-stats-ali[5.5.669~1-b1d80]:main():gmm-acc-stats-ali.cc:105) Processed 550 utterances; for utterance sp01-1九銀右 avg. like is -85.3638 over 201 frames.
LOG (gmm-acc-stats-ali[5.5.669~1-b1d80]:main():gmm-acc-stats-ali.cc:105) Processed 600 utterances; for utterance sp01-1九馬打 avg. like is -87.3632 over 201 frames.
LOG (gmm-acc-stats-ali[5.5.669~1-b1d80]:main():gmm-acc-stats-ali.cc:105) Processed 650 utterances; for utterance sp01-1二杏右引 avg. like is -78.9791 over 295 frames.
LOG (gmm-acc-stats-ali[5.5.669~1-b1d80]:main():gmm-acc-stats-ali.cc:105) Processed 700 utterances; for utterance sp01-1二銀上 avg. like is -81.509 over 209 frames.
LOG (gmm-acc-stats-ali[5.5.669~1-b1d80]:main():gmm-acc-stats-ali.cc:105) Processed 750 utterances; for utterance sp01-1二龍上 avg. like is -80.7314 over 204 frames.
LOG (gmm-acc-stats-ali[5.5.669~1-b1d80]:main():gmm-acc-stats-ali.cc:105) Processed 800 utterances; for utterance sp01-1五杏左引 avg. like is -80.4259 over 315 frames.
LOG (gmm-acc-stats-ali[5.5.669~1-b1d80]:main():gmm-acc-stats-ali.cc:105) Processed 850 utterances; for utterance sp01-1五馬打 avg. like is -84.7816 over 204 frames.
LOG (gmm-acc-stats-ali[5.5.669~1-b1d80]:main():gmm-acc-stats-ali.cc:105) Processed 900 utterances; for utterance sp01-1八杏左寄 avg. like is -79.9824 over 310 frames.
LOG (gmm-acc-stats-ali[5.5.669~1-b1d80]:main():gmm-acc-stats-ali.cc:105) Processed 950 utterances; for utterance sp01-1八銀右引 avg. like is -83.1298 over 265 frames.
LOG (gmm-acc-stats-ali[5.5.669~1-b1d80]:main():gmm-acc-stats-ali.cc:105) Processed 1000 utterances; for utterance sp01-1六と右上 avg. like is -87.9951 over 253 frames.
LOG (gmm-acc-stats-ali[5.5.669~1-b1d80]:main():gmm-acc-stats-ali.cc:105) Processed 1050 utterances; for utterance sp01-1六桂右 avg. like is -85.5723 over 196 frames.
LOG (gmm-acc-stats-ali[5.5.669~1-b1d80]:main():gmm-acc-stats-ali.cc:105) Processed 1100 utterances; for utterance sp01-1六龍打 avg. like is -85.1426 over 203 frames.
LOG (gmm-acc-stats-ali[5.5.669~1-b1d80]:main():gmm-acc-stats-ali.cc:105) Processed 1150 utterances; for utterance sp01-1四杏直 avg. like is -77.4952 over 220 frames.
LOG (gmm-acc-stats-ali[5.5.669~1-b1d80]:main():gmm-acc-stats-ali.cc:105) Processed 1200 utterances; for utterance sp01-1四龍上 avg. like is -78.3099 over 186 frames.
LOG (gmm-acc-stats-ali[5.5.669~1-b1d80]:main():gmm-acc-stats-ali.cc:105) Processed 1250 utterances; for utterance sp01-2一杏寄 avg. like is -75.91 over 241 frames.
LOG (gmm-acc-stats-ali[5.5.669~1-b1d80]:main():gmm-acc-stats-ali.cc:105) Processed 1300 utterances; for utterance sp01-2一金直 avg. like is -79.234 over 205 frames.
LOG (gmm-acc-stats-ali[5.5.669~1-b1d80]:main():gmm-acc-stats-ali.cc:105) Processed 1350 utterances; for utterance sp01-2一馬右 avg. like is -77.496 over 199 frames.
LOG (gmm-acc-stats-ali[5.5.669~1-b1d80]:main():gmm-acc-stats-ali.cc:105) Processed 1400 utterances; for utterance sp01-2七杏 avg. like is -71.5533 over 175 frames.
LOG (gmm-acc-stats-ali[5.5.669~1-b1d80]:main():gmm-acc-stats-ali.cc:105) Processed 1450 utterances; for utterance sp01-2七金左上 avg. like is -76.29 over 266 frames.
LOG (gmm-acc-stats-ali[5.5.669~1-b1d80]:main():gmm-acc-stats-ali.cc:105) Processed 1500 utterances; for utterance sp01-2七香成 avg. like is -79.3097 over 195 frames.
LOG (gmm-acc-stats-ali[5.5.669~1-b1d80]:main():gmm-acc-stats-ali.cc:105) Processed 1550 utterances; for utterance sp01-2三圭打 avg. like is -75.7653 over 233 frames.
LOG (gmm-acc-stats-ali[5.5.669~1-b1d80]:main():gmm-acc-stats-ali.cc:105) Processed 1600 utterances; for utterance sp01-2三金左上 avg. like is -76.9635 over 267 frames.
LOG (gmm-acc-stats-ali[5.5.669~1-b1d80]:main():gmm-acc-stats-ali.cc:105) Processed 1650 utterances; for utterance sp01-2三香不成 avg. like is -79.9951 over 215 frames.
LOG (gmm-acc-stats-ali[5.5.669~1-b1d80]:main():gmm-acc-stats-ali.cc:105) Processed 1700 utterances; for utterance sp01-2九杏上 avg. like is -74.3191 over 229 frames.
LOG (gmm-acc-stats-ali[5.5.669~1-b1d80]:main():gmm-acc-stats-ali.cc:105) Processed 1750 utterances; for utterance sp01-2九金左寄 avg. like is -76.6624 over 263 frames.
LOG (gmm-acc-stats-ali[5.5.669~1-b1d80]:main():gmm-acc-stats-ali.cc:105) Processed 1800 utterances; for utterance sp01-2九飛引成 avg. like is -83.7529 over 247 frames.
LOG (gmm-acc-stats-ali[5.5.669~1-b1d80]:main():gmm-acc-stats-ali.cc:105) Processed 1850 utterances; for utterance sp01-2二圭寄 avg. like is -72.5694 over 229 frames.
LOG (gmm-acc-stats-ali[5.5.669~1-b1d80]:main():gmm-acc-stats-ali.cc:105) Processed 1900 utterances; for utterance sp01-2二金 avg. like is -70.9602 over 141 frames.
LOG (gmm-acc-stats-ali[5.5.669~1-b1d80]:main():gmm-acc-stats-ali.cc:105) Processed 1950 utterances; for utterance sp01-2二飛左 avg. like is -75.0793 over 205 frames.
LOG (gmm-acc-stats-ali[5.5.669~1-b1d80]:main():gmm-acc-stats-ali.cc:105) Processed 2000 utterances; for utterance sp01-2五圭右 avg. like is -74.8868 over 227 frames.
LOG (gmm-acc-stats-ali[5.5.669~1-b1d80]:main():gmm-acc-stats-ali.cc:105) Processed 2050 utterances; for utterance sp01-2五銀上 avg. like is -78.5103 over 206 frames.
LOG (gmm-acc-stats-ali[5.5.669~1-b1d80]:main():gmm-acc-stats-ali.cc:105) Processed 2100 utterances; for utterance sp01-2八全寄 avg. like is -77.9784 over 225 frames.
LOG (gmm-acc-stats-ali[5.5.669~1-b1d80]:main():gmm-acc-stats-ali.cc:105) Processed 2150 utterances; for utterance sp01-2八角上不成 avg. like is -82.3438 over 277 frames.
LOG (gmm-acc-stats-ali[5.5.669~1-b1d80]:main():gmm-acc-stats-ali.cc:105) Processed 2200 utterances; for utterance sp01-2八銀引成 avg. like is -81.252 over 265 frames.
LOG (gmm-acc-stats-ali[5.5.669~1-b1d80]:main():gmm-acc-stats-ali.cc:105) Processed 2250 utterances; for utterance sp01-2六と左引 avg. like is -83.7682 over 277 frames.
LOG (gmm-acc-stats-ali[5.5.669~1-b1d80]:main():gmm-acc-stats-ali.cc:105) Processed 2300 utterances; for utterance sp01-2六角 avg. like is -84.2713 over 144 frames.
LOG (gmm-acc-stats-ali[5.5.669~1-b1d80]:main():gmm-acc-stats-ali.cc:105) Processed 2350 utterances; for utterance sp01-2六龍打 avg. like is -80.0541 over 202 frames.
LOG (gmm-acc-stats-ali[5.5.669~1-b1d80]:main():gmm-acc-stats-ali.cc:105) Processed 2400 utterances; for utterance sp01-2四桂右 avg. like is -74.9792 over 196 frames.
LOG (gmm-acc-stats-ali[5.5.669~1-b1d80]:main():gmm-acc-stats-ali.cc:105) Processed 2450 utterances; for utterance sp01-2四龍 avg. like is -71.5219 over 142 frames.
LOG (gmm-acc-stats-ali[5.5.669~1-b1d80]:main():gmm-acc-stats-ali.cc:105) Processed 2500 utterances; for utterance sp01-3一杏左寄 avg. like is -78.6705 over 321 frames.
LOG (gmm-acc-stats-ali[5.5.669~1-b1d80]:main():gmm-acc-stats-ali.cc:105) Processed 2550 utterances; for utterance sp01-3一銀上成 avg. like is -83.7114 over 279 frames.
LOG (gmm-acc-stats-ali[5.5.669~1-b1d80]:main():gmm-acc-stats-ali.cc:105) Processed 2600 utterances; for utterance sp01-3一馬引 avg. like is -83.2319 over 215 frames.
LOG (gmm-acc-stats-ali[5.5.669~1-b1d80]:main():gmm-acc-stats-ali.cc:105) Processed 2650 utterances; for utterance sp01-3七杏右引 avg. like is -77.7612 over 297 frames.
LOG (gmm-acc-stats-ali[5.5.669~1-b1d80]:main():gmm-acc-stats-ali.cc:105) Processed 2700 utterances; for utterance sp01-3七金引 avg. like is -80.5492 over 208 frames.
LOG (gmm-acc-stats-ali[5.5.669~1-b1d80]:main():gmm-acc-stats-ali.cc:105) Processed 2750 utterances; for utterance sp01-3七香打 avg. like is -80.6402 over 206 frames.
LOG (gmm-acc-stats-ali[5.5.669~1-b1d80]:main():gmm-acc-stats-ali.cc:105) Processed 2800 utterances; for utterance sp01-3三圭左引 avg. like is -77.8325 over 308 frames.
LOG (gmm-acc-stats-ali[5.5.669~1-b1d80]:main():gmm-acc-stats-ali.cc:105) Processed 2850 utterances; for utterance sp01-3三金直 avg. like is -81.6106 over 198 frames.
LOG (gmm-acc-stats-ali[5.5.669~1-b1d80]:main():gmm-acc-stats-ali.cc:105) Processed 2900 utterances; for utterance sp01-3三香成 avg. like is -83.4379 over 199 frames.
LOG (gmm-acc-stats-ali[5.5.669~1-b1d80]:main():gmm-acc-stats-ali.cc:105) Processed 2950 utterances; for utterance sp01-3九杏上 avg. like is -82.9919 over 253 frames.
LOG (gmm-acc-stats-ali[5.5.669~1-b1d80]:main():gmm-acc-stats-ali.cc:105) Processed 3000 utterances; for utterance sp01-3九金左引 avg. like is -84.3385 over 293 frames.
LOG (gmm-acc-stats-ali[5.5.669~1-b1d80]:main():gmm-acc-stats-ali.cc:105) Processed 3050 utterances; for utterance sp01-3九馬上 avg. like is -86.7932 over 215 frames.
LOG (gmm-acc-stats-ali[5.5.669~1-b1d80]:main():gmm-acc-stats-ali.cc:105) Processed 3100 utterances; for utterance sp01-3二圭引 avg. like is -77.5258 over 241 frames.
LOG (gmm-acc-stats-ali[5.5.669~1-b1d80]:main():gmm-acc-stats-ali.cc:105) Processed 3150 utterances; for utterance sp01-3二金右引 avg. like is -78.9602 over 259 frames.
LOG (gmm-acc-stats-ali[5.5.669~1-b1d80]:main():gmm-acc-stats-ali.cc:105) Processed 3200 utterances; for utterance sp01-3二飛成 avg. like is -85.3573 over 198 frames.
LOG (gmm-acc-stats-ali[5.5.669~1-b1d80]:main():gmm-acc-stats-ali.cc:105) Processed 3250 utterances; for utterance sp01-3五圭左上 avg. like is -76.6821 over 320 frames.
LOG (gmm-acc-stats-ali[5.5.669~1-b1d80]:main():gmm-acc-stats-ali.cc:105) Processed 3300 utterances; for utterance sp01-3五銀右引 avg. like is -79.5837 over 278 frames.
LOG (gmm-acc-stats-ali[5.5.669~1-b1d80]:main():gmm-acc-stats-ali.cc:105) Processed 3350 utterances; for utterance sp01-3八全打 avg. like is -81.8081 over 250 frames.
LOG (gmm-acc-stats-ali[5.5.669~1-b1d80]:main():gmm-acc-stats-ali.cc:105) Processed 3400 utterances; for utterance sp01-3八角左 avg. like is -82.1482 over 235 frames.
LOG (gmm-acc-stats-ali[5.5.669~1-b1d80]:main():gmm-acc-stats-ali.cc:105) Processed 3450 utterances; for utterance sp01-3八飛右 avg. like is -86.3744 over 200 frames.
LOG (gmm-acc-stats-ali[5.5.669~1-b1d80]:main():gmm-acc-stats-ali.cc:105) Processed 3500 utterances; for utterance sp01-3六全左 avg. like is -79.7593 over 256 frames.
LOG (gmm-acc-stats-ali[5.5.669~1-b1d80]:main():gmm-acc-stats-ali.cc:105) Processed 3550 utterances; for utterance sp01-3六金寄 avg. like is -84.7764 over 205 frames.
LOG (gmm-acc-stats-ali[5.5.669~1-b1d80]:main():gmm-acc-stats-ali.cc:105) Processed 3600 utterances; for utterance sp01-3四全右 avg. like is -76.6517 over 233 frames.
LOG (gmm-acc-stats-ali[5.5.669~1-b1d80]:main():gmm-acc-stats-ali.cc:105) Processed 3650 utterances; for utterance sp01-3四角引 avg. like is -82.406 over 214 frames.
LOG (gmm-acc-stats-ali[5.5.669~1-b1d80]:main():gmm-acc-stats-ali.cc:105) Processed 3700 utterances; for utterance sp01-4一と右引 avg. like is -85.1637 over 263 frames.
LOG (gmm-acc-stats-ali[5.5.669~1-b1d80]:main():gmm-acc-stats-ali.cc:105) Processed 3750 utterances; for utterance sp01-4一桂右成 avg. like is -83.3189 over 262 frames.
LOG (gmm-acc-stats-ali[5.5.669~1-b1d80]:main():gmm-acc-stats-ali.cc:105) Processed 3800 utterances; for utterance sp01-4一銀右成 avg. like is -83.0455 over 264 frames.
LOG (gmm-acc-stats-ali[5.5.669~1-b1d80]:main():gmm-acc-stats-ali.cc:105) Processed 3850 utterances; for utterance sp01-4一龍左 avg. like is -77.9821 over 221 frames.
LOG (gmm-acc-stats-ali[5.5.669~1-b1d80]:main():gmm-acc-stats-ali.cc:105) Processed 3900 utterances; for utterance sp01-4七杏引 avg. like is -77.8267 over 238 frames.
LOG (gmm-acc-stats-ali[5.5.669~1-b1d80]:main():gmm-acc-stats-ali.cc:105) Processed 3950 utterances; for utterance sp01-4七銀不成 avg. like is -80.4049 over 226 frames.
LOG (gmm-acc-stats-ali[5.5.669~1-b1d80]:main():gmm-acc-stats-ali.cc:105) Processed 4000 utterances; for utterance sp01-4七龍上 avg. like is -78.7888 over 199 frames.
LOG (gmm-acc-stats-ali[5.5.669~1-b1d80]:main():gmm-acc-stats-ali.cc:105) Processed 4050 utterances; for utterance sp01-4三杏打 avg. like is -77.5503 over 232 frames.
LOG (gmm-acc-stats-ali[5.5.669~1-b1d80]:main():gmm-acc-stats-ali.cc:105) Processed 4100 utterances; for utterance sp01-4三銀左上 avg. like is -77.7271 over 270 frames.
LOG (gmm-acc-stats-ali[5.5.669~1-b1d80]:main():gmm-acc-stats-ali.cc:105) Processed 4150 utterances; for utterance sp01-4九と右 avg. like is -82.6353 over 202 frames.
LOG (gmm-acc-stats-ali[5.5.669~1-b1d80]:main():gmm-acc-stats-ali.cc:105) Processed 4200 utterances; for utterance sp01-4九桂右不成 avg. like is -80.1594 over 279 frames.
LOG (gmm-acc-stats-ali[5.5.669~1-b1d80]:main():gmm-acc-stats-ali.cc:105) Processed 4250 utterances; for utterance sp01-4九銀右引 avg. like is -79.5563 over 264 frames.
LOG (gmm-acc-stats-ali[5.5.669~1-b1d80]:main():gmm-acc-stats-ali.cc:105) Processed 4300 utterances; for utterance sp01-4二と右 avg. like is -80.4399 over 198 frames.
LOG (gmm-acc-stats-ali[5.5.669~1-b1d80]:main():gmm-acc-stats-ali.cc:105) Processed 4350 utterances; for utterance sp01-4二杏直 avg. like is -75.1874 over 234 frames.
LOG (gmm-acc-stats-ali[5.5.669~1-b1d80]:main():gmm-acc-stats-ali.cc:105) Processed 4400 utterances; for utterance sp01-4二銀右上不成 avg. like is -79.3842 over 334 frames.
LOG (gmm-acc-stats-ali[5.5.669~1-b1d80]:main():gmm-acc-stats-ali.cc:105) Processed 4450 utterances; for utterance sp01-4二龍打 avg. like is -75.9451 over 204 frames.
LOG (gmm-acc-stats-ali[5.5.669~1-b1d80]:main():gmm-acc-stats-ali.cc:105) Processed 4500 utterances; for utterance sp01-4五杏引 avg. like is -76.5171 over 247 frames.
LOG (gmm-acc-stats-ali[5.5.669~1-b1d80]:main():gmm-acc-stats-ali.cc:105) Processed 4550 utterances; for utterance sp01-4五馬引 avg. like is -79.7114 over 208 frames.
LOG (gmm-acc-stats-ali[5.5.669~1-b1d80]:main():gmm-acc-stats-ali.cc:105) Processed 4600 utterances; for utterance sp01-4八杏右上 avg. like is -78.481 over 289 frames.
LOG (gmm-acc-stats-ali[5.5.669~1-b1d80]:main():gmm-acc-stats-ali.cc:105) Processed 4650 utterances; for utterance sp01-4八金直 avg. like is -82.7568 over 199 frames.
LOG (gmm-acc-stats-ali[5.5.669~1-b1d80]:main():gmm-acc-stats-ali.cc:105) Processed 4700 utterances; for utterance sp01-4八香成 avg. like is -84.4915 over 200 frames.
LOG (gmm-acc-stats-ali[5.5.669~1-b1d80]:main():gmm-acc-stats-ali.cc:105) Processed 4750 utterances; for utterance sp01-4六圭打 avg. like is -81.0325 over 234 frames.
LOG (gmm-acc-stats-ali[5.5.669~1-b1d80]:main():gmm-acc-stats-ali.cc:105) Processed 4800 utterances; for utterance sp01-4六銀左上 avg. like is -81.5504 over 277 frames.
LOG (gmm-acc-stats-ali[5.5.669~1-b1d80]:main():gmm-acc-stats-ali.cc:105) Processed 4850 utterances; for utterance sp01-4四全打 avg. like is -78.4345 over 231 frames.
LOG (gmm-acc-stats-ali[5.5.669~1-b1d80]:main():gmm-acc-stats-ali.cc:105) Processed 4900 utterances; for utterance sp01-4四金引 avg. like is -80.4598 over 198 frames.
LOG (gmm-acc-stats-ali[5.5.669~1-b1d80]:main():gmm-acc-stats-ali.cc:105) Processed 4950 utterances; for utterance sp01-5一全右寄 avg. like is -82.9377 over 285 frames.
LOG (gmm-acc-stats-ali[5.5.669~1-b1d80]:main():gmm-acc-stats-ali.cc:105) Processed 5000 utterances; for utterance sp01-5一角上成 avg. like is -88.571 over 267 frames.
LOG (gmm-acc-stats-ali[5.5.669~1-b1d80]:main():gmm-acc-stats-ali.cc:105) Processed 5050 utterances; for utterance sp01-5一銀成 avg. like is -86.748 over 213 frames.
LOG (gmm-acc-stats-ali[5.5.669~1-b1d80]:main():gmm-acc-stats-ali.cc:105) Processed 5100 utterances; for utterance sp01-5七と打 avg. like is -83.7875 over 211 frames.
LOG (gmm-acc-stats-ali[5.5.669~1-b1d80]:main():gmm-acc-stats-ali.cc:105) Processed 5150 utterances; for utterance sp01-5七歩 avg. like is -81.8815 over 133 frames.
LOG (gmm-acc-stats-ali[5.5.669~1-b1d80]:main():gmm-acc-stats-ali.cc:105) Processed 5200 utterances; for utterance sp01-5七銀左引不成 avg. like is -79.7646 over 363 frames.
LOG (gmm-acc-stats-ali[5.5.669~1-b1d80]:main():gmm-acc-stats-ali.cc:105) Processed 5250 utterances; for utterance sp01-5三と左寄 avg. like is -83.6106 over 270 frames.
LOG (gmm-acc-stats-ali[5.5.669~1-b1d80]:main():gmm-acc-stats-ali.cc:105) Processed 5300 utterances; for utterance sp01-5三桂右成 avg. like is -82.5643 over 254 frames.
LOG (gmm-acc-stats-ali[5.5.669~1-b1d80]:main():gmm-acc-stats-ali.cc:105) Processed 5350 utterances; for utterance sp01-5三銀左 avg. like is -78.3231 over 218 frames.
LOG (gmm-acc-stats-ali[5.5.669~1-b1d80]:main():gmm-acc-stats-ali.cc:105) Processed 5400 utterances; for utterance sp01-5九と右上 avg. like is -85.6534 over 254 frames.
LOG (gmm-acc-stats-ali[5.5.669~1-b1d80]:main():gmm-acc-stats-ali.cc:105) Processed 5450 utterances; for utterance sp01-5九桂右不成 avg. like is -82.937 over 276 frames.
LOG (gmm-acc-stats-ali[5.5.669~1-b1d80]:main():gmm-acc-stats-ali.cc:105) Processed 5500 utterances; for utterance sp01-5九銀右不成 avg. like is -82.3935 over 278 frames.
LOG (gmm-acc-stats-ali[5.5.669~1-b1d80]:main():gmm-acc-stats-ali.cc:105) Processed 5550 utterances; for utterance sp01-5九龍左 avg. like is -78.5986 over 216 frames.
LOG (gmm-acc-stats-ali[5.5.669~1-b1d80]:main():gmm-acc-stats-ali.cc:105) Processed 5600 utterances; for utterance sp01-5二杏左引 avg. like is -75.2764 over 310 frames.
LOG (gmm-acc-stats-ali[5.5.669~1-b1d80]:main():gmm-acc-stats-ali.cc:105) Processed 5650 utterances; for utterance sp01-5二銀右 avg. like is -75.128 over 199 frames.
LOG (gmm-acc-stats-ali[5.5.669~1-b1d80]:main():gmm-acc-stats-ali.cc:105) Processed 5700 utterances; for utterance sp01-5二馬打 avg. like is -77.0887 over 199 frames.
LOG (gmm-acc-stats-ali[5.5.669~1-b1d80]:main():gmm-acc-stats-ali.cc:105) Processed 5750 utterances; for utterance sp01-5五杏右寄 avg. like is -78.1434 over 286 frames.
LOG (gmm-acc-stats-ali[5.5.669~1-b1d80]:main():gmm-acc-stats-ali.cc:105) Processed 5800 utterances; for utterance sp01-5五香打 avg. like is -80.8434 over 201 frames.
LOG (gmm-acc-stats-ali[5.5.669~1-b1d80]:main():gmm-acc-stats-ali.cc:105) Processed 5850 utterances; for utterance sp01-5八圭左引 avg. like is -78.6156 over 307 frames.
LOG (gmm-acc-stats-ali[5.5.669~1-b1d80]:main():gmm-acc-stats-ali.cc:105) Processed 5900 utterances; for utterance sp01-5八金左寄 avg. like is -80.521 over 268 frames.
LOG (gmm-acc-stats-ali[5.5.669~1-b1d80]:main():gmm-acc-stats-ali.cc:105) Processed 5950 utterances; for utterance sp01-5八馬 avg. like is -82.0485 over 140 frames.
LOG (gmm-acc-stats-ali[5.5.669~1-b1d80]:main():gmm-acc-stats-ali.cc:105) Processed 6000 utterances; for utterance sp01-5六圭直 avg. like is -77.8848 over 237 frames.
LOG (gmm-acc-stats-ali[5.5.669~1-b1d80]:main():gmm-acc-stats-ali.cc:105) Processed 6050 utterances; for utterance sp01-5六飛右 avg. like is -82.7615 over 190 frames.
LOG (gmm-acc-stats-ali[5.5.669~1-b1d80]:main():gmm-acc-stats-ali.cc:105) Processed 6100 utterances; for utterance sp01-5四圭左寄 avg. like is -74.9766 over 295 frames.
LOG (gmm-acc-stats-ali[5.5.669~1-b1d80]:main():gmm-acc-stats-ali.cc:105) Processed 6150 utterances; for utterance sp01-5四銀打 avg. like is -77.2676 over 203 frames.
LOG (gmm-acc-stats-ali[5.5.669~1-b1d80]:main():gmm-acc-stats-ali.cc:105) Processed 6200 utterances; for utterance sp01-6一圭 avg. like is -79.9763 over 171 frames.
LOG (gmm-acc-stats-ali[5.5.669~1-b1d80]:main():gmm-acc-stats-ali.cc:105) Processed 6250 utterances; for utterance sp01-6一角引不成 avg. like is -86.6171 over 282 frames.
LOG (gmm-acc-stats-ali[5.5.669~1-b1d80]:main():gmm-acc-stats-ali.cc:105) Processed 6300 utterances; for utterance sp01-6一飛寄 avg. like is -89.2262 over 184 frames.
LOG (gmm-acc-stats-ali[5.5.669~1-b1d80]:main():gmm-acc-stats-ali.cc:105) Processed 6350 utterances; for utterance sp01-6七全引 avg. like is -85.8302 over 250 frames.
LOG (gmm-acc-stats-ali[5.5.669~1-b1d80]:main():gmm-acc-stats-ali.cc:105) Processed 6400 utterances; for utterance sp01-6七角右成 avg. like is -89.3097 over 273 frames.
LOG (gmm-acc-stats-ali[5.5.669~1-b1d80]:main():gmm-acc-stats-ali.cc:105) Processed 6450 utterances; for utterance sp01-6七飛右 avg. like is -90.7101 over 200 frames.
LOG (gmm-acc-stats-ali[5.5.669~1-b1d80]:main():gmm-acc-stats-ali.cc:105) Processed 6500 utterances; for utterance sp01-6三全左 avg. like is -77.1538 over 239 frames.
LOG (gmm-acc-stats-ali[5.5.669~1-b1d80]:main():gmm-acc-stats-ali.cc:105) Processed 6550 utterances; for utterance sp01-6三角 avg. like is -85.1313 over 139 frames.
LOG (gmm-acc-stats-ali[5.5.669~1-b1d80]:main():gmm-acc-stats-ali.cc:105) Processed 6600 utterances; for utterance sp01-6三銀引成 avg. like is -83.9154 over 262 frames.
LOG (gmm-acc-stats-ali[5.5.669~1-b1d80]:main():gmm-acc-stats-ali.cc:105) Processed 6650 utterances; for utterance sp01-6九全上 avg. like is -84.1291 over 227 frames.
LOG (gmm-acc-stats-ali[5.5.669~1-b1d80]:main():gmm-acc-stats-ali.cc:105) Processed 6700 utterances; for utterance sp01-6九角 avg. like is -90.8624 over 144 frames.
LOG (gmm-acc-stats-ali[5.5.669~1-b1d80]:main():gmm-acc-stats-ali.cc:105) Processed 6750 utterances; for utterance sp01-6九銀打 avg. like is -85.4989 over 207 frames.
LOG (gmm-acc-stats-ali[5.5.669~1-b1d80]:main():gmm-acc-stats-ali.cc:105) Processed 6800 utterances; for utterance sp01-6二全右 avg. like is -77.3583 over 224 frames.
LOG (gmm-acc-stats-ali[5.5.669~1-b1d80]:main():gmm-acc-stats-ali.cc:105) Processed 6850 utterances; for utterance sp01-6二玉 avg. like is -83.2112 over 150 frames.
LOG (gmm-acc-stats-ali[5.5.669~1-b1d80]:main():gmm-acc-stats-ali.cc:105) Processed 6900 utterances; for utterance sp01-6二銀打 avg. like is -80.2928 over 209 frames.
LOG (gmm-acc-stats-ali[5.5.669~1-b1d80]:main():gmm-acc-stats-ali.cc:105) Processed 6950 utterances; for utterance sp01-6五全右上 avg. like is -78.6427 over 283 frames.
LOG (gmm-acc-stats-ali[5.5.669~1-b1d80]:main():gmm-acc-stats-ali.cc:105) Processed 7000 utterances; for utterance sp01-6五金右引 avg. like is -80.2853 over 254 frames.
LOG (gmm-acc-stats-ali[5.5.669~1-b1d80]:main():gmm-acc-stats-ali.cc:105) Processed 7050 utterances; for utterance sp01-6八と打 avg. like is -88.5111 over 213 frames.
LOG (gmm-acc-stats-ali[5.5.669~1-b1d80]:main():gmm-acc-stats-ali.cc:105) Processed 7100 utterances; for utterance sp01-6八桂打 avg. like is -85.0172 over 213 frames.
LOG (gmm-acc-stats-ali[5.5.669~1-b1d80]:main():gmm-acc-stats-ali.cc:105) Processed 7150 utterances; for utterance sp01-6八銀左引不成 avg. like is -82.8166 over 366 frames.
LOG (gmm-acc-stats-ali[5.5.669~1-b1d80]:main():gmm-acc-stats-ali.cc:105) Processed 7200 utterances; for utterance sp01-6六と寄 avg. like is -91.126 over 202 frames.
LOG (gmm-acc-stats-ali[5.5.669~1-b1d80]:main():gmm-acc-stats-ali.cc:105) Processed 7250 utterances; for utterance sp01-6六角 avg. like is -90.7627 over 147 frames.
LOG (gmm-acc-stats-ali[5.5.669~1-b1d80]:main():gmm-acc-stats-ali.cc:105) Processed 7300 utterances; for utterance sp01-6四と右寄 avg. like is -83.29 over 243 frames.
LOG (gmm-acc-stats-ali[5.5.669~1-b1d80]:main():gmm-acc-stats-ali.cc:105) Processed 7350 utterances; for utterance sp01-6四桂打 avg. like is -80.1876 over 197 frames.
LOG (gmm-acc-stats-ali[5.5.669~1-b1d80]:main():gmm-acc-stats-ali.cc:105) Processed 7400 utterances; for utterance sp01-6四龍左 avg. like is -74.7083 over 206 frames.
LOG (gmm-acc-stats-ali[5.5.669~1-b1d80]:main():gmm-acc-stats-ali.cc:105) Processed 7450 utterances; for utterance sp01-7一杏左寄 avg. like is -77.0754 over 304 frames.
LOG (gmm-acc-stats-ali[5.5.669~1-b1d80]:main():gmm-acc-stats-ali.cc:105) Processed 7500 utterances; for utterance sp01-7一銀不成 avg. like is -80.4426 over 225 frames.
LOG (gmm-acc-stats-ali[5.5.669~1-b1d80]:main():gmm-acc-stats-ali.cc:105) Processed 7550 utterances; for utterance sp01-7一龍右 avg. like is -77.4604 over 194 frames.
LOG (gmm-acc-stats-ali[5.5.669~1-b1d80]:main():gmm-acc-stats-ali.cc:105) Processed 7600 utterances; for utterance sp01-7七杏左 avg. like is -73.4199 over 252 frames.
LOG (gmm-acc-stats-ali[5.5.669~1-b1d80]:main():gmm-acc-stats-ali.cc:105) Processed 7650 utterances; for utterance sp01-7七銀上不成 avg. like is -79.623 over 285 frames.
LOG (gmm-acc-stats-ali[5.5.669~1-b1d80]:main():gmm-acc-stats-ali.cc:105) Processed 7700 utterances; for utterance sp01-7七馬右 avg. like is -76.7678 over 193 frames.
LOG (gmm-acc-stats-ali[5.5.669~1-b1d80]:main():gmm-acc-stats-ali.cc:105) Processed 7750 utterances; for utterance sp01-7三圭直 avg. like is -78.6449 over 233 frames.
LOG (gmm-acc-stats-ali[5.5.669~1-b1d80]:main():gmm-acc-stats-ali.cc:105) Processed 7800 utterances; for utterance sp01-7三金左 avg. like is -78.3423 over 216 frames.
LOG (gmm-acc-stats-ali[5.5.669~1-b1d80]:main():gmm-acc-stats-ali.cc:105) Processed 7850 utterances; for utterance sp01-7三香打 avg. like is -81.859 over 202 frames.
LOG (gmm-acc-stats-ali[5.5.669~1-b1d80]:main():gmm-acc-stats-ali.cc:105) Processed 7900 utterances; for utterance sp01-7九圭左上 avg. like is -80.7359 over 310 frames.
LOG (gmm-acc-stats-ali[5.5.669~1-b1d80]:main():gmm-acc-stats-ali.cc:105) Processed 7950 utterances; for utterance sp01-7九金右寄 avg. like is -85.1433 over 253 frames.
LOG (gmm-acc-stats-ali[5.5.669~1-b1d80]:main():gmm-acc-stats-ali.cc:105) Processed 8000 utterances; for utterance sp01-7九飛左 avg. like is -86.9338 over 211 frames.
LOG (gmm-acc-stats-ali[5.5.669~1-b1d80]:main():gmm-acc-stats-ali.cc:105) Processed 8050 utterances; for utterance sp01-7二圭右寄 avg. like is -77.6765 over 286 frames.
LOG (gmm-acc-stats-ali[5.5.669~1-b1d80]:main():gmm-acc-stats-ali.cc:105) Processed 8100 utterances; for utterance sp01-7二角打 avg. like is -82.408 over 213 frames.
LOG (gmm-acc-stats-ali[5.5.669~1-b1d80]:main():gmm-acc-stats-ali.cc:105) Processed 8150 utterances; for utterance sp01-7二飛寄成 avg. like is -85.5951 over 252 frames.
LOG (gmm-acc-stats-ali[5.5.669~1-b1d80]:main():gmm-acc-stats-ali.cc:105) Processed 8200 utterances; for utterance sp01-7五全直 avg. like is -80.5075 over 235 frames.
LOG (gmm-acc-stats-ali[5.5.669~1-b1d80]:main():gmm-acc-stats-ali.cc:105) Processed 8250 utterances; for utterance sp01-7五金引 avg. like is -82.6301 over 207 frames.
LOG (gmm-acc-stats-ali[5.5.669~1-b1d80]:main():gmm-acc-stats-ali.cc:105) Processed 8300 utterances; for utterance sp01-7八全 avg. like is -80.4351 over 181 frames.
LOG (gmm-acc-stats-ali[5.5.669~1-b1d80]:main():gmm-acc-stats-ali.cc:105) Processed 8350 utterances; for utterance sp01-7八角上 avg. like is -86.2818 over 210 frames.
LOG (gmm-acc-stats-ali[5.5.669~1-b1d80]:main():gmm-acc-stats-ali.cc:105) Processed 8400 utterances; for utterance sp01-7八銀直 avg. like is -83.1861 over 213 frames.
LOG (gmm-acc-stats-ali[5.5.669~1-b1d80]:main():gmm-acc-stats-ali.cc:105) Processed 8450 utterances; for utterance sp01-7六全上 avg. like is -81.6873 over 239 frames.
LOG (gmm-acc-stats-ali[5.5.669~1-b1d80]:main():gmm-acc-stats-ali.cc:105) Processed 8500 utterances; for utterance sp01-7六角打 avg. like is -85.5079 over 216 frames.
LOG (gmm-acc-stats-ali[5.5.669~1-b1d80]:main():gmm-acc-stats-ali.cc:105) Processed 8550 utterances; for utterance sp01-7四と左 avg. like is -80.0481 over 213 frames.
LOG (gmm-acc-stats-ali[5.5.669~1-b1d80]:main():gmm-acc-stats-ali.cc:105) Processed 8600 utterances; for utterance sp01-7四玉打 avg. like is -81.8464 over 205 frames.
LOG (gmm-acc-stats-ali[5.5.669~1-b1d80]:main():gmm-acc-stats-ali.cc:105) Processed 8650 utterances; for utterance sp01-8一と avg. like is -90.2034 over 151 frames.
LOG (gmm-acc-stats-ali[5.5.669~1-b1d80]:main():gmm-acc-stats-ali.cc:105) Processed 8700 utterances; for utterance sp01-8一桂左 avg. like is -81.2579 over 223 frames.
LOG (gmm-acc-stats-ali[5.5.669~1-b1d80]:main():gmm-acc-stats-ali.cc:105) Processed 8750 utterances; for utterance sp01-8一銀右成 avg. like is -83.9749 over 264 frames.
LOG (gmm-acc-stats-ali[5.5.669~1-b1d80]:main():gmm-acc-stats-ali.cc:105) Processed 8800 utterances; for utterance sp01-8七と右上 avg. like is -85.8486 over 261 frames.
LOG (gmm-acc-stats-ali[5.5.669~1-b1d80]:main():gmm-acc-stats-ali.cc:105) Processed 8850 utterances; for utterance sp01-8七桂不成 avg. like is -84.3703 over 230 frames.
LOG (gmm-acc-stats-ali[5.5.669~1-b1d80]:main():gmm-acc-stats-ali.cc:105) Processed 8900 utterances; for utterance sp01-8七銀右引 avg. like is -82.6556 over 267 frames.
LOG (gmm-acc-stats-ali[5.5.669~1-b1d80]:main():gmm-acc-stats-ali.cc:105) Processed 8950 utterances; for utterance sp01-8七龍上 avg. like is -82.6154 over 206 frames.
LOG (gmm-acc-stats-ali[5.5.669~1-b1d80]:main():gmm-acc-stats-ali.cc:105) Processed 9000 utterances; for utterance sp01-8三杏左 avg. like is -77.4515 over 254 frames.
LOG (gmm-acc-stats-ali[5.5.669~1-b1d80]:main():gmm-acc-stats-ali.cc:105) Processed 9050 utterances; for utterance sp01-8三銀上不成 avg. like is -83.4614 over 286 frames.
LOG (gmm-acc-stats-ali[5.5.669~1-b1d80]:main():gmm-acc-stats-ali.cc:105) Processed 9100 utterances; for utterance sp01-8三馬 avg. like is -83.466 over 143 frames.
LOG (gmm-acc-stats-ali[5.5.669~1-b1d80]:main():gmm-acc-stats-ali.cc:105) Processed 9150 utterances; for utterance sp01-8九杏 avg. like is -84.0759 over 185 frames.
LOG (gmm-acc-stats-ali[5.5.669~1-b1d80]:main():gmm-acc-stats-ali.cc:105) Processed 9200 utterances; for utterance sp01-8九金左寄 avg. like is -85.1284 over 275 frames.
LOG (gmm-acc-stats-ali[5.5.669~1-b1d80]:main():gmm-acc-stats-ali.cc:105) Processed 9250 utterances; for utterance sp01-8九香成 avg. like is -90.5414 over 205 frames.
LOG (gmm-acc-stats-ali[5.5.669~1-b1d80]:main():gmm-acc-stats-ali.cc:105) Processed 9300 utterances; for utterance sp01-8二圭左寄 avg. like is -78.886 over 312 frames.
LOG (gmm-acc-stats-ali[5.5.669~1-b1d80]:main():gmm-acc-stats-ali.cc:105) Processed 9350 utterances; for utterance sp01-8二金右寄 avg. like is -81.9153 over 258 frames.
LOG (gmm-acc-stats-ali[5.5.669~1-b1d80]:main():gmm-acc-stats-ali.cc:105) Processed 9400 utterances; for utterance sp01-8二飛成 avg. like is -87.9045 over 202 frames.
LOG (gmm-acc-stats-ali[5.5.669~1-b1d80]:main():gmm-acc-stats-ali.cc:105) Processed 9450 utterances; for utterance sp01-8五圭右寄 avg. like is -81.2107 over 281 frames.
LOG (gmm-acc-stats-ali[5.5.669~1-b1d80]:main():gmm-acc-stats-ali.cc:105) Processed 9500 utterances; for utterance sp01-8五銀右引 avg. like is -83.7948 over 262 frames.
LOG (gmm-acc-stats-ali[5.5.669~1-b1d80]:main():gmm-acc-stats-ali.cc:105) Processed 9550 utterances; for utterance sp01-8八全左寄 avg. like is -80.1058 over 307 frames.
LOG (gmm-acc-stats-ali[5.5.669~1-b1d80]:main():gmm-acc-stats-ali.cc:105) Processed 9600 utterances; for utterance sp01-8八角上成 avg. like is -87.1686 over 268 frames.
LOG (gmm-acc-stats-ali[5.5.669~1-b1d80]:main():gmm-acc-stats-ali.cc:105) Processed 9650 utterances; for utterance sp01-8八銀直 avg. like is -83.528 over 211 frames.
LOG (gmm-acc-stats-ali[5.5.669~1-b1d80]:main():gmm-acc-stats-ali.cc:105) Processed 9700 utterances; for utterance sp01-8六全右 avg. like is -83.5732 over 234 frames.
LOG (gmm-acc-stats-ali[5.5.669~1-b1d80]:main():gmm-acc-stats-ali.cc:105) Processed 9750 utterances; for utterance sp01-8六金右 avg. like is -86.12 over 201 frames.
LOG (gmm-acc-stats-ali[5.5.669~1-b1d80]:main():gmm-acc-stats-ali.cc:105) Processed 9800 utterances; for utterance sp01-8四と左引 avg. like is -83.1567 over 281 frames.
LOG (gmm-acc-stats-ali[5.5.669~1-b1d80]:main():gmm-acc-stats-ali.cc:105) Processed 9850 utterances; for utterance sp01-8四角右 avg. like is -82.5329 over 199 frames.
LOG (gmm-acc-stats-ali[5.5.669~1-b1d80]:main():gmm-acc-stats-ali.cc:105) Processed 9900 utterances; for utterance sp01-9一と avg. like is -83.6004 over 148 frames.
LOG (gmm-acc-stats-ali[5.5.669~1-b1d80]:main():gmm-acc-stats-ali.cc:105) Processed 9950 utterances; for utterance sp01-9一桂不成 avg. like is -80.3823 over 225 frames.
LOG (gmm-acc-stats-ali[5.5.669~1-b1d80]:main():gmm-acc-stats-ali.cc:105) Processed 10000 utterances; for utterance sp01-9一銀右成 avg. like is -80.4718 over 261 frames.
LOG (gmm-acc-stats-ali[5.5.669~1-b1d80]:main():gmm-acc-stats-ali.cc:105) Processed 10050 utterances; for utterance sp01-9七と avg. like is -80.9723 over 148 frames.
LOG (gmm-acc-stats-ali[5.5.669~1-b1d80]:main():gmm-acc-stats-ali.cc:105) Processed 10100 utterances; for utterance sp01-9七桂左不成 avg. like is -78.2051 over 299 frames.
LOG (gmm-acc-stats-ali[5.5.669~1-b1d80]:main():gmm-acc-stats-ali.cc:105) Processed 10150 utterances; for utterance sp01-9七銀左 avg. like is -73.5634 over 223 frames.
LOG (gmm-acc-stats-ali[5.5.669~1-b1d80]:main():gmm-acc-stats-ali.cc:105) Processed 10200 utterances; for utterance sp01-9三と寄 avg. like is -85.3789 over 208 frames.
LOG (gmm-acc-stats-ali[5.5.669~1-b1d80]:main():gmm-acc-stats-ali.cc:105) Processed 10250 utterances; for utterance sp01-9三桂左成 avg. like is -81.2799 over 285 frames.
LOG (gmm-acc-stats-ali[5.5.669~1-b1d80]:main():gmm-acc-stats-ali.cc:105) Processed 10300 utterances; for utterance sp01-9三銀左不成 avg. like is -78.721 over 306 frames.
LOG (gmm-acc-stats-ali[5.5.669~1-b1d80]:main():gmm-acc-stats-ali.cc:105) Processed 10350 utterances; for utterance sp01-9九と右引 avg. like is -86.7113 over 256 frames.
LOG (gmm-acc-stats-ali[5.5.669~1-b1d80]:main():gmm-acc-stats-ali.cc:105) Processed 10400 utterances; for utterance sp01-9九桂右不成 avg. like is -83.5985 over 273 frames.
LOG (gmm-acc-stats-ali[5.5.669~1-b1d80]:main():gmm-acc-stats-ali.cc:105) Processed 10450 utterances; for utterance sp01-9九銀左上 avg. like is -80.7182 over 275 frames.
LOG (gmm-acc-stats-ali[5.5.669~1-b1d80]:main():gmm-acc-stats-ali.cc:105) Processed 10500 utterances; for utterance sp01-9二と右上 avg. like is -79.6334 over 256 frames.
LOG (gmm-acc-stats-ali[5.5.669~1-b1d80]:main():gmm-acc-stats-ali.cc:105) Processed 10550 utterances; for utterance sp01-9二桂打 avg. like is -76.7058 over 208 frames.
LOG (gmm-acc-stats-ali[5.5.669~1-b1d80]:main():gmm-acc-stats-ali.cc:105) Processed 10600 utterances; for utterance sp01-9二銀左引 avg. like is -76.241 over 283 frames.
LOG (gmm-acc-stats-ali[5.5.669~1-b1d80]:main():gmm-acc-stats-ali.cc:105) Processed 10650 utterances; for utterance sp01-9五と右 avg. like is -82.5916 over 199 frames.
LOG (gmm-acc-stats-ali[5.5.669~1-b1d80]:main():gmm-acc-stats-ali.cc:105) Processed 10700 utterances; for utterance sp01-9五歩 avg. like is -82.5662 over 131 frames.
LOG (gmm-acc-stats-ali[5.5.669~1-b1d80]:main():gmm-acc-stats-ali.cc:105) Processed 10750 utterances; for utterance sp01-9八と右 avg. like is -83.8904 over 198 frames.
LOG (gmm-acc-stats-ali[5.5.669~1-b1d80]:main():gmm-acc-stats-ali.cc:105) Processed 10800 utterances; for utterance sp01-9八桂 avg. like is -80.4659 over 146 frames.
LOG (gmm-acc-stats-ali[5.5.669~1-b1d80]:main():gmm-acc-stats-ali.cc:105) Processed 10850 utterances; for utterance sp01-9八銀右不成 avg. like is -80.6198 over 278 frames.
LOG (gmm-acc-stats-ali[5.5.669~1-b1d80]:main():gmm-acc-stats-ali.cc:105) Processed 10900 utterances; for utterance sp01-9八龍上 avg. like is -79.1783 over 200 frames.
LOG (gmm-acc-stats-ali[5.5.669~1-b1d80]:main():gmm-acc-stats-ali.cc:105) Processed 10950 utterances; for utterance sp01-9六杏左引 avg. like is -78.4786 over 312 frames.
LOG (gmm-acc-stats-ali[5.5.669~1-b1d80]:main():gmm-acc-stats-ali.cc:105) Processed 11000 utterances; for utterance sp01-9六馬右 avg. like is -80.9887 over 192 frames.
LOG (gmm-acc-stats-ali[5.5.669~1-b1d80]:main():gmm-acc-stats-ali.cc:105) Processed 11050 utterances; for utterance sp01-9四杏上 avg. like is -75.9705 over 233 frames.
LOG (gmm-acc-stats-ali[5.5.669~1-b1d80]:main():gmm-acc-stats-ali.cc:105) Processed 11100 utterances; for utterance sp01-9四飛上 avg. like is -82.6455 over 186 frames.
LOG (apply-cmvn[5.5.669~1-b1d80]:main():apply-cmvn.cc:162) Applied cepstral mean normalization to 11119 utterances, errors on 0
LOG (gmm-acc-stats-ali[5.5.669~1-b1d80]:main():gmm-acc-stats-ali.cc:112) Done 11119 files, 0 with errors.
LOG (gmm-acc-stats-ali[5.5.669~1-b1d80]:main():gmm-acc-stats-ali.cc:115) Overall avg like per frame (Gaussian only) = -81.3851 over 2624485 frames.
LOG (gmm-acc-stats-ali[5.5.669~1-b1d80]:main():gmm-acc-stats-ali.cc:123) Written accs.
# Accounting: time=2 threads=1
# Ended (code 0) at Wed Apr 15 04:27:07 JST 2020, elapsed time 2 seconds
