# acc-tree-stats --ci-phones=1:2:3:4:5:6:7:8:9:10 exp/mono_ali/final.mdl "ark,s,cs:apply-cmvn  --utt2spk=ark:data/train/split1/1/utt2spk scp:data/train/split1/1/cmvn.scp scp:data/train/split1/1/feats.scp ark:- | add-deltas  ark:- ark:- |" "ark:gunzip -c exp/mono_ali/ali.1.gz|" exp/tri1/1.treeacc 
# Started at Wed Apr 15 04:26:50 JST 2020
#
acc-tree-stats --ci-phones=1:2:3:4:5:6:7:8:9:10 exp/mono_ali/final.mdl 'ark,s,cs:apply-cmvn  --utt2spk=ark:data/train/split1/1/utt2spk scp:data/train/split1/1/cmvn.scp scp:data/train/split1/1/feats.scp ark:- | add-deltas  ark:- ark:- |' 'ark:gunzip -c exp/mono_ali/ali.1.gz|' exp/tri1/1.treeacc 
apply-cmvn --utt2spk=ark:data/train/split1/1/utt2spk scp:data/train/split1/1/cmvn.scp scp:data/train/split1/1/feats.scp ark:- 
add-deltas ark:- ark:- 
LOG (acc-tree-stats[5.5.669~1-b1d80]:main():acc-tree-stats.cc:101) Processed 1000 utterances.
LOG (acc-tree-stats[5.5.669~1-b1d80]:main():acc-tree-stats.cc:101) Processed 2000 utterances.
LOG (acc-tree-stats[5.5.669~1-b1d80]:main():acc-tree-stats.cc:101) Processed 3000 utterances.
LOG (acc-tree-stats[5.5.669~1-b1d80]:main():acc-tree-stats.cc:101) Processed 4000 utterances.
LOG (acc-tree-stats[5.5.669~1-b1d80]:main():acc-tree-stats.cc:101) Processed 5000 utterances.
LOG (acc-tree-stats[5.5.669~1-b1d80]:main():acc-tree-stats.cc:101) Processed 6000 utterances.
LOG (acc-tree-stats[5.5.669~1-b1d80]:main():acc-tree-stats.cc:101) Processed 7000 utterances.
LOG (acc-tree-stats[5.5.669~1-b1d80]:main():acc-tree-stats.cc:101) Processed 8000 utterances.
LOG (acc-tree-stats[5.5.669~1-b1d80]:main():acc-tree-stats.cc:101) Processed 9000 utterances.
LOG (acc-tree-stats[5.5.669~1-b1d80]:main():acc-tree-stats.cc:101) Processed 10000 utterances.
LOG (acc-tree-stats[5.5.669~1-b1d80]:main():acc-tree-stats.cc:101) Processed 11000 utterances.
LOG (apply-cmvn[5.5.669~1-b1d80]:main():apply-cmvn.cc:162) Applied cepstral mean normalization to 11119 utterances, errors on 0
LOG (acc-tree-stats[5.5.669~1-b1d80]:main():acc-tree-stats.cc:118) Accumulated stats for 11119 files, 0 failed due to no alignment, 0 failed for other reasons.
LOG (acc-tree-stats[5.5.669~1-b1d80]:main():acc-tree-stats.cc:121) Number of separate stats (context-dependent states) is 974
# Accounting: time=2 threads=1
# Ended (code 0) at Wed Apr 15 04:26:52 JST 2020, elapsed time 2 seconds
