# build-tree --verbose=1 --max-leaves=2000 --cluster-thresh=-1 exp/tri1/treeacc data/lang/phones/roots.int exp/tri1/questions.qst data/lang/topo exp/tri1/tree 
# Started at Wed Apr 15 04:26:52 JST 2020
#
build-tree --verbose=1 --max-leaves=2000 --cluster-thresh=-1 exp/tri1/treeacc data/lang/phones/roots.int exp/tri1/questions.qst data/lang/topo exp/tri1/tree 
LOG (build-tree[5.5.669~1-b1d80]:main():build-tree.cc:104) Number of separate statistics is 974
LOG (build-tree[5.5.669~1-b1d80]:BuildTree():build-tree.cc:161) BuildTree: before building trees, map has 39 leaves.
LOG (build-tree[5.5.669~1-b1d80]:SplitDecisionTree():build-tree-utils.cc:577) DoDecisionTreeSplit: split 711 times, #leaves now 750
LOG (build-tree[5.5.669~1-b1d80]:BuildTree():build-tree.cc:187) Setting clustering threshold to smallest split 303.891
VLOG[1] (build-tree[5.5.669~1-b1d80]:BuildTree():build-tree.cc:196) After decision tree split, num-leaves = 750, like-impr = 16.3306 per frame over 2.62448e+06 frames.
VLOG[1] (build-tree[5.5.669~1-b1d80]:BuildTree():build-tree.cc:200) Including just phones that were split, improvement is 16.3306 per frame over 2.62448e+06 frames.
LOG (build-tree[5.5.669~1-b1d80]:BuildTree():build-tree.cc:215) BuildTree: removed 9 leaves.
VLOG[1] (build-tree[5.5.669~1-b1d80]:ClusterEventMapToNClustersRestrictedByMap():build-tree-utils.cc:914) Number of non-empty clusters in map = 36
VLOG[1] (build-tree[5.5.669~1-b1d80]:ClusterEventMapToNClustersRestrictedByMap():build-tree-utils.cc:915) Number of non-empty clusters = 738
LOG (build-tree[5.5.669~1-b1d80]:BuildTree():build-tree.cc:231) BuildTree: Rounded num leaves to multiple of 8 by removing 2 leaves.
WARNING (build-tree[5.5.669~1-b1d80]:BuildTree():build-tree.cc:236) Did not get expected number of leaves: 750 - 9 - 2 != 736
WARNING (build-tree[5.5.669~1-b1d80]:BuildTree():build-tree.cc:245) num-leaves-out != num-leaves-required: 739 != 736
VLOG[1] (build-tree[5.5.669~1-b1d80]:BuildTree():build-tree.cc:256) Objf change due to clustering -0.000627933 per frame.
VLOG[1] (build-tree[5.5.669~1-b1d80]:BuildTree():build-tree.cc:259) Normalizing over only split phones, this is: -0.000627933 per frame.
VLOG[1] (build-tree[5.5.669~1-b1d80]:BuildTree():build-tree.cc:262) Num-leaves is now 739
VLOG[1] (build-tree[5.5.669~1-b1d80]:main():build-tree.cc:143) For pdf-id 36, low count 0
VLOG[1] (build-tree[5.5.669~1-b1d80]:main():build-tree.cc:143) For pdf-id 37, low count 0
VLOG[1] (build-tree[5.5.669~1-b1d80]:main():build-tree.cc:143) For pdf-id 38, low count 0
VLOG[1] (build-tree[5.5.669~1-b1d80]:main():build-tree.cc:143) For pdf-id 455, low count 87
VLOG[1] (build-tree[5.5.669~1-b1d80]:main():build-tree.cc:143) For pdf-id 630, low count 99
VLOG[1] (build-tree[5.5.669~1-b1d80]:main():build-tree.cc:143) For pdf-id 637, low count 99
VLOG[1] (build-tree[5.5.669~1-b1d80]:main():build-tree.cc:143) For pdf-id 641, low count 71
VLOG[1] (build-tree[5.5.669~1-b1d80]:main():build-tree.cc:143) For pdf-id 649, low count 77
VLOG[1] (build-tree[5.5.669~1-b1d80]:main():build-tree.cc:143) For pdf-id 655, low count 72
VLOG[1] (build-tree[5.5.669~1-b1d80]:main():build-tree.cc:143) For pdf-id 663, low count 75
VLOG[1] (build-tree[5.5.669~1-b1d80]:main():build-tree.cc:143) For pdf-id 674, low count 93
VLOG[1] (build-tree[5.5.669~1-b1d80]:main():build-tree.cc:143) For pdf-id 676, low count 78
VLOG[1] (build-tree[5.5.669~1-b1d80]:main():build-tree.cc:143) For pdf-id 693, low count 77
VLOG[1] (build-tree[5.5.669~1-b1d80]:main():build-tree.cc:143) For pdf-id 701, low count 45
VLOG[1] (build-tree[5.5.669~1-b1d80]:main():build-tree.cc:143) For pdf-id 705, low count 21
WARNING (build-tree[5.5.669~1-b1d80]:main():build-tree.cc:185) Saw no stats for following phones: 2 3 4 5 6 7 8 9 13 14 15 17 18 20 21 22 24 25 26 28 29 30 31 33 34 35 36 37 40 41 42 43 45 46 49 50 52 53 54 56 57 58 61 62 63 64 65 68 70 71 73 74 76 78 82 84 85 86 88 89 92 93 94 96 97 98 99 100 101 103 106 108 109 110 111 113 114 115 117 118 119 121 122 124 125 126 127 128 130 132 133 134 135 136 138 140 141 142 143 145 146 147 148 149 150 151 152 153 154 155 156 157 158 
LOG (build-tree[5.5.669~1-b1d80]:main():build-tree.cc:189) Wrote tree
# Accounting: time=0 threads=1
# Ended (code 0) at Wed Apr 15 04:26:52 JST 2020, elapsed time 0 seconds
