# gmm-est --mix-up=3080 --power=0.25 --write-occs=exp/tri1/5.occs exp/tri1/4.mdl "gmm-sum-accs - exp/tri1/4.*.acc |" exp/tri1/5.mdl 
# Started at Wed Apr 15 04:27:10 JST 2020
#
gmm-est --mix-up=3080 --power=0.25 --write-occs=exp/tri1/5.occs exp/tri1/4.mdl 'gmm-sum-accs - exp/tri1/4.*.acc |' exp/tri1/5.mdl 
gmm-sum-accs - exp/tri1/4.1.acc 
LOG (gmm-sum-accs[5.5.669~1-b1d80]:main():gmm-sum-accs.cc:63) Summed 1 stats, total count 2.62448e+06, avg like/frame -71.2507
LOG (gmm-sum-accs[5.5.669~1-b1d80]:main():gmm-sum-accs.cc:66) Total count of stats is 2.62448e+06
LOG (gmm-sum-accs[5.5.669~1-b1d80]:main():gmm-sum-accs.cc:67) Written stats to -
LOG (gmm-est[5.5.669~1-b1d80]:MleUpdate():transition-model.cc:528) TransitionModel::Update, objf change is 0 per frame over 2.62448e+06 frames. 
LOG (gmm-est[5.5.669~1-b1d80]:MleUpdate():transition-model.cc:531) 122 probabilities floored, 2184 out of 2921 transition-states skipped due to insuffient data (it is normal to have some skipped.)
LOG (gmm-est[5.5.669~1-b1d80]:main():gmm-est.cc:102) Transition model update: Overall 0 log-like improvement per frame over 2.62448e+06 frames.
WARNING (gmm-est[5.5.669~1-b1d80]:MleDiagGmmUpdate():mle-diag-gmm.cc:365) Gaussian has too little data but not removing it because it is the last Gaussian: i = 0, occ = 0, weight = 1
WARNING (gmm-est[5.5.669~1-b1d80]:MleDiagGmmUpdate():mle-diag-gmm.cc:365) Gaussian has too little data but not removing it because it is the last Gaussian: i = 0, occ = 0, weight = 1
WARNING (gmm-est[5.5.669~1-b1d80]:MleDiagGmmUpdate():mle-diag-gmm.cc:365) Gaussian has too little data but not removing it because it is the last Gaussian: i = 0, occ = 0, weight = 1
LOG (gmm-est[5.5.669~1-b1d80]:MleAmDiagGmmUpdate():mle-am-diag-gmm.cc:225) 6212 variance elements floored in 526 Gaussians, out of 2720
LOG (gmm-est[5.5.669~1-b1d80]:MleAmDiagGmmUpdate():mle-am-diag-gmm.cc:229) Removed 0 Gaussians due to counts < --min-gaussian-occupancy=10 and --remove-low-count-gaussians=true
LOG (gmm-est[5.5.669~1-b1d80]:main():gmm-est.cc:113) GMM update: Overall 3.27596 objective function improvement per frame over 2.62448e+06 frames
LOG (gmm-est[5.5.669~1-b1d80]:main():gmm-est.cc:116) GMM update: Overall avg like per frame = -71.2507 over 2.62448e+06 frames.
LOG (gmm-est[5.5.669~1-b1d80]:SplitByCount():am-diag-gmm.cc:116) Split 739 states with target = 3080, power = 0.25, perturb_factor = 0.01 and min_count = 20, split #Gauss from 2720 to 3080
LOG (gmm-est[5.5.669~1-b1d80]:main():gmm-est.cc:146) Written model to exp/tri1/5.mdl
# Accounting: time=0 threads=1
# Ended (code 0) at Wed Apr 15 04:27:10 JST 2020, elapsed time 0 seconds
