# gmm-est --mix-up=11000 --power=0.25 --write-occs=exp/tri1/29.occs exp/tri1/28.mdl "gmm-sum-accs - exp/tri1/28.*.acc |" exp/tri1/29.mdl 
# Started at Wed Apr 15 04:29:22 JST 2020
#
gmm-est --mix-up=11000 --power=0.25 --write-occs=exp/tri1/29.occs exp/tri1/28.mdl 'gmm-sum-accs - exp/tri1/28.*.acc |' exp/tri1/29.mdl 
gmm-sum-accs - exp/tri1/28.1.acc 
LOG (gmm-sum-accs[5.5.669~1-b1d80]:main():gmm-sum-accs.cc:63) Summed 1 stats, total count 2.62448e+06, avg like/frame -15.4752
LOG (gmm-sum-accs[5.5.669~1-b1d80]:main():gmm-sum-accs.cc:66) Total count of stats is 2.62448e+06
LOG (gmm-sum-accs[5.5.669~1-b1d80]:main():gmm-sum-accs.cc:67) Written stats to -
LOG (gmm-est[5.5.669~1-b1d80]:MleUpdate():transition-model.cc:528) TransitionModel::Update, objf change is 0 per frame over 2.62448e+06 frames. 
LOG (gmm-est[5.5.669~1-b1d80]:MleUpdate():transition-model.cc:531) 104 probabilities floored, 2185 out of 2921 transition-states skipped due to insuffient data (it is normal to have some skipped.)
LOG (gmm-est[5.5.669~1-b1d80]:main():gmm-est.cc:102) Transition model update: Overall 0 log-like improvement per frame over 2.62448e+06 frames.
WARNING (gmm-est[5.5.669~1-b1d80]:MleDiagGmmUpdate():mle-diag-gmm.cc:359) Too little data - removing Gaussian (weight 0.035336, occupation count 10.000000, vector size 39)
WARNING (gmm-est[5.5.669~1-b1d80]:MleDiagGmmUpdate():mle-diag-gmm.cc:365) Gaussian has too little data but not removing it because it is the last Gaussian: i = 0, occ = 0, weight = 1
WARNING (gmm-est[5.5.669~1-b1d80]:MleDiagGmmUpdate():mle-diag-gmm.cc:365) Gaussian has too little data but not removing it because it is the last Gaussian: i = 0, occ = 0, weight = 1
WARNING (gmm-est[5.5.669~1-b1d80]:MleDiagGmmUpdate():mle-diag-gmm.cc:365) Gaussian has too little data but not removing it because it is the last Gaussian: i = 0, occ = 0, weight = 1
WARNING (gmm-est[5.5.669~1-b1d80]:MleDiagGmmUpdate():mle-diag-gmm.cc:359) Too little data - removing Gaussian (weight 0.058378, occupation count 9.223799, vector size 39)
WARNING (gmm-est[5.5.669~1-b1d80]:MleDiagGmmUpdate():mle-diag-gmm.cc:359) Too little data - removing Gaussian (weight 0.062576, occupation count 9.886969, vector size 39)
WARNING (gmm-est[5.5.669~1-b1d80]:MleDiagGmmUpdate():mle-diag-gmm.cc:359) Too little data - removing Gaussian (weight 0.067640, occupation count 9.943130, vector size 39)
WARNING (gmm-est[5.5.669~1-b1d80]:MleDiagGmmUpdate():mle-diag-gmm.cc:359) Too little data - removing Gaussian (weight 0.000623, occupation count 1.000367, vector size 39)
WARNING (gmm-est[5.5.669~1-b1d80]:MleDiagGmmUpdate():mle-diag-gmm.cc:365) Gaussian has too little data but not removing it because it is the last Gaussian: i = 0, occ = 0, weight = 1
LOG (gmm-est[5.5.669~1-b1d80]:MleAmDiagGmmUpdate():mle-am-diag-gmm.cc:225) 98403 variance elements floored in 7055 Gaussians, out of 10996
LOG (gmm-est[5.5.669~1-b1d80]:MleAmDiagGmmUpdate():mle-am-diag-gmm.cc:229) Removed 5 Gaussians due to counts < --min-gaussian-occupancy=10 and --remove-low-count-gaussians=true
LOG (gmm-est[5.5.669~1-b1d80]:main():gmm-est.cc:113) GMM update: Overall 0.959175 objective function improvement per frame over 2.62448e+06 frames
LOG (gmm-est[5.5.669~1-b1d80]:main():gmm-est.cc:116) GMM update: Overall avg like per frame = -15.4752 over 2.62448e+06 frames.
LOG (gmm-est[5.5.669~1-b1d80]:SplitByCount():am-diag-gmm.cc:116) Split 739 states with target = 11000, power = 0.25, perturb_factor = 0.01 and min_count = 20, split #Gauss from 10996 to 11001
LOG (gmm-est[5.5.669~1-b1d80]:main():gmm-est.cc:146) Written model to exp/tri1/29.mdl
# Accounting: time=0 threads=1
# Ended (code 0) at Wed Apr 15 04:29:22 JST 2020, elapsed time 0 seconds
